11:50:45 **** Incremental Build of configuration Debug for project Stuck ****
make all 
Building file: ../SimpleStuckTest.cpp
Invoking: Cross G++ Compiler
g++ -O0 -g3 -Wall -c -fmessage-length=0 -MMD -MP -MF"SimpleStuckTest.d" -MT"SimpleStuckTest.o" -o "SimpleStuckTest.o" "../SimpleStuckTest.cpp"
../SimpleStuckTest.cpp: In function ‘int main()’:
../SimpleStuckTest.cpp:16:7: warning: variable ‘res’ set but not used [-Wunused-but-set-variable]
   16 |  bool res = false;
      |       ^~~
Finished building: ../SimpleStuckTest.cpp
 
Building target: Stuck
Invoking: Cross G++ Linker
g++  -o "Stuck"  ./SimpleStuck.o ./SimpleStuckTest.o   
Finished building target: Stuck
 
11:51:24 **** Incremental Build of configuration Debug for project Stuck ****
make all 
Building file: ../SimpleStuckTest.cpp
Invoking: Cross G++ Compiler
g++ -O0 -g3 -Wall -c -fmessage-length=0 -MMD -MP -MF"SimpleStuckTest.d" -MT"SimpleStuckTest.o" -o "SimpleStuckTest.o" "../SimpleStuckTest.cpp"
Finished building: ../SimpleStuckTest.cpp
 
Building target: Stuck
Invoking: Cross G++ Linker
g++  -o "Stuck"  ./SimpleStuck.o ./SimpleStuckTest.o   
Finished building target: Stuck
 
11:51:51 **** Incremental Build of configuration Debug for project Stuck ****
make all 
make: Nothing to be done for 'all'.
11:51:57 **** Incremental Build of configuration Debug for project Stuck ****
make all 
make: Nothing to be done for 'all'.
11:58:25 **** Incremental Build of configuration Debug for project Stuck ****
make all 
make: Nothing to be done for 'all'.
11:59:58 **** Incremental Build of configuration Debug for project Stuck ****
make all 
Building file: ../SimpleStuckTest.cpp
Invoking: Cross G++ Compiler
g++ -O0 -g3 -Wall -c -fmessage-length=0 -MMD -MP -MF"SimpleStuckTest.d" -MT"SimpleStuckTest.o" -o "SimpleStuckTest.o" "../SimpleStuckTest.cpp"
Finished building: ../SimpleStuckTest.cpp
 
Building target: Stuck
Invoking: Cross G++ Linker
g++  -o "Stuck"  ./SimpleStuck.o ./SimpleStuckTest.o   
Finished building target: Stuck
 
12:00:05 **** Incremental Build of configuration Debug for project Stuck ****
make all 
make: Nothing to be done for 'all'.
12:00:11 **** Incremental Build of configuration Debug for project Stuck ****
make all 
make: Nothing to be done for 'all'.
12:01:36 **** Incremental Build of configuration Debug for project Stuck ****
make all 
Building file: ../SimpleStuckTest.cpp
Invoking: Cross G++ Compiler
g++ -O0 -g3 -Wall -c -fmessage-length=0 -MMD -MP -MF"SimpleStuckTest.d" -MT"SimpleStuckTest.o" -o "SimpleStuckTest.o" "../SimpleStuckTest.cpp"
Finished building: ../SimpleStuckTest.cpp
 
Building target: Stuck
Invoking: Cross G++ Linker
g++  -o "Stuck"  ./SimpleStuck.o ./SimpleStuckTest.o   
Finished building target: Stuck
 
12:01:39 **** Incremental Build of configuration Debug for project Stuck ****
make all 
make: Nothing to be done for 'all'.
12:01:54 **** Incremental Build of configuration Debug for project Stuck ****
make all 
make: Nothing to be done for 'all'.
15:04:36 **** Incremental Build of configuration Debug for project Stuck ****
make all 
make: Nothing to be done for 'all'.
15:05:55 **** Incremental Build of configuration Debug for project Stuck ****
make all 
Building file: ../SimpleStuckTest.cpp
Invoking: Cross G++ Compiler
g++ -O0 -g3 -Wall -c -fmessage-length=0 -MMD -MP -MF"SimpleStuckTest.d" -MT"SimpleStuckTest.o" -o "SimpleStuckTest.o" "../SimpleStuckTest.cpp"
Finished building: ../SimpleStuckTest.cpp
 
Building target: Stuck
Invoking: Cross G++ Linker
g++  -o "Stuck"  ./SimpleStuck.o ./SimpleStuckTest.o   
Finished building target: Stuck
 
15:06:00 **** Incremental Build of configuration Debug for project Stuck ****
make all 
make: Nothing to be done for 'all'.
15:07:58 **** Incremental Build of configuration Debug for project Stuck ****
make all 
Building file: ../SimpleStuckTest.cpp
Invoking: Cross G++ Compiler
g++ -O0 -g3 -Wall -c -fmessage-length=0 -MMD -MP -MF"SimpleStuckTest.d" -MT"SimpleStuckTest.o" -o "SimpleStuckTest.o" "../SimpleStuckTest.cpp"
Finished building: ../SimpleStuckTest.cpp
 
Building target: Stuck
Invoking: Cross G++ Linker
g++  -o "Stuck"  ./SimpleStuck.o ./SimpleStuckTest.o   
Finished building target: Stuck
 
10:03:31 **** Incremental Build of configuration Debug for project Stuck ****
make all 
Building file: ../SimpleStuck.cpp
Invoking: Cross G++ Compiler
g++ -O0 -g3 -Wall -c -fmessage-length=0 -MMD -MP -MF"SimpleStuck.d" -MT"SimpleStuck.o" -o "SimpleStuck.o" "../SimpleStuck.cpp"
In file included from ../SimpleStuck.cpp:8:
../SimpleStuck.h:28:22: error: data member ‘storage’ cannot be a member template
   28 |  std::list<T> storage;
      |                      ^
../SimpleStuck.cpp: In member function ‘virtual bool SimpleStuck::IsEmpty()’:
../SimpleStuck.cpp:21:9: error: ‘storage’ was not declared in this scope
   21 |  return storage.empty();
      |         ^~~~~~~
../SimpleStuck.cpp: In member function ‘virtual void SimpleStuck::Push(int)’:
../SimpleStuck.cpp:26:2: error: ‘storage’ was not declared in this scope
   26 |  storage.push_back(num);
      |  ^~~~~~~
../SimpleStuck.cpp: In member function ‘virtual void SimpleStuck::Pop()’:
../SimpleStuck.cpp:31:2: error: ‘storage’ was not declared in this scope
   31 |  storage.pop_back();
      |  ^~~~~~~
../SimpleStuck.cpp: In member function ‘virtual int SimpleStuck::Peek()’:
../SimpleStuck.cpp:36:9: error: ‘storage’ was not declared in this scope
   36 |  return storage.back();
      |         ^~~~~~~
../SimpleStuck.cpp: In member function ‘virtual int SimpleStuck::size()’:
../SimpleStuck.cpp:41:9: error: ‘storage’ was not declared in this scope
   41 |  return storage.size();
      |         ^~~~~~~
make: *** [subdir.mk:23: SimpleStuck.o] Error 1
"make all" terminated with exit code 2. Build might be incomplete.
10:04:14 **** Incremental Build of configuration Debug for project Stuck ****
make all 
Building file: ../SimpleStuck.cpp
Invoking: Cross G++ Compiler
g++ -O0 -g3 -Wall -c -fmessage-length=0 -MMD -MP -MF"SimpleStuck.d" -MT"SimpleStuck.o" -o "SimpleStuck.o" "../SimpleStuck.cpp"
In file included from ../SimpleStuck.cpp:8:
../SimpleStuck.h:28:11: error: declaration of template parameter ‘T’ shadows template parameter
   28 |  template<class T>
      |           ^~~~~
../SimpleStuck.h:15:10: note: template parameter ‘T’ declared here
   15 | template<class T>
      |          ^~~~~
../SimpleStuck.h:29:22: error: data member ‘storage’ cannot be a member template
   29 |  std::list<T> storage;
      |                      ^
../SimpleStuck.cpp:10:1: error: invalid use of template-name ‘SimpleStuck’ without an argument list
   10 | SimpleStuck::SimpleStuck() {
      | ^~~~~~~~~~~
../SimpleStuck.cpp:10:1: note: class template argument deduction is only available with ‘-std=c++17’ or ‘-std=gnu++17’
In file included from ../SimpleStuck.cpp:8:
../SimpleStuck.h:16:7: note: ‘template<class T> class SimpleStuck’ declared here
   16 | class SimpleStuck {
      |       ^~~~~~~~~~~
../SimpleStuck.cpp:15:1: error: invalid use of template-name ‘SimpleStuck’ without an argument list
   15 | SimpleStuck::~SimpleStuck() {
      | ^~~~~~~~~~~
../SimpleStuck.cpp:15:1: note: class template argument deduction is only available with ‘-std=c++17’ or ‘-std=gnu++17’
In file included from ../SimpleStuck.cpp:8:
../SimpleStuck.h:16:7: note: ‘template<class T> class SimpleStuck’ declared here
   16 | class SimpleStuck {
      |       ^~~~~~~~~~~
../SimpleStuck.cpp:19:6: error: ‘template<class T> class SimpleStuck’ used without template arguments
   19 | bool SimpleStuck::IsEmpty()
      |      ^~~~~~~~~~~
../SimpleStuck.cpp: In function ‘bool IsEmpty()’:
../SimpleStuck.cpp:21:9: error: ‘storage’ was not declared in this scope
   21 |  return storage.empty();
      |         ^~~~~~~
../SimpleStuck.cpp: At global scope:
../SimpleStuck.cpp:24:6: error: ‘template<class T> class SimpleStuck’ used without template arguments
   24 | void SimpleStuck::Push(int num)
      |      ^~~~~~~~~~~
../SimpleStuck.cpp: In function ‘void Push(int)’:
../SimpleStuck.cpp:26:2: error: ‘storage’ was not declared in this scope
   26 |  storage.push_back(num);
      |  ^~~~~~~
../SimpleStuck.cpp: At global scope:
../SimpleStuck.cpp:29:6: error: ‘template<class T> class SimpleStuck’ used without template arguments
   29 | void SimpleStuck::Pop()
      |      ^~~~~~~~~~~
../SimpleStuck.cpp: In function ‘void Pop()’:
../SimpleStuck.cpp:31:2: error: ‘storage’ was not declared in this scope
   31 |  storage.pop_back();
      |  ^~~~~~~
../SimpleStuck.cpp: At global scope:
../SimpleStuck.cpp:34:5: error: ‘template<class T> class SimpleStuck’ used without template arguments
   34 | int SimpleStuck::Peek()
      |     ^~~~~~~~~~~
../SimpleStuck.cpp: In function ‘int Peek()’:
../SimpleStuck.cpp:36:9: error: ‘storage’ was not declared in this scope
   36 |  return storage.back();
      |         ^~~~~~~
../SimpleStuck.cpp: At global scope:
../SimpleStuck.cpp:39:5: error: ‘template<class T> class SimpleStuck’ used without template arguments
   39 | int SimpleStuck::size()
      |     ^~~~~~~~~~~
../SimpleStuck.cpp: In function ‘int size()’:
../SimpleStuck.cpp:41:9: error: ‘storage’ was not declared in this scope
   41 |  return storage.size();
      |         ^~~~~~~
make: *** [subdir.mk:23: SimpleStuck.o] Error 1
"make all" terminated with exit code 2. Build might be incomplete.
10:04:20 **** Incremental Build of configuration Debug for project Stuck ****
make all 
Building file: ../SimpleStuck.cpp
Invoking: Cross G++ Compiler
g++ -O0 -g3 -Wall -c -fmessage-length=0 -MMD -MP -MF"SimpleStuck.d" -MT"SimpleStuck.o" -o "SimpleStuck.o" "../SimpleStuck.cpp"
../SimpleStuck.cpp:10:1: error: invalid use of template-name ‘SimpleStuck’ without an argument list
   10 | SimpleStuck::SimpleStuck() {
      | ^~~~~~~~~~~
../SimpleStuck.cpp:10:1: note: class template argument deduction is only available with ‘-std=c++17’ or ‘-std=gnu++17’
In file included from ../SimpleStuck.cpp:8:
../SimpleStuck.h:16:7: note: ‘template<class T> class SimpleStuck’ declared here
   16 | class SimpleStuck {
      |       ^~~~~~~~~~~
../SimpleStuck.cpp:15:1: error: invalid use of template-name ‘SimpleStuck’ without an argument list
   15 | SimpleStuck::~SimpleStuck() {
      | ^~~~~~~~~~~
../SimpleStuck.cpp:15:1: note: class template argument deduction is only available with ‘-std=c++17’ or ‘-std=gnu++17’
In file included from ../SimpleStuck.cpp:8:
../SimpleStuck.h:16:7: note: ‘template<class T> class SimpleStuck’ declared here
   16 | class SimpleStuck {
      |       ^~~~~~~~~~~
../SimpleStuck.cpp:19:6: error: ‘template<class T> class SimpleStuck’ used without template arguments
   19 | bool SimpleStuck::IsEmpty()
      |      ^~~~~~~~~~~
../SimpleStuck.cpp: In function ‘bool IsEmpty()’:
../SimpleStuck.cpp:21:9: error: ‘storage’ was not declared in this scope
   21 |  return storage.empty();
      |         ^~~~~~~
../SimpleStuck.cpp: At global scope:
../SimpleStuck.cpp:24:6: error: ‘template<class T> class SimpleStuck’ used without template arguments
   24 | void SimpleStuck::Push(int num)
      |      ^~~~~~~~~~~
../SimpleStuck.cpp: In function ‘void Push(int)’:
../SimpleStuck.cpp:26:2: error: ‘storage’ was not declared in this scope
   26 |  storage.push_back(num);
      |  ^~~~~~~
../SimpleStuck.cpp: At global scope:
../SimpleStuck.cpp:29:6: error: ‘template<class T> class SimpleStuck’ used without template arguments
   29 | void SimpleStuck::Pop()
      |      ^~~~~~~~~~~
../SimpleStuck.cpp: In function ‘void Pop()’:
../SimpleStuck.cpp:31:2: error: ‘storage’ was not declared in this scope
   31 |  storage.pop_back();
      |  ^~~~~~~
../SimpleStuck.cpp: At global scope:
../SimpleStuck.cpp:34:5: error: ‘template<class T> class SimpleStuck’ used without template arguments
   34 | int SimpleStuck::Peek()
      |     ^~~~~~~~~~~
../SimpleStuck.cpp: In function ‘int Peek()’:
../SimpleStuck.cpp:36:9: error: ‘storage’ was not declared in this scope
   36 |  return storage.back();
      |         ^~~~~~~
../SimpleStuck.cpp: At global scope:
../SimpleStuck.cpp:39:5: error: ‘template<class T> class SimpleStuck’ used without template arguments
   39 | int SimpleStuck::size()
      |     ^~~~~~~~~~~
../SimpleStuck.cpp: In function ‘int size()’:
../SimpleStuck.cpp:41:9: error: ‘storage’ was not declared in this scope
   41 |  return storage.size();
      |         ^~~~~~~
make: *** [subdir.mk:23: SimpleStuck.o] Error 1
"make all" terminated with exit code 2. Build might be incomplete.
10:04:42 **** Incremental Build of configuration Debug for project Stuck ****
make all 
Building file: ../SimpleStuck.cpp
Invoking: Cross G++ Compiler
g++ -O0 -g3 -Wall -c -fmessage-length=0 -MMD -MP -MF"SimpleStuck.d" -MT"SimpleStuck.o" -o "SimpleStuck.o" "../SimpleStuck.cpp"
../SimpleStuck.cpp:10:1: error: invalid use of template-name ‘SimpleStuck’ without an argument list
   10 | SimpleStuck::SimpleStuck() {
      | ^~~~~~~~~~~
../SimpleStuck.cpp:10:1: note: class template argument deduction is only available with ‘-std=c++17’ or ‘-std=gnu++17’
In file included from ../SimpleStuck.cpp:8:
../SimpleStuck.h:16:7: note: ‘template<class T> class SimpleStuck’ declared here
   16 | class SimpleStuck {
      |       ^~~~~~~~~~~
../SimpleStuck.cpp:15:1: error: invalid use of template-name ‘SimpleStuck’ without an argument list
   15 | SimpleStuck::~SimpleStuck() {
      | ^~~~~~~~~~~
../SimpleStuck.cpp:15:1: note: class template argument deduction is only available with ‘-std=c++17’ or ‘-std=gnu++17’
In file included from ../SimpleStuck.cpp:8:
../SimpleStuck.h:16:7: note: ‘template<class T> class SimpleStuck’ declared here
   16 | class SimpleStuck {
      |       ^~~~~~~~~~~
../SimpleStuck.cpp:19:6: error: ‘template<class T> class SimpleStuck’ used without template arguments
   19 | bool SimpleStuck::IsEmpty()
      |      ^~~~~~~~~~~
../SimpleStuck.cpp: In function ‘bool IsEmpty()’:
../SimpleStuck.cpp:21:9: error: ‘storage’ was not declared in this scope
   21 |  return storage.empty();
      |         ^~~~~~~
../SimpleStuck.cpp: At global scope:
../SimpleStuck.cpp:24:6: error: ‘template<class T> class SimpleStuck’ used without template arguments
   24 | void SimpleStuck::Push(int num)
      |      ^~~~~~~~~~~
../SimpleStuck.cpp: In function ‘void Push(int)’:
../SimpleStuck.cpp:26:2: error: ‘storage’ was not declared in this scope
   26 |  storage.push_back(num);
      |  ^~~~~~~
../SimpleStuck.cpp: At global scope:
../SimpleStuck.cpp:29:6: error: ‘template<class T> class SimpleStuck’ used without template arguments
   29 | void SimpleStuck::Pop()
      |      ^~~~~~~~~~~
../SimpleStuck.cpp: In function ‘void Pop()’:
../SimpleStuck.cpp:31:2: error: ‘storage’ was not declared in this scope
   31 |  storage.pop_back();
      |  ^~~~~~~
../SimpleStuck.cpp: At global scope:
../SimpleStuck.cpp:34:5: error: ‘template<class T> class SimpleStuck’ used without template arguments
   34 | int SimpleStuck::Peek()
      |     ^~~~~~~~~~~
../SimpleStuck.cpp: In function ‘int Peek()’:
../SimpleStuck.cpp:36:9: error: ‘storage’ was not declared in this scope
   36 |  return storage.back();
      |         ^~~~~~~
../SimpleStuck.cpp: At global scope:
../SimpleStuck.cpp:39:5: error: ‘template<class T> class SimpleStuck’ used without template arguments
   39 | int SimpleStuck::size()
      |     ^~~~~~~~~~~
../SimpleStuck.cpp: In function ‘int size()’:
../SimpleStuck.cpp:41:9: error: ‘storage’ was not declared in this scope
   41 |  return storage.size();
      |         ^~~~~~~
make: *** [subdir.mk:23: SimpleStuck.o] Error 1
"make all" terminated with exit code 2. Build might be incomplete.
10:05:46 **** Incremental Build of configuration Debug for project Stuck ****
make all 
Building file: ../SimpleStuck.cpp
Invoking: Cross G++ Compiler
g++ -O0 -g3 -Wall -c -fmessage-length=0 -MMD -MP -MF"SimpleStuck.d" -MT"SimpleStuck.o" -o "SimpleStuck.o" "../SimpleStuck.cpp"
In file included from ../SimpleStuck.cpp:8:
../SimpleStuck.h:21:11: error: declaration of template parameter ‘T’ shadows template parameter
   21 |  template<class T>
      |           ^~~~~
../SimpleStuck.h:15:10: note: template parameter ‘T’ declared here
   15 | template<class T>
      |          ^~~~~
../SimpleStuck.h:22:2: error: templates may not be ‘virtual’
   22 |  virtual void Push(T);
      |  ^~~~~~~
../SimpleStuck.cpp:10:1: error: invalid use of template-name ‘SimpleStuck’ without an argument list
   10 | SimpleStuck::SimpleStuck() {
      | ^~~~~~~~~~~
../SimpleStuck.cpp:10:1: note: class template argument deduction is only available with ‘-std=c++17’ or ‘-std=gnu++17’
In file included from ../SimpleStuck.cpp:8:
../SimpleStuck.h:16:7: note: ‘template<class T> class SimpleStuck’ declared here
   16 | class SimpleStuck {
      |       ^~~~~~~~~~~
../SimpleStuck.cpp:15:1: error: invalid use of template-name ‘SimpleStuck’ without an argument list
   15 | SimpleStuck::~SimpleStuck() {
      | ^~~~~~~~~~~
../SimpleStuck.cpp:15:1: note: class template argument deduction is only available with ‘-std=c++17’ or ‘-std=gnu++17’
In file included from ../SimpleStuck.cpp:8:
../SimpleStuck.h:16:7: note: ‘template<class T> class SimpleStuck’ declared here
   16 | class SimpleStuck {
      |       ^~~~~~~~~~~
../SimpleStuck.cpp:19:6: error: ‘template<class T> class SimpleStuck’ used without template arguments
   19 | bool SimpleStuck::IsEmpty()
      |      ^~~~~~~~~~~
../SimpleStuck.cpp: In function ‘bool IsEmpty()’:
../SimpleStuck.cpp:21:9: error: ‘storage’ was not declared in this scope
   21 |  return storage.empty();
      |         ^~~~~~~
../SimpleStuck.cpp: At global scope:
../SimpleStuck.cpp:24:6: error: ‘template<class T> class SimpleStuck’ used without template arguments
   24 | void SimpleStuck::Push(int num)
      |      ^~~~~~~~~~~
../SimpleStuck.cpp: In function ‘void Push(int)’:
../SimpleStuck.cpp:26:2: error: ‘storage’ was not declared in this scope
   26 |  storage.push_back(num);
      |  ^~~~~~~
../SimpleStuck.cpp: At global scope:
../SimpleStuck.cpp:29:6: error: ‘template<class T> class SimpleStuck’ used without template arguments
   29 | void SimpleStuck::Pop()
      |      ^~~~~~~~~~~
../SimpleStuck.cpp: In function ‘void Pop()’:
../SimpleStuck.cpp:31:2: error: ‘storage’ was not declared in this scope
   31 |  storage.pop_back();
      |  ^~~~~~~
../SimpleStuck.cpp: At global scope:
../SimpleStuck.cpp:34:5: error: ‘template<class T> class SimpleStuck’ used without template arguments
   34 | int SimpleStuck::Peek()
      |     ^~~~~~~~~~~
../SimpleStuck.cpp: In function ‘int Peek()’:
../SimpleStuck.cpp:36:9: error: ‘storage’ was not declared in this scope
   36 |  return storage.back();
      |         ^~~~~~~
../SimpleStuck.cpp: At global scope:
../SimpleStuck.cpp:39:5: error: ‘template<class T> class SimpleStuck’ used without template arguments
   39 | int SimpleStuck::size()
      |     ^~~~~~~~~~~
../SimpleStuck.cpp: In function ‘int size()’:
../SimpleStuck.cpp:41:9: error: ‘storage’ was not declared in this scope
   41 |  return storage.size();
      |         ^~~~~~~
make: *** [subdir.mk:23: SimpleStuck.o] Error 1
"make all" terminated with exit code 2. Build might be incomplete.
10:06:12 **** Incremental Build of configuration Debug for project Stuck ****
make all 
Building file: ../SimpleStuck.cpp
Invoking: Cross G++ Compiler
g++ -O0 -g3 -Wall -c -fmessage-length=0 -MMD -MP -MF"SimpleStuck.d" -MT"SimpleStuck.o" -o "SimpleStuck.o" "../SimpleStuck.cpp"
In file included from ../SimpleStuck.cpp:8:
../SimpleStuck.h:21:11: error: declaration of template parameter ‘T’ shadows template parameter
   21 |  template<typename T>
      |           ^~~~~~~~
../SimpleStuck.h:15:10: note: template parameter ‘T’ declared here
   15 | template<class T>
      |          ^~~~~
../SimpleStuck.h:22:2: error: templates may not be ‘virtual’
   22 |  virtual void Push(T);
      |  ^~~~~~~
../SimpleStuck.cpp:10:1: error: invalid use of template-name ‘SimpleStuck’ without an argument list
   10 | SimpleStuck::SimpleStuck() {
      | ^~~~~~~~~~~
../SimpleStuck.cpp:10:1: note: class template argument deduction is only available with ‘-std=c++17’ or ‘-std=gnu++17’
In file included from ../SimpleStuck.cpp:8:
../SimpleStuck.h:16:7: note: ‘template<class T> class SimpleStuck’ declared here
   16 | class SimpleStuck {
      |       ^~~~~~~~~~~
../SimpleStuck.cpp:15:1: error: invalid use of template-name ‘SimpleStuck’ without an argument list
   15 | SimpleStuck::~SimpleStuck() {
      | ^~~~~~~~~~~
../SimpleStuck.cpp:15:1: note: class template argument deduction is only available with ‘-std=c++17’ or ‘-std=gnu++17’
In file included from ../SimpleStuck.cpp:8:
../SimpleStuck.h:16:7: note: ‘template<class T> class SimpleStuck’ declared here
   16 | class SimpleStuck {
      |       ^~~~~~~~~~~
../SimpleStuck.cpp:19:6: error: ‘template<class T> class SimpleStuck’ used without template arguments
   19 | bool SimpleStuck::IsEmpty()
      |      ^~~~~~~~~~~
../SimpleStuck.cpp: In function ‘bool IsEmpty()’:
../SimpleStuck.cpp:21:9: error: ‘storage’ was not declared in this scope
   21 |  return storage.empty();
      |         ^~~~~~~
../SimpleStuck.cpp: At global scope:
../SimpleStuck.cpp:24:6: error: ‘template<class T> class SimpleStuck’ used without template arguments
   24 | void SimpleStuck::Push(int num)
      |      ^~~~~~~~~~~
../SimpleStuck.cpp: In function ‘void Push(int)’:
../SimpleStuck.cpp:26:2: error: ‘storage’ was not declared in this scope
   26 |  storage.push_back(num);
      |  ^~~~~~~
../SimpleStuck.cpp: At global scope:
../SimpleStuck.cpp:29:6: error: ‘template<class T> class SimpleStuck’ used without template arguments
   29 | void SimpleStuck::Pop()
      |      ^~~~~~~~~~~
../SimpleStuck.cpp: In function ‘void Pop()’:
../SimpleStuck.cpp:31:2: error: ‘storage’ was not declared in this scope
   31 |  storage.pop_back();
      |  ^~~~~~~
../SimpleStuck.cpp: At global scope:
../SimpleStuck.cpp:34:5: error: ‘template<class T> class SimpleStuck’ used without template arguments
   34 | int SimpleStuck::Peek()
      |     ^~~~~~~~~~~
../SimpleStuck.cpp: In function ‘int Peek()’:
../SimpleStuck.cpp:36:9: error: ‘storage’ was not declared in this scope
   36 |  return storage.back();
      |         ^~~~~~~
../SimpleStuck.cpp: At global scope:
../SimpleStuck.cpp:39:5: error: ‘template<class T> class SimpleStuck’ used without template arguments
   39 | int SimpleStuck::size()
      |     ^~~~~~~~~~~
../SimpleStuck.cpp: In function ‘int size()’:
../SimpleStuck.cpp:41:9: error: ‘storage’ was not declared in this scope
   41 |  return storage.size();
      |         ^~~~~~~
make: *** [subdir.mk:23: SimpleStuck.o] Error 1
"make all" terminated with exit code 2. Build might be incomplete.
10:06:38 **** Incremental Build of configuration Debug for project Stuck ****
make all 
Building file: ../SimpleStuck.cpp
Invoking: Cross G++ Compiler
g++ -O0 -g3 -Wall -c -fmessage-length=0 -MMD -MP -MF"SimpleStuck.d" -MT"SimpleStuck.o" -o "SimpleStuck.o" "../SimpleStuck.cpp"
../SimpleStuck.cpp:10:1: error: invalid use of template-name ‘SimpleStuck’ without an argument list
   10 | SimpleStuck::SimpleStuck() {
      | ^~~~~~~~~~~
../SimpleStuck.cpp:10:1: note: class template argument deduction is only available with ‘-std=c++17’ or ‘-std=gnu++17’
In file included from ../SimpleStuck.cpp:8:
../SimpleStuck.h:16:7: note: ‘template<class T> class SimpleStuck’ declared here
   16 | class SimpleStuck {
      |       ^~~~~~~~~~~
../SimpleStuck.cpp:15:1: error: invalid use of template-name ‘SimpleStuck’ without an argument list
   15 | SimpleStuck::~SimpleStuck() {
      | ^~~~~~~~~~~
../SimpleStuck.cpp:15:1: note: class template argument deduction is only available with ‘-std=c++17’ or ‘-std=gnu++17’
In file included from ../SimpleStuck.cpp:8:
../SimpleStuck.h:16:7: note: ‘template<class T> class SimpleStuck’ declared here
   16 | class SimpleStuck {
      |       ^~~~~~~~~~~
../SimpleStuck.cpp:19:6: error: ‘template<class T> class SimpleStuck’ used without template arguments
   19 | bool SimpleStuck::IsEmpty()
      |      ^~~~~~~~~~~
../SimpleStuck.cpp: In function ‘bool IsEmpty()’:
../SimpleStuck.cpp:21:9: error: ‘storage’ was not declared in this scope
   21 |  return storage.empty();
      |         ^~~~~~~
../SimpleStuck.cpp: At global scope:
../SimpleStuck.cpp:24:6: error: ‘template<class T> class SimpleStuck’ used without template arguments
   24 | void SimpleStuck::Push(int num)
      |      ^~~~~~~~~~~
../SimpleStuck.cpp: In function ‘void Push(int)’:
../SimpleStuck.cpp:26:2: error: ‘storage’ was not declared in this scope
   26 |  storage.push_back(num);
      |  ^~~~~~~
../SimpleStuck.cpp: At global scope:
../SimpleStuck.cpp:29:6: error: ‘template<class T> class SimpleStuck’ used without template arguments
   29 | void SimpleStuck::Pop()
      |      ^~~~~~~~~~~
../SimpleStuck.cpp: In function ‘void Pop()’:
../SimpleStuck.cpp:31:2: error: ‘storage’ was not declared in this scope
   31 |  storage.pop_back();
      |  ^~~~~~~
../SimpleStuck.cpp: At global scope:
../SimpleStuck.cpp:34:5: error: ‘template<class T> class SimpleStuck’ used without template arguments
   34 | int SimpleStuck::Peek()
      |     ^~~~~~~~~~~
../SimpleStuck.cpp: In function ‘int Peek()’:
../SimpleStuck.cpp:36:9: error: ‘storage’ was not declared in this scope
   36 |  return storage.back();
      |         ^~~~~~~
../SimpleStuck.cpp: At global scope:
../SimpleStuck.cpp:39:5: error: ‘template<class T> class SimpleStuck’ used without template arguments
   39 | int SimpleStuck::size()
      |     ^~~~~~~~~~~
../SimpleStuck.cpp: In function ‘int size()’:
../SimpleStuck.cpp:41:9: error: ‘storage’ was not declared in this scope
   41 |  return storage.size();
      |         ^~~~~~~
make: *** [subdir.mk:23: SimpleStuck.o] Error 1
"make all" terminated with exit code 2. Build might be incomplete.
10:06:41 **** Incremental Build of configuration Debug for project Stuck ****
make all 
Building file: ../SimpleStuck.cpp
Invoking: Cross G++ Compiler
g++ -O0 -g3 -Wall -c -fmessage-length=0 -MMD -MP -MF"SimpleStuck.d" -MT"SimpleStuck.o" -o "SimpleStuck.o" "../SimpleStuck.cpp"
../SimpleStuck.cpp:10:1: error: invalid use of template-name ‘SimpleStuck’ without an argument list
   10 | SimpleStuck::SimpleStuck() {
      | ^~~~~~~~~~~
../SimpleStuck.cpp:10:1: note: class template argument deduction is only available with ‘-std=c++17’ or ‘-std=gnu++17’
In file included from ../SimpleStuck.cpp:8:
../SimpleStuck.h:16:7: note: ‘template<class T> class SimpleStuck’ declared here
   16 | class SimpleStuck {
      |       ^~~~~~~~~~~
../SimpleStuck.cpp:15:1: error: invalid use of template-name ‘SimpleStuck’ without an argument list
   15 | SimpleStuck::~SimpleStuck() {
      | ^~~~~~~~~~~
../SimpleStuck.cpp:15:1: note: class template argument deduction is only available with ‘-std=c++17’ or ‘-std=gnu++17’
In file included from ../SimpleStuck.cpp:8:
../SimpleStuck.h:16:7: note: ‘template<class T> class SimpleStuck’ declared here
   16 | class SimpleStuck {
      |       ^~~~~~~~~~~
../SimpleStuck.cpp:19:6: error: ‘template<class T> class SimpleStuck’ used without template arguments
   19 | bool SimpleStuck::IsEmpty()
      |      ^~~~~~~~~~~
../SimpleStuck.cpp: In function ‘bool IsEmpty()’:
../SimpleStuck.cpp:21:9: error: ‘storage’ was not declared in this scope
   21 |  return storage.empty();
      |         ^~~~~~~
../SimpleStuck.cpp: At global scope:
../SimpleStuck.cpp:24:6: error: ‘template<class T> class SimpleStuck’ used without template arguments
   24 | void SimpleStuck::Push(int num)
      |      ^~~~~~~~~~~
../SimpleStuck.cpp: In function ‘void Push(int)’:
../SimpleStuck.cpp:26:2: error: ‘storage’ was not declared in this scope
   26 |  storage.push_back(num);
      |  ^~~~~~~
../SimpleStuck.cpp: At global scope:
../SimpleStuck.cpp:29:6: error: ‘template<class T> class SimpleStuck’ used without template arguments
   29 | void SimpleStuck::Pop()
      |      ^~~~~~~~~~~
../SimpleStuck.cpp: In function ‘void Pop()’:
../SimpleStuck.cpp:31:2: error: ‘storage’ was not declared in this scope
   31 |  storage.pop_back();
      |  ^~~~~~~
../SimpleStuck.cpp: At global scope:
../SimpleStuck.cpp:34:5: error: ‘template<class T> class SimpleStuck’ used without template arguments
   34 | int SimpleStuck::Peek()
      |     ^~~~~~~~~~~
../SimpleStuck.cpp: In function ‘int Peek()’:
../SimpleStuck.cpp:36:9: error: ‘storage’ was not declared in this scope
   36 |  return storage.back();
      |         ^~~~~~~
../SimpleStuck.cpp: At global scope:
../SimpleStuck.cpp:39:5: error: ‘template<class T> class SimpleStuck’ used without template arguments
   39 | int SimpleStuck::size()
      |     ^~~~~~~~~~~
../SimpleStuck.cpp: In function ‘int size()’:
../SimpleStuck.cpp:41:9: error: ‘storage’ was not declared in this scope
   41 |  return storage.size();
      |         ^~~~~~~
make: *** [subdir.mk:23: SimpleStuck.o] Error 1
"make all" terminated with exit code 2. Build might be incomplete.
10:08:24 **** Incremental Build of configuration Debug for project Stuck ****
make all 
Building file: ../SimpleStuck.cpp
Invoking: Cross G++ Compiler
g++ -O0 -g3 -Wall -c -fmessage-length=0 -MMD -MP -MF"SimpleStuck.d" -MT"SimpleStuck.o" -o "SimpleStuck.o" "../SimpleStuck.cpp"
../SimpleStuck.cpp:10:1: error: invalid use of template-name ‘SimpleStuck’ without an argument list
   10 | SimpleStuck::SimpleStuck() {
      | ^~~~~~~~~~~
../SimpleStuck.cpp:10:1: note: class template argument deduction is only available with ‘-std=c++17’ or ‘-std=gnu++17’
In file included from ../SimpleStuck.cpp:8:
../SimpleStuck.h:16:7: note: ‘template<class T> class SimpleStuck’ declared here
   16 | class SimpleStuck {
      |       ^~~~~~~~~~~
../SimpleStuck.cpp:15:1: error: invalid use of template-name ‘SimpleStuck’ without an argument list
   15 | SimpleStuck::~SimpleStuck() {
      | ^~~~~~~~~~~
../SimpleStuck.cpp:15:1: note: class template argument deduction is only available with ‘-std=c++17’ or ‘-std=gnu++17’
In file included from ../SimpleStuck.cpp:8:
../SimpleStuck.h:16:7: note: ‘template<class T> class SimpleStuck’ declared here
   16 | class SimpleStuck {
      |       ^~~~~~~~~~~
../SimpleStuck.cpp:19:6: error: ‘template<class T> class SimpleStuck’ used without template arguments
   19 | bool SimpleStuck::IsEmpty()
      |      ^~~~~~~~~~~
../SimpleStuck.cpp: In function ‘bool IsEmpty()’:
../SimpleStuck.cpp:21:9: error: ‘storage’ was not declared in this scope
   21 |  return storage.empty();
      |         ^~~~~~~
../SimpleStuck.cpp: At global scope:
../SimpleStuck.cpp:24:6: error: ‘template<class T> class SimpleStuck’ used without template arguments
   24 | void SimpleStuck::Push(int num)
      |      ^~~~~~~~~~~
../SimpleStuck.cpp: In function ‘void Push(int)’:
../SimpleStuck.cpp:26:2: error: ‘storage’ was not declared in this scope
   26 |  storage.push_back(num);
      |  ^~~~~~~
../SimpleStuck.cpp: At global scope:
../SimpleStuck.cpp:29:6: error: ‘template<class T> class SimpleStuck’ used without template arguments
   29 | void SimpleStuck::Pop()
      |      ^~~~~~~~~~~
../SimpleStuck.cpp: In function ‘void Pop()’:
../SimpleStuck.cpp:31:2: error: ‘storage’ was not declared in this scope
   31 |  storage.pop_back();
      |  ^~~~~~~
../SimpleStuck.cpp: At global scope:
../SimpleStuck.cpp:34:5: error: ‘template<class T> class SimpleStuck’ used without template arguments
   34 | int SimpleStuck::Peek()
      |     ^~~~~~~~~~~
../SimpleStuck.cpp: In function ‘int Peek()’:
../SimpleStuck.cpp:36:9: error: ‘storage’ was not declared in this scope
   36 |  return storage.back();
      |         ^~~~~~~
../SimpleStuck.cpp: At global scope:
../SimpleStuck.cpp:39:5: error: ‘template<class T> class SimpleStuck’ used without template arguments
   39 | int SimpleStuck::size()
      |     ^~~~~~~~~~~
../SimpleStuck.cpp: In function ‘int size()’:
../SimpleStuck.cpp:41:9: error: ‘storage’ was not declared in this scope
   41 |  return storage.size();
      |         ^~~~~~~
make: *** [subdir.mk:23: SimpleStuck.o] Error 1
"make all" terminated with exit code 2. Build might be incomplete.
10:09:16 **** Incremental Build of configuration Debug for project Stuck ****
make all 
Building file: ../SimpleStuck.cpp
Invoking: Cross G++ Compiler
g++ -O0 -g3 -Wall -c -fmessage-length=0 -MMD -MP -MF"SimpleStuck.d" -MT"SimpleStuck.o" -o "SimpleStuck.o" "../SimpleStuck.cpp"
../SimpleStuck.cpp:10:1: error: invalid use of template-name ‘SimpleStuck’ without an argument list
   10 | SimpleStuck::SimpleStuck() {
      | ^~~~~~~~~~~
../SimpleStuck.cpp:10:1: note: class template argument deduction is only available with ‘-std=c++17’ or ‘-std=gnu++17’
In file included from ../SimpleStuck.cpp:8:
../SimpleStuck.h:16:7: note: ‘template<class T> class SimpleStuck’ declared here
   16 | class SimpleStuck {
      |       ^~~~~~~~~~~
../SimpleStuck.cpp:15:1: error: invalid use of template-name ‘SimpleStuck’ without an argument list
   15 | SimpleStuck::~SimpleStuck() {
      | ^~~~~~~~~~~
../SimpleStuck.cpp:15:1: note: class template argument deduction is only available with ‘-std=c++17’ or ‘-std=gnu++17’
In file included from ../SimpleStuck.cpp:8:
../SimpleStuck.h:16:7: note: ‘template<class T> class SimpleStuck’ declared here
   16 | class SimpleStuck {
      |       ^~~~~~~~~~~
../SimpleStuck.cpp:19:6: error: ‘template<class T> class SimpleStuck’ used without template arguments
   19 | bool SimpleStuck::IsEmpty()
      |      ^~~~~~~~~~~
../SimpleStuck.cpp: In function ‘bool IsEmpty()’:
../SimpleStuck.cpp:21:9: error: ‘storage’ was not declared in this scope
   21 |  return storage.empty();
      |         ^~~~~~~
../SimpleStuck.cpp: At global scope:
../SimpleStuck.cpp:24:6: error: ‘template<class T> class SimpleStuck’ used without template arguments
   24 | void SimpleStuck::Push(T num)
      |      ^~~~~~~~~~~
../SimpleStuck.cpp:24:24: error: variable or field ‘Push’ declared void
   24 | void SimpleStuck::Push(T num)
      |                        ^
../SimpleStuck.cpp:24:24: error: ‘T’ was not declared in this scope
../SimpleStuck.cpp:29:6: error: ‘template<class T> class SimpleStuck’ used without template arguments
   29 | void SimpleStuck::Pop()
      |      ^~~~~~~~~~~
../SimpleStuck.cpp: In function ‘void Pop()’:
../SimpleStuck.cpp:31:2: error: ‘storage’ was not declared in this scope
   31 |  storage.pop_back();
      |  ^~~~~~~
../SimpleStuck.cpp: At global scope:
../SimpleStuck.cpp:34:5: error: ‘template<class T> class SimpleStuck’ used without template arguments
   34 | int SimpleStuck::Peek()
      |     ^~~~~~~~~~~
../SimpleStuck.cpp: In function ‘int Peek()’:
../SimpleStuck.cpp:36:9: error: ‘storage’ was not declared in this scope
   36 |  return storage.back();
      |         ^~~~~~~
../SimpleStuck.cpp: At global scope:
../SimpleStuck.cpp:39:5: error: ‘template<class T> class SimpleStuck’ used without template arguments
   39 | int SimpleStuck::size()
      |     ^~~~~~~~~~~
../SimpleStuck.cpp: In function ‘int size()’:
../SimpleStuck.cpp:41:9: error: ‘storage’ was not declared in this scope
   41 |  return storage.size();
      |         ^~~~~~~
make: *** [subdir.mk:23: SimpleStuck.o] Error 1
"make all" terminated with exit code 2. Build might be incomplete.
10:09:25 **** Incremental Build of configuration Debug for project Stuck ****
make all 
Building file: ../SimpleStuck.cpp
Invoking: Cross G++ Compiler
g++ -O0 -g3 -Wall -c -fmessage-length=0 -MMD -MP -MF"SimpleStuck.d" -MT"SimpleStuck.o" -o "SimpleStuck.o" "../SimpleStuck.cpp"
../SimpleStuck.cpp:10:1: error: invalid use of template-name ‘SimpleStuck’ without an argument list
   10 | SimpleStuck::SimpleStuck() {
      | ^~~~~~~~~~~
../SimpleStuck.cpp:10:1: note: class template argument deduction is only available with ‘-std=c++17’ or ‘-std=gnu++17’
In file included from ../SimpleStuck.cpp:8:
../SimpleStuck.h:16:7: note: ‘template<class T> class SimpleStuck’ declared here
   16 | class SimpleStuck {
      |       ^~~~~~~~~~~
../SimpleStuck.cpp:15:1: error: invalid use of template-name ‘SimpleStuck’ without an argument list
   15 | SimpleStuck::~SimpleStuck() {
      | ^~~~~~~~~~~
../SimpleStuck.cpp:15:1: note: class template argument deduction is only available with ‘-std=c++17’ or ‘-std=gnu++17’
In file included from ../SimpleStuck.cpp:8:
../SimpleStuck.h:16:7: note: ‘template<class T> class SimpleStuck’ declared here
   16 | class SimpleStuck {
      |       ^~~~~~~~~~~
../SimpleStuck.cpp:19:6: error: ‘template<class T> class SimpleStuck’ used without template arguments
   19 | bool SimpleStuck::IsEmpty()
      |      ^~~~~~~~~~~
../SimpleStuck.cpp: In function ‘bool IsEmpty()’:
../SimpleStuck.cpp:21:9: error: ‘storage’ was not declared in this scope
   21 |  return storage.empty();
      |         ^~~~~~~
../SimpleStuck.cpp: At global scope:
../SimpleStuck.cpp:24:6: error: ‘template<class T> class SimpleStuck’ used without template arguments
   24 | void SimpleStuck::Push(T num)
      |      ^~~~~~~~~~~
../SimpleStuck.cpp: In function ‘void Push(T)’:
../SimpleStuck.cpp:26:2: error: ‘storage’ was not declared in this scope
   26 |  storage.push_back(num);
      |  ^~~~~~~
../SimpleStuck.cpp: At global scope:
../SimpleStuck.cpp:29:6: error: ‘template<class T> class SimpleStuck’ used without template arguments
   29 | void SimpleStuck::Pop()
      |      ^~~~~~~~~~~
../SimpleStuck.cpp: In function ‘void Pop()’:
../SimpleStuck.cpp:31:2: error: ‘storage’ was not declared in this scope
   31 |  storage.pop_back();
      |  ^~~~~~~
../SimpleStuck.cpp: At global scope:
../SimpleStuck.cpp:34:5: error: ‘template<class T> class SimpleStuck’ used without template arguments
   34 | int SimpleStuck::Peek()
      |     ^~~~~~~~~~~
../SimpleStuck.cpp: In function ‘int Peek()’:
../SimpleStuck.cpp:36:9: error: ‘storage’ was not declared in this scope
   36 |  return storage.back();
      |         ^~~~~~~
../SimpleStuck.cpp: At global scope:
../SimpleStuck.cpp:39:5: error: ‘template<class T> class SimpleStuck’ used without template arguments
   39 | int SimpleStuck::size()
      |     ^~~~~~~~~~~
../SimpleStuck.cpp: In function ‘int size()’:
../SimpleStuck.cpp:41:9: error: ‘storage’ was not declared in this scope
   41 |  return storage.size();
      |         ^~~~~~~
make: *** [subdir.mk:23: SimpleStuck.o] Error 1
"make all" terminated with exit code 2. Build might be incomplete.
10:10:29 **** Incremental Build of configuration Debug for project Stuck ****
make all 
Building file: ../SimpleStuck.cpp
Invoking: Cross G++ Compiler
g++ -O0 -g3 -Wall -c -fmessage-length=0 -MMD -MP -MF"SimpleStuck.d" -MT"SimpleStuck.o" -o "SimpleStuck.o" "../SimpleStuck.cpp"
../SimpleStuck.cpp:10:1: error: invalid use of template-name ‘SimpleStuck’ without an argument list
   10 | SimpleStuck::SimpleStuck() {
      | ^~~~~~~~~~~
../SimpleStuck.cpp:10:1: note: class template argument deduction is only available with ‘-std=c++17’ or ‘-std=gnu++17’
In file included from ../SimpleStuck.cpp:8:
../SimpleStuck.h:16:7: note: ‘template<class T> class SimpleStuck’ declared here
   16 | class SimpleStuck {
      |       ^~~~~~~~~~~
../SimpleStuck.cpp:15:1: error: invalid use of template-name ‘SimpleStuck’ without an argument list
   15 | SimpleStuck::~SimpleStuck() {
      | ^~~~~~~~~~~
../SimpleStuck.cpp:15:1: note: class template argument deduction is only available with ‘-std=c++17’ or ‘-std=gnu++17’
In file included from ../SimpleStuck.cpp:8:
../SimpleStuck.h:16:7: note: ‘template<class T> class SimpleStuck’ declared here
   16 | class SimpleStuck {
      |       ^~~~~~~~~~~
../SimpleStuck.cpp:19:6: error: ‘template<class T> class SimpleStuck’ used without template arguments
   19 | bool SimpleStuck::IsEmpty()
      |      ^~~~~~~~~~~
../SimpleStuck.cpp: In function ‘bool IsEmpty()’:
../SimpleStuck.cpp:21:9: error: ‘storage’ was not declared in this scope
   21 |  return storage.empty();
      |         ^~~~~~~
../SimpleStuck.cpp: At global scope:
../SimpleStuck.cpp:24:6: error: ‘template<class T> class SimpleStuck’ used without template arguments
   24 | void SimpleStuck::<T>Push(T num)
      |      ^~~~~~~~~~~
../SimpleStuck.cpp:24:19: error: expected unqualified-id before ‘<’ token
   24 | void SimpleStuck::<T>Push(T num)
      |                   ^
../SimpleStuck.cpp:29:6: error: ‘template<class T> class SimpleStuck’ used without template arguments
   29 | void SimpleStuck::Pop()
      |      ^~~~~~~~~~~
../SimpleStuck.cpp: In function ‘void Pop()’:
../SimpleStuck.cpp:31:2: error: ‘storage’ was not declared in this scope
   31 |  storage.pop_back();
      |  ^~~~~~~
../SimpleStuck.cpp: At global scope:
../SimpleStuck.cpp:34:5: error: ‘template<class T> class SimpleStuck’ used without template arguments
   34 | int SimpleStuck::Peek()
      |     ^~~~~~~~~~~
../SimpleStuck.cpp: In function ‘int Peek()’:
../SimpleStuck.cpp:36:9: error: ‘storage’ was not declared in this scope
   36 |  return storage.back();
      |         ^~~~~~~
../SimpleStuck.cpp: At global scope:
../SimpleStuck.cpp:39:5: error: ‘template<class T> class SimpleStuck’ used without template arguments
   39 | int SimpleStuck::size()
      |     ^~~~~~~~~~~
../SimpleStuck.cpp: In function ‘int size()’:
../SimpleStuck.cpp:41:9: error: ‘storage’ was not declared in this scope
   41 |  return storage.size();
      |         ^~~~~~~
make: *** [subdir.mk:23: SimpleStuck.o] Error 1
"make all" terminated with exit code 2. Build might be incomplete.
10:14:19 **** Incremental Build of configuration Debug for project Stuck ****
make all 
Building file: ../SimpleStuck.cpp
Invoking: GCC C++ Compiler
g++ -O0 -g3 -Wall -c -fmessage-length=0 -MMD -MP -MF"SimpleStuck.d" -MT"SimpleStuck.o" -o "SimpleStuck.o" "../SimpleStuck.cpp"
../SimpleStuck.cpp:10:1: error: invalid use of template-name ‘SimpleStuck’ without an argument list
   10 | SimpleStuck::SimpleStuck() {
      | ^~~~~~~~~~~
../SimpleStuck.cpp:10:1: note: class template argument deduction is only available with ‘-std=c++17’ or ‘-std=gnu++17’
In file included from ../SimpleStuck.cpp:8:
../SimpleStuck.h:16:7: note: ‘template<class T> class SimpleStuck’ declared here
   16 | class SimpleStuck {
      |       ^~~~~~~~~~~
../SimpleStuck.cpp:15:1: error: invalid use of template-name ‘SimpleStuck’ without an argument list
   15 | SimpleStuck::~SimpleStuck() {
      | ^~~~~~~~~~~
../SimpleStuck.cpp:15:1: note: class template argument deduction is only available with ‘-std=c++17’ or ‘-std=gnu++17’
In file included from ../SimpleStuck.cpp:8:
../SimpleStuck.h:16:7: note: ‘template<class T> class SimpleStuck’ declared here
   16 | class SimpleStuck {
      |       ^~~~~~~~~~~
../SimpleStuck.cpp:19:6: error: ‘template<class T> class SimpleStuck’ used without template arguments
   19 | bool SimpleStuck::IsEmpty()
      |      ^~~~~~~~~~~
../SimpleStuck.cpp: In function ‘bool IsEmpty()’:
../SimpleStuck.cpp:21:9: error: ‘storage’ was not declared in this scope
   21 |  return storage.empty();
      |         ^~~~~~~
../SimpleStuck.cpp: At global scope:
../SimpleStuck.cpp:24:6: error: ‘template<class T> class SimpleStuck’ used without template arguments
   24 | void SimpleStuck::<T>Push(T num)
      |      ^~~~~~~~~~~
../SimpleStuck.cpp:24:19: error: expected unqualified-id before ‘<’ token
   24 | void SimpleStuck::<T>Push(T num)
      |                   ^
../SimpleStuck.cpp:29:6: error: ‘template<class T> class SimpleStuck’ used without template arguments
   29 | void SimpleStuck::Pop()
      |      ^~~~~~~~~~~
../SimpleStuck.cpp: In function ‘void Pop()’:
../SimpleStuck.cpp:31:2: error: ‘storage’ was not declared in this scope
   31 |  storage.pop_back();
      |  ^~~~~~~
../SimpleStuck.cpp: At global scope:
../SimpleStuck.cpp:34:5: error: ‘template<class T> class SimpleStuck’ used without template arguments
   34 | int SimpleStuck::Peek()
      |     ^~~~~~~~~~~
../SimpleStuck.cpp: In function ‘int Peek()’:
../SimpleStuck.cpp:36:9: error: ‘storage’ was not declared in this scope
   36 |  return storage.back();
      |         ^~~~~~~
../SimpleStuck.cpp: At global scope:
../SimpleStuck.cpp:39:5: error: ‘template<class T> class SimpleStuck’ used without template arguments
   39 | int SimpleStuck::size()
      |     ^~~~~~~~~~~
../SimpleStuck.cpp: In function ‘int size()’:
../SimpleStuck.cpp:41:9: error: ‘storage’ was not declared in this scope
   41 |  return storage.size();
      |         ^~~~~~~
make: *** [subdir.mk:23: SimpleStuck.o] Error 1
"make all" terminated with exit code 2. Build might be incomplete.
10:15:03 **** Incremental Build of configuration Debug for project Stuck ****
make all 
Building file: ../SimpleStuck.cpp
Invoking: GCC C++ Compiler
g++ -O0 -g3 -Wall -c -fmessage-length=0 -MMD -MP -MF"SimpleStuck.d" -MT"SimpleStuck.o" -o "SimpleStuck.o" "../SimpleStuck.cpp"
In file included from ../SimpleStuck.cpp:8:
../SimpleStuck.h:22:20: error: ‘T’ has not been declared
   22 |  virtual void Push(T name);
      |                    ^
../SimpleStuck.h:30:12: error: ‘T’ was not declared in this scope
   30 |  std::list<T> storage;
      |            ^
../SimpleStuck.h:30:13: error: template argument 1 is invalid
   30 |  std::list<T> storage;
      |             ^
../SimpleStuck.h:30:13: error: template argument 2 is invalid
../SimpleStuck.cpp: In member function ‘virtual bool SimpleStuck::IsEmpty()’:
../SimpleStuck.cpp:21:17: error: request for member ‘empty’ in ‘((SimpleStuck*)this)->SimpleStuck::storage’, which is of non-class type ‘int’
   21 |  return storage.empty();
      |                 ^~~~~
../SimpleStuck.cpp: At global scope:
../SimpleStuck.cpp:24:19: error: expected unqualified-id before ‘<’ token
   24 | void SimpleStuck::<T>Push(T num)
      |                   ^
../SimpleStuck.cpp: In member function ‘virtual void SimpleStuck::Pop()’:
../SimpleStuck.cpp:31:10: error: request for member ‘pop_back’ in ‘((SimpleStuck*)this)->SimpleStuck::storage’, which is of non-class type ‘int’
   31 |  storage.pop_back();
      |          ^~~~~~~~
../SimpleStuck.cpp: In member function ‘virtual int SimpleStuck::Peek()’:
../SimpleStuck.cpp:36:17: error: request for member ‘back’ in ‘((SimpleStuck*)this)->SimpleStuck::storage’, which is of non-class type ‘int’
   36 |  return storage.back();
      |                 ^~~~
../SimpleStuck.cpp: In member function ‘virtual int SimpleStuck::size()’:
../SimpleStuck.cpp:41:17: error: request for member ‘size’ in ‘((SimpleStuck*)this)->SimpleStuck::storage’, which is of non-class type ‘int’
   41 |  return storage.size();
      |                 ^~~~
make: *** [subdir.mk:23: SimpleStuck.o] Error 1
"make all" terminated with exit code 2. Build might be incomplete.
10:15:29 **** Incremental Build of configuration Debug for project Stuck ****
make all 
Building file: ../SimpleStuck.cpp
Invoking: GCC C++ Compiler
g++ -O0 -g3 -Wall -c -fmessage-length=0 -MMD -MP -MF"SimpleStuck.d" -MT"SimpleStuck.o" -o "SimpleStuck.o" "../SimpleStuck.cpp"
In file included from ../SimpleStuck.cpp:8:
../SimpleStuck.h:21:11: error: ‘T’ has not been declared
   21 |  template<T>
      |           ^
../SimpleStuck.h:22:2: error: templates may not be ‘virtual’
   22 |  virtual void Push(T name);
      |  ^~~~~~~
../SimpleStuck.h:22:20: error: ‘T’ has not been declared
   22 |  virtual void Push(T name);
      |                    ^
../SimpleStuck.h:30:12: error: ‘T’ was not declared in this scope
   30 |  std::list<T> storage;
      |            ^
../SimpleStuck.h:30:13: error: template argument 1 is invalid
   30 |  std::list<T> storage;
      |             ^
../SimpleStuck.h:30:13: error: template argument 2 is invalid
../SimpleStuck.cpp: In member function ‘virtual bool SimpleStuck::IsEmpty()’:
../SimpleStuck.cpp:21:17: error: request for member ‘empty’ in ‘((SimpleStuck*)this)->SimpleStuck::storage’, which is of non-class type ‘int’
   21 |  return storage.empty();
      |                 ^~~~~
../SimpleStuck.cpp: At global scope:
../SimpleStuck.cpp:24:19: error: expected unqualified-id before ‘<’ token
   24 | void SimpleStuck::<T>Push(T num)
      |                   ^
../SimpleStuck.cpp: In member function ‘virtual void SimpleStuck::Pop()’:
../SimpleStuck.cpp:31:10: error: request for member ‘pop_back’ in ‘((SimpleStuck*)this)->SimpleStuck::storage’, which is of non-class type ‘int’
   31 |  storage.pop_back();
      |          ^~~~~~~~
../SimpleStuck.cpp: In member function ‘virtual int SimpleStuck::Peek()’:
../SimpleStuck.cpp:36:17: error: request for member ‘back’ in ‘((SimpleStuck*)this)->SimpleStuck::storage’, which is of non-class type ‘int’
   36 |  return storage.back();
      |                 ^~~~
../SimpleStuck.cpp: In member function ‘virtual int SimpleStuck::size()’:
../SimpleStuck.cpp:41:17: error: request for member ‘size’ in ‘((SimpleStuck*)this)->SimpleStuck::storage’, which is of non-class type ‘int’
   41 |  return storage.size();
      |                 ^~~~
make: *** [subdir.mk:23: SimpleStuck.o] Error 1
"make all" terminated with exit code 2. Build might be incomplete.
10:15:59 **** Incremental Build of configuration Debug for project Stuck ****
make all 
Building file: ../SimpleStuck.cpp
Invoking: GCC C++ Compiler
g++ -O0 -g3 -Wall -c -fmessage-length=0 -MMD -MP -MF"SimpleStuck.d" -MT"SimpleStuck.o" -o "SimpleStuck.o" "../SimpleStuck.cpp"
In file included from ../SimpleStuck.cpp:8:
../SimpleStuck.h:22:2: error: templates may not be ‘virtual’
   22 |  virtual void Push(T name);
      |  ^~~~~~~
../SimpleStuck.h:30:12: error: ‘T’ was not declared in this scope
   30 |  std::list<T> storage;
      |            ^
../SimpleStuck.h:30:13: error: template argument 1 is invalid
   30 |  std::list<T> storage;
      |             ^
../SimpleStuck.h:30:13: error: template argument 2 is invalid
../SimpleStuck.cpp: In member function ‘virtual bool SimpleStuck::IsEmpty()’:
../SimpleStuck.cpp:21:17: error: request for member ‘empty’ in ‘((SimpleStuck*)this)->SimpleStuck::storage’, which is of non-class type ‘int’
   21 |  return storage.empty();
      |                 ^~~~~
../SimpleStuck.cpp: At global scope:
../SimpleStuck.cpp:24:19: error: expected unqualified-id before ‘<’ token
   24 | void SimpleStuck::<T>Push(T num)
      |                   ^
../SimpleStuck.cpp: In member function ‘virtual void SimpleStuck::Pop()’:
../SimpleStuck.cpp:31:10: error: request for member ‘pop_back’ in ‘((SimpleStuck*)this)->SimpleStuck::storage’, which is of non-class type ‘int’
   31 |  storage.pop_back();
      |          ^~~~~~~~
../SimpleStuck.cpp: In member function ‘virtual int SimpleStuck::Peek()’:
../SimpleStuck.cpp:36:17: error: request for member ‘back’ in ‘((SimpleStuck*)this)->SimpleStuck::storage’, which is of non-class type ‘int’
   36 |  return storage.back();
      |                 ^~~~
../SimpleStuck.cpp: In member function ‘virtual int SimpleStuck::size()’:
../SimpleStuck.cpp:41:17: error: request for member ‘size’ in ‘((SimpleStuck*)this)->SimpleStuck::storage’, which is of non-class type ‘int’
   41 |  return storage.size();
      |                 ^~~~
make: *** [subdir.mk:23: SimpleStuck.o] Error 1
"make all" terminated with exit code 2. Build might be incomplete.
10:16:13 **** Incremental Build of configuration Debug for project Stuck ****
make all 
Building file: ../SimpleStuck.cpp
Invoking: GCC C++ Compiler
g++ -O0 -g3 -Wall -c -fmessage-length=0 -MMD -MP -MF"SimpleStuck.d" -MT"SimpleStuck.o" -o "SimpleStuck.o" "../SimpleStuck.cpp"
In file included from ../SimpleStuck.cpp:8:
../SimpleStuck.h:22:2: error: templates may not be ‘virtual’
   22 |  virtual void <T>Push(T name);
      |  ^~~~~~~
../SimpleStuck.h:22:10: error: ‘void’ is not a template
   22 |  virtual void <T>Push(T name);
      |          ^~~~
../SimpleStuck.h:30:12: error: ‘T’ was not declared in this scope
   30 |  std::list<T> storage;
      |            ^
../SimpleStuck.h:30:13: error: template argument 1 is invalid
   30 |  std::list<T> storage;
      |             ^
../SimpleStuck.h:30:13: error: template argument 2 is invalid
../SimpleStuck.cpp: In member function ‘virtual bool SimpleStuck::IsEmpty()’:
../SimpleStuck.cpp:21:17: error: request for member ‘empty’ in ‘((SimpleStuck*)this)->SimpleStuck::storage’, which is of non-class type ‘int’
   21 |  return storage.empty();
      |                 ^~~~~
../SimpleStuck.cpp: At global scope:
../SimpleStuck.cpp:24:19: error: expected unqualified-id before ‘<’ token
   24 | void SimpleStuck::<T>Push(T num)
      |                   ^
../SimpleStuck.cpp: In member function ‘virtual void SimpleStuck::Pop()’:
../SimpleStuck.cpp:31:10: error: request for member ‘pop_back’ in ‘((SimpleStuck*)this)->SimpleStuck::storage’, which is of non-class type ‘int’
   31 |  storage.pop_back();
      |          ^~~~~~~~
../SimpleStuck.cpp: In member function ‘virtual int SimpleStuck::Peek()’:
../SimpleStuck.cpp:36:17: error: request for member ‘back’ in ‘((SimpleStuck*)this)->SimpleStuck::storage’, which is of non-class type ‘int’
   36 |  return storage.back();
      |                 ^~~~
../SimpleStuck.cpp: In member function ‘virtual int SimpleStuck::size()’:
../SimpleStuck.cpp:41:17: error: request for member ‘size’ in ‘((SimpleStuck*)this)->SimpleStuck::storage’, which is of non-class type ‘int’
   41 |  return storage.size();
      |                 ^~~~
make: *** [subdir.mk:23: SimpleStuck.o] Error 1
"make all" terminated with exit code 2. Build might be incomplete.
10:19:44 **** Incremental Build of configuration Debug for project Stuck ****
make all 
Building file: ../SimpleStuck.cpp
Invoking: GCC C++ Compiler
g++ -O0 -g3 -Wall -c -fmessage-length=0 -MMD -MP -MF"SimpleStuck.d" -MT"SimpleStuck.o" -o "SimpleStuck.o" "../SimpleStuck.cpp"
In file included from ../SimpleStuck.cpp:8:
../SimpleStuck.h:22:10: error: ‘void’ is not a template
   22 |  virtual void <T>Push(T name);
      |          ^~~~
../SimpleStuck.cpp:10:1: error: invalid use of template-name ‘SimpleStuck’ without an argument list
   10 | SimpleStuck::SimpleStuck() {
      | ^~~~~~~~~~~
../SimpleStuck.cpp:10:1: note: class template argument deduction is only available with ‘-std=c++17’ or ‘-std=gnu++17’
In file included from ../SimpleStuck.cpp:8:
../SimpleStuck.h:16:7: note: ‘template<class T> class SimpleStuck’ declared here
   16 | class SimpleStuck {
      |       ^~~~~~~~~~~
../SimpleStuck.cpp:15:1: error: invalid use of template-name ‘SimpleStuck’ without an argument list
   15 | SimpleStuck::~SimpleStuck() {
      | ^~~~~~~~~~~
../SimpleStuck.cpp:15:1: note: class template argument deduction is only available with ‘-std=c++17’ or ‘-std=gnu++17’
In file included from ../SimpleStuck.cpp:8:
../SimpleStuck.h:16:7: note: ‘template<class T> class SimpleStuck’ declared here
   16 | class SimpleStuck {
      |       ^~~~~~~~~~~
../SimpleStuck.cpp:19:6: error: ‘template<class T> class SimpleStuck’ used without template arguments
   19 | bool SimpleStuck::IsEmpty()
      |      ^~~~~~~~~~~
../SimpleStuck.cpp: In function ‘bool IsEmpty()’:
../SimpleStuck.cpp:21:9: error: ‘storage’ was not declared in this scope
   21 |  return storage.empty();
      |         ^~~~~~~
../SimpleStuck.cpp: At global scope:
../SimpleStuck.cpp:24:6: error: ‘template<class T> class SimpleStuck’ used without template arguments
   24 | void SimpleStuck::<T>Push(T num)
      |      ^~~~~~~~~~~
../SimpleStuck.cpp:24:19: error: expected unqualified-id before ‘<’ token
   24 | void SimpleStuck::<T>Push(T num)
      |                   ^
../SimpleStuck.cpp:29:6: error: ‘template<class T> class SimpleStuck’ used without template arguments
   29 | void SimpleStuck::Pop()
      |      ^~~~~~~~~~~
../SimpleStuck.cpp: In function ‘void Pop()’:
../SimpleStuck.cpp:31:2: error: ‘storage’ was not declared in this scope
   31 |  storage.pop_back();
      |  ^~~~~~~
../SimpleStuck.cpp: At global scope:
../SimpleStuck.cpp:34:5: error: ‘template<class T> class SimpleStuck’ used without template arguments
   34 | int SimpleStuck::Peek()
      |     ^~~~~~~~~~~
../SimpleStuck.cpp: In function ‘int Peek()’:
../SimpleStuck.cpp:36:9: error: ‘storage’ was not declared in this scope
   36 |  return storage.back();
      |         ^~~~~~~
../SimpleStuck.cpp: At global scope:
../SimpleStuck.cpp:39:5: error: ‘template<class T> class SimpleStuck’ used without template arguments
   39 | int SimpleStuck::size()
      |     ^~~~~~~~~~~
../SimpleStuck.cpp: In function ‘int size()’:
../SimpleStuck.cpp:41:9: error: ‘storage’ was not declared in this scope
   41 |  return storage.size();
      |         ^~~~~~~
make: *** [subdir.mk:23: SimpleStuck.o] Error 1
"make all" terminated with exit code 2. Build might be incomplete.
10:19:51 **** Incremental Build of configuration Debug for project Stuck ****
make all 
Building file: ../SimpleStuck.cpp
Invoking: GCC C++ Compiler
g++ -O0 -g3 -Wall -c -fmessage-length=0 -MMD -MP -MF"SimpleStuck.d" -MT"SimpleStuck.o" -o "SimpleStuck.o" "../SimpleStuck.cpp"
../SimpleStuck.cpp:10:1: error: invalid use of template-name ‘SimpleStuck’ without an argument list
   10 | SimpleStuck::SimpleStuck() {
      | ^~~~~~~~~~~
../SimpleStuck.cpp:10:1: note: class template argument deduction is only available with ‘-std=c++17’ or ‘-std=gnu++17’
In file included from ../SimpleStuck.cpp:8:
../SimpleStuck.h:16:7: note: ‘template<class T> class SimpleStuck’ declared here
   16 | class SimpleStuck {
      |       ^~~~~~~~~~~
../SimpleStuck.cpp:15:1: error: invalid use of template-name ‘SimpleStuck’ without an argument list
   15 | SimpleStuck::~SimpleStuck() {
      | ^~~~~~~~~~~
../SimpleStuck.cpp:15:1: note: class template argument deduction is only available with ‘-std=c++17’ or ‘-std=gnu++17’
In file included from ../SimpleStuck.cpp:8:
../SimpleStuck.h:16:7: note: ‘template<class T> class SimpleStuck’ declared here
   16 | class SimpleStuck {
      |       ^~~~~~~~~~~
../SimpleStuck.cpp:19:6: error: ‘template<class T> class SimpleStuck’ used without template arguments
   19 | bool SimpleStuck::IsEmpty()
      |      ^~~~~~~~~~~
../SimpleStuck.cpp: In function ‘bool IsEmpty()’:
../SimpleStuck.cpp:21:9: error: ‘storage’ was not declared in this scope
   21 |  return storage.empty();
      |         ^~~~~~~
../SimpleStuck.cpp: At global scope:
../SimpleStuck.cpp:24:6: error: ‘template<class T> class SimpleStuck’ used without template arguments
   24 | void SimpleStuck::<T>Push(T num)
      |      ^~~~~~~~~~~
../SimpleStuck.cpp:24:19: error: expected unqualified-id before ‘<’ token
   24 | void SimpleStuck::<T>Push(T num)
      |                   ^
../SimpleStuck.cpp:29:6: error: ‘template<class T> class SimpleStuck’ used without template arguments
   29 | void SimpleStuck::Pop()
      |      ^~~~~~~~~~~
../SimpleStuck.cpp: In function ‘void Pop()’:
../SimpleStuck.cpp:31:2: error: ‘storage’ was not declared in this scope
   31 |  storage.pop_back();
      |  ^~~~~~~
../SimpleStuck.cpp: At global scope:
../SimpleStuck.cpp:34:5: error: ‘template<class T> class SimpleStuck’ used without template arguments
   34 | int SimpleStuck::Peek()
      |     ^~~~~~~~~~~
../SimpleStuck.cpp: In function ‘int Peek()’:
../SimpleStuck.cpp:36:9: error: ‘storage’ was not declared in this scope
   36 |  return storage.back();
      |         ^~~~~~~
../SimpleStuck.cpp: At global scope:
../SimpleStuck.cpp:39:5: error: ‘template<class T> class SimpleStuck’ used without template arguments
   39 | int SimpleStuck::size()
      |     ^~~~~~~~~~~
../SimpleStuck.cpp: In function ‘int size()’:
../SimpleStuck.cpp:41:9: error: ‘storage’ was not declared in this scope
   41 |  return storage.size();
      |         ^~~~~~~
make: *** [subdir.mk:23: SimpleStuck.o] Error 1
"make all" terminated with exit code 2. Build might be incomplete.
10:20:15 **** Incremental Build of configuration Debug for project Stuck ****
make all 
Building file: ../SimpleStuck.cpp
Invoking: GCC C++ Compiler
g++ -O0 -g3 -Wall -c -fmessage-length=0 -MMD -MP -MF"SimpleStuck.d" -MT"SimpleStuck.o" -o "SimpleStuck.o" "../SimpleStuck.cpp"
../SimpleStuck.cpp:10:1: error: invalid use of template-name ‘SimpleStuck’ without an argument list
   10 | SimpleStuck::SimpleStuck() {
      | ^~~~~~~~~~~
../SimpleStuck.cpp:10:1: note: class template argument deduction is only available with ‘-std=c++17’ or ‘-std=gnu++17’
In file included from ../SimpleStuck.cpp:8:
../SimpleStuck.h:16:7: note: ‘template<class T> class SimpleStuck’ declared here
   16 | class SimpleStuck {
      |       ^~~~~~~~~~~
../SimpleStuck.cpp:15:1: error: invalid use of template-name ‘SimpleStuck’ without an argument list
   15 | SimpleStuck::~SimpleStuck() {
      | ^~~~~~~~~~~
../SimpleStuck.cpp:15:1: note: class template argument deduction is only available with ‘-std=c++17’ or ‘-std=gnu++17’
In file included from ../SimpleStuck.cpp:8:
../SimpleStuck.h:16:7: note: ‘template<class T> class SimpleStuck’ declared here
   16 | class SimpleStuck {
      |       ^~~~~~~~~~~
../SimpleStuck.cpp:19:6: error: ‘template<class T> class SimpleStuck’ used without template arguments
   19 | bool SimpleStuck::IsEmpty()
      |      ^~~~~~~~~~~
../SimpleStuck.cpp: In function ‘bool IsEmpty()’:
../SimpleStuck.cpp:21:9: error: ‘storage’ was not declared in this scope
   21 |  return storage.empty();
      |         ^~~~~~~
../SimpleStuck.cpp: At global scope:
../SimpleStuck.cpp:24:28: error: ‘template<class T> class SimpleStuck’ used without template arguments
   24 | template <typename T> void SimpleStuck::<T>Push(T num)
      |                            ^~~~~~~~~~~
../SimpleStuck.cpp:24:41: error: expected unqualified-id before ‘<’ token
   24 | template <typename T> void SimpleStuck::<T>Push(T num)
      |                                         ^
../SimpleStuck.cpp:29:6: error: ‘template<class T> class SimpleStuck’ used without template arguments
   29 | void SimpleStuck::Pop()
      |      ^~~~~~~~~~~
../SimpleStuck.cpp: In function ‘void Pop()’:
../SimpleStuck.cpp:31:2: error: ‘storage’ was not declared in this scope
   31 |  storage.pop_back();
      |  ^~~~~~~
../SimpleStuck.cpp: At global scope:
../SimpleStuck.cpp:34:5: error: ‘template<class T> class SimpleStuck’ used without template arguments
   34 | int SimpleStuck::Peek()
      |     ^~~~~~~~~~~
../SimpleStuck.cpp: In function ‘int Peek()’:
../SimpleStuck.cpp:36:9: error: ‘storage’ was not declared in this scope
   36 |  return storage.back();
      |         ^~~~~~~
../SimpleStuck.cpp: At global scope:
../SimpleStuck.cpp:39:5: error: ‘template<class T> class SimpleStuck’ used without template arguments
   39 | int SimpleStuck::size()
      |     ^~~~~~~~~~~
../SimpleStuck.cpp: In function ‘int size()’:
../SimpleStuck.cpp:41:9: error: ‘storage’ was not declared in this scope
   41 |  return storage.size();
      |         ^~~~~~~
make: *** [subdir.mk:23: SimpleStuck.o] Error 1
"make all" terminated with exit code 2. Build might be incomplete.
10:20:44 **** Incremental Build of configuration Debug for project Stuck ****
make all 
Building file: ../SimpleStuck.cpp
Invoking: GCC C++ Compiler
g++ -O0 -g3 -Wall -c -fmessage-length=0 -MMD -MP -MF"SimpleStuck.d" -MT"SimpleStuck.o" -o "SimpleStuck.o" "../SimpleStuck.cpp"
../SimpleStuck.cpp:10:1: error: invalid use of template-name ‘SimpleStuck’ without an argument list
   10 | SimpleStuck::SimpleStuck() {
      | ^~~~~~~~~~~
../SimpleStuck.cpp:10:1: note: class template argument deduction is only available with ‘-std=c++17’ or ‘-std=gnu++17’
In file included from ../SimpleStuck.cpp:8:
../SimpleStuck.h:16:7: note: ‘template<class T> class SimpleStuck’ declared here
   16 | class SimpleStuck {
      |       ^~~~~~~~~~~
../SimpleStuck.cpp:15:1: error: invalid use of template-name ‘SimpleStuck’ without an argument list
   15 | SimpleStuck::~SimpleStuck() {
      | ^~~~~~~~~~~
../SimpleStuck.cpp:15:1: note: class template argument deduction is only available with ‘-std=c++17’ or ‘-std=gnu++17’
In file included from ../SimpleStuck.cpp:8:
../SimpleStuck.h:16:7: note: ‘template<class T> class SimpleStuck’ declared here
   16 | class SimpleStuck {
      |       ^~~~~~~~~~~
../SimpleStuck.cpp:19:6: error: ‘template<class T> class SimpleStuck’ used without template arguments
   19 | bool SimpleStuck::IsEmpty()
      |      ^~~~~~~~~~~
../SimpleStuck.cpp: In function ‘bool IsEmpty()’:
../SimpleStuck.cpp:21:9: error: ‘storage’ was not declared in this scope
   21 |  return storage.empty();
      |         ^~~~~~~
../SimpleStuck.cpp: At global scope:
../SimpleStuck.cpp:24:28: error: ‘template<class T> class SimpleStuck’ used without template arguments
   24 | template <typename T> void SimpleStuck::Push(T num)
      |                            ^~~~~~~~~~~
../SimpleStuck.cpp: In function ‘void Push(T)’:
../SimpleStuck.cpp:26:2: error: ‘storage’ was not declared in this scope
   26 |  storage.push_back(num);
      |  ^~~~~~~
../SimpleStuck.cpp: At global scope:
../SimpleStuck.cpp:29:6: error: ‘template<class T> class SimpleStuck’ used without template arguments
   29 | void SimpleStuck::Pop()
      |      ^~~~~~~~~~~
../SimpleStuck.cpp: In function ‘void Pop()’:
../SimpleStuck.cpp:31:2: error: ‘storage’ was not declared in this scope
   31 |  storage.pop_back();
      |  ^~~~~~~
../SimpleStuck.cpp: At global scope:
../SimpleStuck.cpp:34:5: error: ‘template<class T> class SimpleStuck’ used without template arguments
   34 | int SimpleStuck::Peek()
      |     ^~~~~~~~~~~
../SimpleStuck.cpp: In function ‘int Peek()’:
../SimpleStuck.cpp:36:9: error: ‘storage’ was not declared in this scope
   36 |  return storage.back();
      |         ^~~~~~~
../SimpleStuck.cpp: At global scope:
../SimpleStuck.cpp:39:5: error: ‘template<class T> class SimpleStuck’ used without template arguments
   39 | int SimpleStuck::size()
      |     ^~~~~~~~~~~
../SimpleStuck.cpp: In function ‘int size()’:
../SimpleStuck.cpp:41:9: error: ‘storage’ was not declared in this scope
   41 |  return storage.size();
      |         ^~~~~~~
make: *** [subdir.mk:23: SimpleStuck.o] Error 1
"make all" terminated with exit code 2. Build might be incomplete.
10:20:53 **** Incremental Build of configuration Debug for project Stuck ****
make all 
Building file: ../SimpleStuck.cpp
Invoking: GCC C++ Compiler
g++ -O0 -g3 -Wall -c -fmessage-length=0 -MMD -MP -MF"SimpleStuck.d" -MT"SimpleStuck.o" -o "SimpleStuck.o" "../SimpleStuck.cpp"
../SimpleStuck.cpp:10:1: error: invalid use of template-name ‘SimpleStuck’ without an argument list
   10 | SimpleStuck::SimpleStuck() {
      | ^~~~~~~~~~~
../SimpleStuck.cpp:10:1: note: class template argument deduction is only available with ‘-std=c++17’ or ‘-std=gnu++17’
In file included from ../SimpleStuck.cpp:8:
../SimpleStuck.h:16:7: note: ‘template<class T> class SimpleStuck’ declared here
   16 | class SimpleStuck {
      |       ^~~~~~~~~~~
../SimpleStuck.cpp:15:1: error: invalid use of template-name ‘SimpleStuck’ without an argument list
   15 | SimpleStuck::~SimpleStuck() {
      | ^~~~~~~~~~~
../SimpleStuck.cpp:15:1: note: class template argument deduction is only available with ‘-std=c++17’ or ‘-std=gnu++17’
In file included from ../SimpleStuck.cpp:8:
../SimpleStuck.h:16:7: note: ‘template<class T> class SimpleStuck’ declared here
   16 | class SimpleStuck {
      |       ^~~~~~~~~~~
../SimpleStuck.cpp:19:6: error: ‘template<class T> class SimpleStuck’ used without template arguments
   19 | bool SimpleStuck::IsEmpty()
      |      ^~~~~~~~~~~
../SimpleStuck.cpp: In function ‘bool IsEmpty()’:
../SimpleStuck.cpp:21:9: error: ‘storage’ was not declared in this scope
   21 |  return storage.empty();
      |         ^~~~~~~
../SimpleStuck.cpp: At global scope:
../SimpleStuck.cpp:24:6: error: expected unqualified-id before ‘template’
   24 | void template <typename T> SimpleStuck::Push(T num)
      |      ^~~~~~~~
../SimpleStuck.cpp:29:6: error: ‘template<class T> class SimpleStuck’ used without template arguments
   29 | void SimpleStuck::Pop()
      |      ^~~~~~~~~~~
../SimpleStuck.cpp: In function ‘void Pop()’:
../SimpleStuck.cpp:31:2: error: ‘storage’ was not declared in this scope
   31 |  storage.pop_back();
      |  ^~~~~~~
../SimpleStuck.cpp: At global scope:
../SimpleStuck.cpp:34:5: error: ‘template<class T> class SimpleStuck’ used without template arguments
   34 | int SimpleStuck::Peek()
      |     ^~~~~~~~~~~
../SimpleStuck.cpp: In function ‘int Peek()’:
../SimpleStuck.cpp:36:9: error: ‘storage’ was not declared in this scope
   36 |  return storage.back();
      |         ^~~~~~~
../SimpleStuck.cpp: At global scope:
../SimpleStuck.cpp:39:5: error: ‘template<class T> class SimpleStuck’ used without template arguments
   39 | int SimpleStuck::size()
      |     ^~~~~~~~~~~
../SimpleStuck.cpp: In function ‘int size()’:
../SimpleStuck.cpp:41:9: error: ‘storage’ was not declared in this scope
   41 |  return storage.size();
      |         ^~~~~~~
make: *** [subdir.mk:23: SimpleStuck.o] Error 1
"make all" terminated with exit code 2. Build might be incomplete.
10:21:35 **** Incremental Build of configuration Debug for project Stuck ****
make all 
Building file: ../SimpleStuck.cpp
Invoking: GCC C++ Compiler
g++ -O0 -g3 -Wall -c -fmessage-length=0 -MMD -MP -MF"SimpleStuck.d" -MT"SimpleStuck.o" -o "SimpleStuck.o" "../SimpleStuck.cpp"
../SimpleStuck.cpp:10:1: error: invalid use of template-name ‘SimpleStuck’ without an argument list
   10 | SimpleStuck::SimpleStuck() {
      | ^~~~~~~~~~~
../SimpleStuck.cpp:10:1: note: class template argument deduction is only available with ‘-std=c++17’ or ‘-std=gnu++17’
In file included from ../SimpleStuck.cpp:8:
../SimpleStuck.h:16:7: note: ‘template<class T> class SimpleStuck’ declared here
   16 | class SimpleStuck {
      |       ^~~~~~~~~~~
../SimpleStuck.cpp:15:1: error: invalid use of template-name ‘SimpleStuck’ without an argument list
   15 | SimpleStuck::~SimpleStuck() {
      | ^~~~~~~~~~~
../SimpleStuck.cpp:15:1: note: class template argument deduction is only available with ‘-std=c++17’ or ‘-std=gnu++17’
In file included from ../SimpleStuck.cpp:8:
../SimpleStuck.h:16:7: note: ‘template<class T> class SimpleStuck’ declared here
   16 | class SimpleStuck {
      |       ^~~~~~~~~~~
../SimpleStuck.cpp:19:6: error: ‘template<class T> class SimpleStuck’ used without template arguments
   19 | bool SimpleStuck::IsEmpty()
      |      ^~~~~~~~~~~
../SimpleStuck.cpp: In function ‘bool IsEmpty()’:
../SimpleStuck.cpp:21:9: error: ‘storage’ was not declared in this scope
   21 |  return storage.empty();
      |         ^~~~~~~
../SimpleStuck.cpp: At global scope:
../SimpleStuck.cpp:24:1: error: expected unqualified-id before ‘<’ token
   24 | <typename T> void <T>SimpleStuck::Push(T num)
      | ^
../SimpleStuck.cpp:29:6: error: ‘template<class T> class SimpleStuck’ used without template arguments
   29 | void SimpleStuck::Pop()
      |      ^~~~~~~~~~~
../SimpleStuck.cpp: In function ‘void Pop()’:
../SimpleStuck.cpp:31:2: error: ‘storage’ was not declared in this scope
   31 |  storage.pop_back();
      |  ^~~~~~~
../SimpleStuck.cpp: At global scope:
../SimpleStuck.cpp:34:5: error: ‘template<class T> class SimpleStuck’ used without template arguments
   34 | int SimpleStuck::Peek()
      |     ^~~~~~~~~~~
../SimpleStuck.cpp: In function ‘int Peek()’:
../SimpleStuck.cpp:36:9: error: ‘storage’ was not declared in this scope
   36 |  return storage.back();
      |         ^~~~~~~
../SimpleStuck.cpp: At global scope:
../SimpleStuck.cpp:39:5: error: ‘template<class T> class SimpleStuck’ used without template arguments
   39 | int SimpleStuck::size()
      |     ^~~~~~~~~~~
../SimpleStuck.cpp: In function ‘int size()’:
../SimpleStuck.cpp:41:9: error: ‘storage’ was not declared in this scope
   41 |  return storage.size();
      |         ^~~~~~~
make: *** [subdir.mk:23: SimpleStuck.o] Error 1
"make all" terminated with exit code 2. Build might be incomplete.
10:21:58 **** Incremental Build of configuration Debug for project Stuck ****
make all 
Building file: ../SimpleStuck.cpp
Invoking: GCC C++ Compiler
g++ -O0 -g3 -Wall -c -fmessage-length=0 -MMD -MP -MF"SimpleStuck.d" -MT"SimpleStuck.o" -o "SimpleStuck.o" "../SimpleStuck.cpp"
../SimpleStuck.cpp:10:1: error: invalid use of template-name ‘SimpleStuck’ without an argument list
   10 | SimpleStuck::SimpleStuck() {
      | ^~~~~~~~~~~
../SimpleStuck.cpp:10:1: note: class template argument deduction is only available with ‘-std=c++17’ or ‘-std=gnu++17’
In file included from ../SimpleStuck.cpp:8:
../SimpleStuck.h:16:7: note: ‘template<class T> class SimpleStuck’ declared here
   16 | class SimpleStuck {
      |       ^~~~~~~~~~~
../SimpleStuck.cpp:15:1: error: invalid use of template-name ‘SimpleStuck’ without an argument list
   15 | SimpleStuck::~SimpleStuck() {
      | ^~~~~~~~~~~
../SimpleStuck.cpp:15:1: note: class template argument deduction is only available with ‘-std=c++17’ or ‘-std=gnu++17’
In file included from ../SimpleStuck.cpp:8:
../SimpleStuck.h:16:7: note: ‘template<class T> class SimpleStuck’ declared here
   16 | class SimpleStuck {
      |       ^~~~~~~~~~~
../SimpleStuck.cpp:19:6: error: ‘template<class T> class SimpleStuck’ used without template arguments
   19 | bool SimpleStuck::IsEmpty()
      |      ^~~~~~~~~~~
../SimpleStuck.cpp: In function ‘bool IsEmpty()’:
../SimpleStuck.cpp:21:9: error: ‘storage’ was not declared in this scope
   21 |  return storage.empty();
      |         ^~~~~~~
../SimpleStuck.cpp: At global scope:
../SimpleStuck.cpp:24:1: error: expected unqualified-id before ‘<’ token
   24 | <typename T> void SimpleStuck<T>::Push(T num)
      | ^
../SimpleStuck.cpp:29:6: error: ‘template<class T> class SimpleStuck’ used without template arguments
   29 | void SimpleStuck::Pop()
      |      ^~~~~~~~~~~
../SimpleStuck.cpp: In function ‘void Pop()’:
../SimpleStuck.cpp:31:2: error: ‘storage’ was not declared in this scope
   31 |  storage.pop_back();
      |  ^~~~~~~
../SimpleStuck.cpp: At global scope:
../SimpleStuck.cpp:34:5: error: ‘template<class T> class SimpleStuck’ used without template arguments
   34 | int SimpleStuck::Peek()
      |     ^~~~~~~~~~~
../SimpleStuck.cpp: In function ‘int Peek()’:
../SimpleStuck.cpp:36:9: error: ‘storage’ was not declared in this scope
   36 |  return storage.back();
      |         ^~~~~~~
../SimpleStuck.cpp: At global scope:
../SimpleStuck.cpp:39:5: error: ‘template<class T> class SimpleStuck’ used without template arguments
   39 | int SimpleStuck::size()
      |     ^~~~~~~~~~~
../SimpleStuck.cpp: In function ‘int size()’:
../SimpleStuck.cpp:41:9: error: ‘storage’ was not declared in this scope
   41 |  return storage.size();
      |         ^~~~~~~
make: *** [subdir.mk:23: SimpleStuck.o] Error 1
"make all" terminated with exit code 2. Build might be incomplete.
10:22:29 **** Incremental Build of configuration Debug for project Stuck ****
make all 
Building file: ../SimpleStuck.cpp
Invoking: GCC C++ Compiler
g++ -O0 -g3 -Wall -c -fmessage-length=0 -MMD -MP -MF"SimpleStuck.d" -MT"SimpleStuck.o" -o "SimpleStuck.o" "../SimpleStuck.cpp"
../SimpleStuck.cpp:10:1: error: invalid use of template-name ‘SimpleStuck’ without an argument list
   10 | SimpleStuck::SimpleStuck() {
      | ^~~~~~~~~~~
../SimpleStuck.cpp:10:1: note: class template argument deduction is only available with ‘-std=c++17’ or ‘-std=gnu++17’
In file included from ../SimpleStuck.cpp:8:
../SimpleStuck.h:16:7: note: ‘template<class T> class SimpleStuck’ declared here
   16 | class SimpleStuck {
      |       ^~~~~~~~~~~
../SimpleStuck.cpp:15:1: error: invalid use of template-name ‘SimpleStuck’ without an argument list
   15 | SimpleStuck::~SimpleStuck() {
      | ^~~~~~~~~~~
../SimpleStuck.cpp:15:1: note: class template argument deduction is only available with ‘-std=c++17’ or ‘-std=gnu++17’
In file included from ../SimpleStuck.cpp:8:
../SimpleStuck.h:16:7: note: ‘template<class T> class SimpleStuck’ declared here
   16 | class SimpleStuck {
      |       ^~~~~~~~~~~
../SimpleStuck.cpp:19:1: error: expected unqualified-id before ‘<’ token
   19 | <typename T> bool SimpleStuck::IsEmpty()
      | ^
../SimpleStuck.cpp:24:1: error: expected unqualified-id before ‘<’ token
   24 | <typename T> void SimpleStuck<T>::Push(T num)
      | ^
../SimpleStuck.cpp:29:6: error: ‘template<class T> class SimpleStuck’ used without template arguments
   29 | void SimpleStuck::Pop()
      |      ^~~~~~~~~~~
../SimpleStuck.cpp: In function ‘void Pop()’:
../SimpleStuck.cpp:31:2: error: ‘storage’ was not declared in this scope
   31 |  storage.pop_back();
      |  ^~~~~~~
../SimpleStuck.cpp: At global scope:
../SimpleStuck.cpp:34:5: error: ‘template<class T> class SimpleStuck’ used without template arguments
   34 | int SimpleStuck::Peek()
      |     ^~~~~~~~~~~
../SimpleStuck.cpp: In function ‘int Peek()’:
../SimpleStuck.cpp:36:9: error: ‘storage’ was not declared in this scope
   36 |  return storage.back();
      |         ^~~~~~~
../SimpleStuck.cpp: At global scope:
../SimpleStuck.cpp:39:5: error: ‘template<class T> class SimpleStuck’ used without template arguments
   39 | int SimpleStuck::size()
      |     ^~~~~~~~~~~
../SimpleStuck.cpp: In function ‘int size()’:
../SimpleStuck.cpp:41:9: error: ‘storage’ was not declared in this scope
   41 |  return storage.size();
      |         ^~~~~~~
make: *** [subdir.mk:23: SimpleStuck.o] Error 1
"make all" terminated with exit code 2. Build might be incomplete.
10:22:37 **** Incremental Build of configuration Debug for project Stuck ****
make all 
Building file: ../SimpleStuck.cpp
Invoking: GCC C++ Compiler
g++ -O0 -g3 -Wall -c -fmessage-length=0 -MMD -MP -MF"SimpleStuck.d" -MT"SimpleStuck.o" -o "SimpleStuck.o" "../SimpleStuck.cpp"
../SimpleStuck.cpp:10:1: error: expected unqualified-id before ‘<’ token
   10 | <typename T> SimpleStuck::SimpleStuck() {
      | ^
../SimpleStuck.cpp:15:1: error: invalid use of template-name ‘SimpleStuck’ without an argument list
   15 | SimpleStuck::~SimpleStuck() {
      | ^~~~~~~~~~~
../SimpleStuck.cpp:15:1: note: class template argument deduction is only available with ‘-std=c++17’ or ‘-std=gnu++17’
In file included from ../SimpleStuck.cpp:8:
../SimpleStuck.h:16:7: note: ‘template<class T> class SimpleStuck’ declared here
   16 | class SimpleStuck {
      |       ^~~~~~~~~~~
../SimpleStuck.cpp:19:1: error: expected unqualified-id before ‘<’ token
   19 | <typename T> bool SimpleStuck::IsEmpty()
      | ^
../SimpleStuck.cpp:24:1: error: expected unqualified-id before ‘<’ token
   24 | <typename T> void SimpleStuck<T>::Push(T num)
      | ^
../SimpleStuck.cpp:29:6: error: ‘template<class T> class SimpleStuck’ used without template arguments
   29 | void SimpleStuck::Pop()
      |      ^~~~~~~~~~~
../SimpleStuck.cpp: In function ‘void Pop()’:
../SimpleStuck.cpp:31:2: error: ‘storage’ was not declared in this scope
   31 |  storage.pop_back();
      |  ^~~~~~~
../SimpleStuck.cpp: At global scope:
../SimpleStuck.cpp:34:5: error: ‘template<class T> class SimpleStuck’ used without template arguments
   34 | int SimpleStuck::Peek()
      |     ^~~~~~~~~~~
../SimpleStuck.cpp: In function ‘int Peek()’:
../SimpleStuck.cpp:36:9: error: ‘storage’ was not declared in this scope
   36 |  return storage.back();
      |         ^~~~~~~
../SimpleStuck.cpp: At global scope:
../SimpleStuck.cpp:39:5: error: ‘template<class T> class SimpleStuck’ used without template arguments
   39 | int SimpleStuck::size()
      |     ^~~~~~~~~~~
../SimpleStuck.cpp: In function ‘int size()’:
../SimpleStuck.cpp:41:9: error: ‘storage’ was not declared in this scope
   41 |  return storage.size();
      |         ^~~~~~~
make: *** [subdir.mk:23: SimpleStuck.o] Error 1
"make all" terminated with exit code 2. Build might be incomplete.
10:22:46 **** Incremental Build of configuration Debug for project Stuck ****
make all 
Building file: ../SimpleStuck.cpp
Invoking: GCC C++ Compiler
g++ -O0 -g3 -Wall -c -fmessage-length=0 -MMD -MP -MF"SimpleStuck.d" -MT"SimpleStuck.o" -o "SimpleStuck.o" "../SimpleStuck.cpp"
../SimpleStuck.cpp:10:1: error: expected unqualified-id before ‘<’ token
   10 | <typename T> SimpleStuck<T>::SimpleStuck() {
      | ^
../SimpleStuck.cpp:15:1: error: invalid use of template-name ‘SimpleStuck’ without an argument list
   15 | SimpleStuck::~SimpleStuck() {
      | ^~~~~~~~~~~
../SimpleStuck.cpp:15:1: note: class template argument deduction is only available with ‘-std=c++17’ or ‘-std=gnu++17’
In file included from ../SimpleStuck.cpp:8:
../SimpleStuck.h:16:7: note: ‘template<class T> class SimpleStuck’ declared here
   16 | class SimpleStuck {
      |       ^~~~~~~~~~~
../SimpleStuck.cpp:19:1: error: expected unqualified-id before ‘<’ token
   19 | <typename T> bool SimpleStuck::IsEmpty()
      | ^
../SimpleStuck.cpp:24:1: error: expected unqualified-id before ‘<’ token
   24 | <typename T> void SimpleStuck<T>::Push(T num)
      | ^
../SimpleStuck.cpp:29:6: error: ‘template<class T> class SimpleStuck’ used without template arguments
   29 | void SimpleStuck::Pop()
      |      ^~~~~~~~~~~
../SimpleStuck.cpp: In function ‘void Pop()’:
../SimpleStuck.cpp:31:2: error: ‘storage’ was not declared in this scope
   31 |  storage.pop_back();
      |  ^~~~~~~
../SimpleStuck.cpp: At global scope:
../SimpleStuck.cpp:34:5: error: ‘template<class T> class SimpleStuck’ used without template arguments
   34 | int SimpleStuck::Peek()
      |     ^~~~~~~~~~~
../SimpleStuck.cpp: In function ‘int Peek()’:
../SimpleStuck.cpp:36:9: error: ‘storage’ was not declared in this scope
   36 |  return storage.back();
      |         ^~~~~~~
../SimpleStuck.cpp: At global scope:
../SimpleStuck.cpp:39:5: error: ‘template<class T> class SimpleStuck’ used without template arguments
   39 | int SimpleStuck::size()
      |     ^~~~~~~~~~~
../SimpleStuck.cpp: In function ‘int size()’:
../SimpleStuck.cpp:41:9: error: ‘storage’ was not declared in this scope
   41 |  return storage.size();
      |         ^~~~~~~
make: *** [subdir.mk:23: SimpleStuck.o] Error 1
"make all" terminated with exit code 2. Build might be incomplete.
10:23:28 **** Incremental Build of configuration Debug for project Stuck ****
make all 
Building file: ../SimpleStuck.cpp
Invoking: GCC C++ Compiler
g++ -O0 -g3 -Wall -c -fmessage-length=0 -MMD -MP -MF"SimpleStuck.d" -MT"SimpleStuck.o" -o "SimpleStuck.o" "../SimpleStuck.cpp"
../SimpleStuck.cpp:10:1: error: expected unqualified-id before ‘<’ token
   10 | <typename T> SimpleStuck<T>::SimpleStuck() {
      | ^
../SimpleStuck.cpp:15:1: error: invalid use of template-name ‘SimpleStuck’ without an argument list
   15 | SimpleStuck::~SimpleStuck() {
      | ^~~~~~~~~~~
../SimpleStuck.cpp:15:1: note: class template argument deduction is only available with ‘-std=c++17’ or ‘-std=gnu++17’
In file included from ../SimpleStuck.cpp:8:
../SimpleStuck.h:17:7: note: ‘template<class T> class SimpleStuck’ declared here
   17 | class SimpleStuck {
      |       ^~~~~~~~~~~
../SimpleStuck.cpp:19:1: error: expected unqualified-id before ‘<’ token
   19 | <typename T> bool SimpleStuck::IsEmpty()
      | ^
../SimpleStuck.cpp:24:1: error: expected unqualified-id before ‘<’ token
   24 | <typename T> void SimpleStuck<T>::Push(T num)
      | ^
../SimpleStuck.cpp:29:6: error: ‘template<class T> class SimpleStuck’ used without template arguments
   29 | void SimpleStuck::Pop()
      |      ^~~~~~~~~~~
../SimpleStuck.cpp: In function ‘void Pop()’:
../SimpleStuck.cpp:31:2: error: ‘storage’ was not declared in this scope
   31 |  storage.pop_back();
      |  ^~~~~~~
../SimpleStuck.cpp: At global scope:
../SimpleStuck.cpp:34:5: error: ‘template<class T> class SimpleStuck’ used without template arguments
   34 | int SimpleStuck::Peek()
      |     ^~~~~~~~~~~
../SimpleStuck.cpp: In function ‘int Peek()’:
../SimpleStuck.cpp:36:9: error: ‘storage’ was not declared in this scope
   36 |  return storage.back();
      |         ^~~~~~~
../SimpleStuck.cpp: At global scope:
../SimpleStuck.cpp:39:5: error: ‘template<class T> class SimpleStuck’ used without template arguments
   39 | int SimpleStuck::size()
      |     ^~~~~~~~~~~
../SimpleStuck.cpp: In function ‘int size()’:
../SimpleStuck.cpp:41:9: error: ‘storage’ was not declared in this scope
   41 |  return storage.size();
      |         ^~~~~~~
make: *** [subdir.mk:23: SimpleStuck.o] Error 1
"make all" terminated with exit code 2. Build might be incomplete.
10:24:06 **** Incremental Build of configuration Debug for project Stuck ****
make all 
Building file: ../SimpleStuck.cpp
Invoking: GCC C++ Compiler
g++ -O0 -g3 -Wall -c -fmessage-length=0 -MMD -MP -MF"SimpleStuck.d" -MT"SimpleStuck.o" -o "SimpleStuck.o" "../SimpleStuck.cpp"
../SimpleStuck.cpp:10:1: error: expected unqualified-id before ‘<’ token
   10 | <typename T> SimpleStuck<T>::SimpleStuck() {
      | ^
../SimpleStuck.cpp:15:1: error: ‘SimpleStuck’ does not name a type
   15 | SimpleStuck::~SimpleStuck() {
      | ^~~~~~~~~~~
../SimpleStuck.cpp:19:1: error: expected unqualified-id before ‘<’ token
   19 | <typename T> bool SimpleStuck::IsEmpty()
      | ^
../SimpleStuck.cpp:24:1: error: expected unqualified-id before ‘<’ token
   24 | <typename T> void SimpleStuck<T>::Push(T num)
      | ^
../SimpleStuck.cpp:29:6: error: ‘SimpleStuck’ has not been declared
   29 | void SimpleStuck::Pop()
      |      ^~~~~~~~~~~
../SimpleStuck.cpp: In function ‘void Pop()’:
../SimpleStuck.cpp:31:2: error: ‘storage’ was not declared in this scope
   31 |  storage.pop_back();
      |  ^~~~~~~
../SimpleStuck.cpp: At global scope:
../SimpleStuck.cpp:34:5: error: ‘SimpleStuck’ has not been declared
   34 | int SimpleStuck::Peek()
      |     ^~~~~~~~~~~
../SimpleStuck.cpp: In function ‘int Peek()’:
../SimpleStuck.cpp:36:9: error: ‘storage’ was not declared in this scope
   36 |  return storage.back();
      |         ^~~~~~~
../SimpleStuck.cpp: At global scope:
../SimpleStuck.cpp:39:5: error: ‘SimpleStuck’ has not been declared
   39 | int SimpleStuck::size()
      |     ^~~~~~~~~~~
../SimpleStuck.cpp: In function ‘int size()’:
../SimpleStuck.cpp:41:9: error: ‘storage’ was not declared in this scope
   41 |  return storage.size();
      |         ^~~~~~~
make: *** [subdir.mk:23: SimpleStuck.o] Error 1
"make all" terminated with exit code 2. Build might be incomplete.
10:24:23 **** Incremental Build of configuration Debug for project Stuck ****
make all 
Building file: ../SimpleStuck.cpp
Invoking: GCC C++ Compiler
g++ -O0 -g3 -Wall -c -fmessage-length=0 -MMD -MP -MF"SimpleStuck.d" -MT"SimpleStuck.o" -o "SimpleStuck.o" "../SimpleStuck.cpp"
../SimpleStuck.cpp:10:1: error: expected unqualified-id before ‘<’ token
   10 | <typename T> SimpleStuck<T>::SimpleStuck() {
      | ^
../SimpleStuck.cpp:15:1: error: ‘SimpleStuck’ does not name a type
   15 | SimpleStuck::~SimpleStuck() {
      | ^~~~~~~~~~~
../SimpleStuck.cpp:19:1: error: expected unqualified-id before ‘<’ token
   19 | <typename T> bool SimpleStuck::IsEmpty()
      | ^
../SimpleStuck.cpp:24:1: error: expected unqualified-id before ‘<’ token
   24 | <typename T> void SimpleStuck<T>::Push(T num)
      | ^
../SimpleStuck.cpp:29:6: error: ‘SimpleStuck’ has not been declared
   29 | void SimpleStuck::Pop()
      |      ^~~~~~~~~~~
../SimpleStuck.cpp: In function ‘void Pop()’:
../SimpleStuck.cpp:31:2: error: ‘storage’ was not declared in this scope
   31 |  storage.pop_back();
      |  ^~~~~~~
../SimpleStuck.cpp: At global scope:
../SimpleStuck.cpp:34:5: error: ‘SimpleStuck’ has not been declared
   34 | int SimpleStuck::Peek()
      |     ^~~~~~~~~~~
../SimpleStuck.cpp: In function ‘int Peek()’:
../SimpleStuck.cpp:36:9: error: ‘storage’ was not declared in this scope
   36 |  return storage.back();
      |         ^~~~~~~
../SimpleStuck.cpp: At global scope:
../SimpleStuck.cpp:39:5: error: ‘SimpleStuck’ has not been declared
   39 | int SimpleStuck::size()
      |     ^~~~~~~~~~~
../SimpleStuck.cpp: In function ‘int size()’:
../SimpleStuck.cpp:41:9: error: ‘storage’ was not declared in this scope
   41 |  return storage.size();
      |         ^~~~~~~
make: *** [subdir.mk:23: SimpleStuck.o] Error 1
"make all" terminated with exit code 2. Build might be incomplete.
10:24:34 **** Incremental Build of configuration Debug for project Stuck ****
make all 
Building file: ../SimpleStuck.cpp
Invoking: GCC C++ Compiler
g++ -O0 -g3 -Wall -c -fmessage-length=0 -MMD -MP -MF"SimpleStuck.d" -MT"SimpleStuck.o" -o "SimpleStuck.o" "../SimpleStuck.cpp"
../SimpleStuck.cpp:10:1: error: expected unqualified-id before ‘<’ token
   10 | <typename T> SimpleStuck<T>::SimpleStuck() {
      | ^
../SimpleStuck.cpp:15:1: error: ‘SimpleStuck’ does not name a type
   15 | SimpleStuck::~SimpleStuck() {
      | ^~~~~~~~~~~
../SimpleStuck.cpp:19:1: error: expected unqualified-id before ‘<’ token
   19 | <typename T> bool SimpleStuck::IsEmpty()
      | ^
../SimpleStuck.cpp:24:1: error: expected unqualified-id before ‘<’ token
   24 | <typename T> void SimpleStuck<T>::Push(T num)
      | ^
../SimpleStuck.cpp:29:6: error: ‘SimpleStuck’ has not been declared
   29 | void SimpleStuck::Pop()
      |      ^~~~~~~~~~~
../SimpleStuck.cpp: In function ‘void Pop()’:
../SimpleStuck.cpp:31:2: error: ‘storage’ was not declared in this scope
   31 |  storage.pop_back();
      |  ^~~~~~~
../SimpleStuck.cpp: At global scope:
../SimpleStuck.cpp:34:5: error: ‘SimpleStuck’ has not been declared
   34 | int SimpleStuck::Peek()
      |     ^~~~~~~~~~~
../SimpleStuck.cpp: In function ‘int Peek()’:
../SimpleStuck.cpp:36:9: error: ‘storage’ was not declared in this scope
   36 |  return storage.back();
      |         ^~~~~~~
../SimpleStuck.cpp: At global scope:
../SimpleStuck.cpp:39:5: error: ‘SimpleStuck’ has not been declared
   39 | int SimpleStuck::size()
      |     ^~~~~~~~~~~
../SimpleStuck.cpp: In function ‘int size()’:
../SimpleStuck.cpp:41:9: error: ‘storage’ was not declared in this scope
   41 |  return storage.size();
      |         ^~~~~~~
make: *** [subdir.mk:23: SimpleStuck.o] Error 1
"make all" terminated with exit code 2. Build might be incomplete.
10:25:16 **** Incremental Build of configuration Debug for project Stuck ****
make all 
Building file: ../SimpleStuck.cpp
Invoking: GCC C++ Compiler
g++ -O0 -g3 -Wall -c -fmessage-length=0 -MMD -MP -MF"SimpleStuck.d" -MT"SimpleStuck.o" -o "SimpleStuck.o" "../SimpleStuck.cpp"
../SimpleStuck.cpp:12:1: error: expected unqualified-id before ‘<’ token
   12 | <typename T> SimpleStuck<T>::SimpleStuck() {
      | ^
../SimpleStuck.cpp:17:1: error: invalid use of template-name ‘hrd24::SimpleStuck’ without an argument list
   17 | SimpleStuck::~SimpleStuck() {
      | ^~~~~~~~~~~
../SimpleStuck.cpp:17:1: note: class template argument deduction is only available with ‘-std=c++17’ or ‘-std=gnu++17’
In file included from ../SimpleStuck.cpp:8:
../SimpleStuck.h:19:7: note: ‘template<class T> class hrd24::SimpleStuck’ declared here
   19 | class SimpleStuck {
      |       ^~~~~~~~~~~
../SimpleStuck.cpp:21:1: error: expected unqualified-id before ‘<’ token
   21 | <typename T> bool SimpleStuck::IsEmpty()
      | ^
../SimpleStuck.cpp:26:1: error: expected unqualified-id before ‘<’ token
   26 | <typename T> void SimpleStuck<T>::Push(T num)
      | ^
../SimpleStuck.cpp:31:6: error: ‘template<class T> class hrd24::SimpleStuck’ used without template arguments
   31 | void SimpleStuck::Pop()
      |      ^~~~~~~~~~~
../SimpleStuck.cpp: In function ‘void Pop()’:
../SimpleStuck.cpp:33:2: error: ‘storage’ was not declared in this scope
   33 |  storage.pop_back();
      |  ^~~~~~~
../SimpleStuck.cpp: At global scope:
../SimpleStuck.cpp:36:5: error: ‘template<class T> class hrd24::SimpleStuck’ used without template arguments
   36 | int SimpleStuck::Peek()
      |     ^~~~~~~~~~~
../SimpleStuck.cpp: In function ‘int Peek()’:
../SimpleStuck.cpp:38:9: error: ‘storage’ was not declared in this scope
   38 |  return storage.back();
      |         ^~~~~~~
../SimpleStuck.cpp: At global scope:
../SimpleStuck.cpp:41:5: error: ‘template<class T> class hrd24::SimpleStuck’ used without template arguments
   41 | int SimpleStuck::size()
      |     ^~~~~~~~~~~
../SimpleStuck.cpp: In function ‘int size()’:
../SimpleStuck.cpp:43:9: error: ‘storage’ was not declared in this scope
   43 |  return storage.size();
      |         ^~~~~~~
make: *** [subdir.mk:23: SimpleStuck.o] Error 1
"make all" terminated with exit code 2. Build might be incomplete.
10:27:23 **** Incremental Build of configuration Debug for project Stuck ****
make all 
Building file: ../SimpleStuck.cpp
Invoking: GCC C++ Compiler
g++ -O0 -g3 -Wall -c -fmessage-length=0 -MMD -MP -MF"SimpleStuck.d" -MT"SimpleStuck.o" -o "SimpleStuck.o" "../SimpleStuck.cpp"
../SimpleStuck.cpp:17:1: error: invalid use of template-name ‘hrd24::SimpleStuck’ without an argument list
   17 | SimpleStuck::~SimpleStuck() {
      | ^~~~~~~~~~~
../SimpleStuck.cpp:17:1: note: class template argument deduction is only available with ‘-std=c++17’ or ‘-std=gnu++17’
In file included from ../SimpleStuck.cpp:8:
../SimpleStuck.h:19:7: note: ‘template<class T> class hrd24::SimpleStuck’ declared here
   19 | class SimpleStuck {
      |       ^~~~~~~~~~~
../SimpleStuck.cpp:21:1: error: expected unqualified-id before ‘<’ token
   21 | <typename T> bool SimpleStuck::IsEmpty()
      | ^
../SimpleStuck.cpp:26:1: error: expected unqualified-id before ‘<’ token
   26 | <typename T> void SimpleStuck<T>::Push(T num)
      | ^
../SimpleStuck.cpp:31:6: error: ‘template<class T> class hrd24::SimpleStuck’ used without template arguments
   31 | void SimpleStuck::Pop()
      |      ^~~~~~~~~~~
../SimpleStuck.cpp: In function ‘void Pop()’:
../SimpleStuck.cpp:33:2: error: ‘storage’ was not declared in this scope
   33 |  storage.pop_back();
      |  ^~~~~~~
../SimpleStuck.cpp: At global scope:
../SimpleStuck.cpp:36:5: error: ‘template<class T> class hrd24::SimpleStuck’ used without template arguments
   36 | int SimpleStuck::Peek()
      |     ^~~~~~~~~~~
../SimpleStuck.cpp: In function ‘int Peek()’:
../SimpleStuck.cpp:38:9: error: ‘storage’ was not declared in this scope
   38 |  return storage.back();
      |         ^~~~~~~
../SimpleStuck.cpp: At global scope:
../SimpleStuck.cpp:41:5: error: ‘template<class T> class hrd24::SimpleStuck’ used without template arguments
   41 | int SimpleStuck::size()
      |     ^~~~~~~~~~~
../SimpleStuck.cpp: In function ‘int size()’:
../SimpleStuck.cpp:43:9: error: ‘storage’ was not declared in this scope
   43 |  return storage.size();
      |         ^~~~~~~
make: *** [subdir.mk:23: SimpleStuck.o] Error 1
"make all" terminated with exit code 2. Build might be incomplete.
10:27:33 **** Incremental Build of configuration Debug for project Stuck ****
make all 
Building file: ../SimpleStuck.cpp
Invoking: GCC C++ Compiler
g++ -O0 -g3 -Wall -c -fmessage-length=0 -MMD -MP -MF"SimpleStuck.d" -MT"SimpleStuck.o" -o "SimpleStuck.o" "../SimpleStuck.cpp"
../SimpleStuck.cpp:17:23: error: invalid use of template-name ‘hrd24::SimpleStuck’ without an argument list
   17 | template <typename T> SimpleStuck::~SimpleStuck() {
      |                       ^~~~~~~~~~~
../SimpleStuck.cpp:17:23: note: class template argument deduction is only available with ‘-std=c++17’ or ‘-std=gnu++17’
In file included from ../SimpleStuck.cpp:8:
../SimpleStuck.h:19:7: note: ‘template<class T> class hrd24::SimpleStuck’ declared here
   19 | class SimpleStuck {
      |       ^~~~~~~~~~~
../SimpleStuck.cpp:21:1: error: expected unqualified-id before ‘<’ token
   21 | <typename T> bool SimpleStuck::IsEmpty()
      | ^
../SimpleStuck.cpp:26:1: error: expected unqualified-id before ‘<’ token
   26 | <typename T> void SimpleStuck<T>::Push(T num)
      | ^
../SimpleStuck.cpp:31:6: error: ‘template<class T> class hrd24::SimpleStuck’ used without template arguments
   31 | void SimpleStuck::Pop()
      |      ^~~~~~~~~~~
../SimpleStuck.cpp: In function ‘void Pop()’:
../SimpleStuck.cpp:33:2: error: ‘storage’ was not declared in this scope
   33 |  storage.pop_back();
      |  ^~~~~~~
../SimpleStuck.cpp: At global scope:
../SimpleStuck.cpp:36:5: error: ‘template<class T> class hrd24::SimpleStuck’ used without template arguments
   36 | int SimpleStuck::Peek()
      |     ^~~~~~~~~~~
../SimpleStuck.cpp: In function ‘int Peek()’:
../SimpleStuck.cpp:38:9: error: ‘storage’ was not declared in this scope
   38 |  return storage.back();
      |         ^~~~~~~
../SimpleStuck.cpp: At global scope:
../SimpleStuck.cpp:41:5: error: ‘template<class T> class hrd24::SimpleStuck’ used without template arguments
   41 | int SimpleStuck::size()
      |     ^~~~~~~~~~~
../SimpleStuck.cpp: In function ‘int size()’:
../SimpleStuck.cpp:43:9: error: ‘storage’ was not declared in this scope
   43 |  return storage.size();
      |         ^~~~~~~
make: *** [subdir.mk:23: SimpleStuck.o] Error 1
"make all" terminated with exit code 2. Build might be incomplete.
10:27:41 **** Incremental Build of configuration Debug for project Stuck ****
make all 
Building file: ../SimpleStuck.cpp
Invoking: GCC C++ Compiler
g++ -O0 -g3 -Wall -c -fmessage-length=0 -MMD -MP -MF"SimpleStuck.d" -MT"SimpleStuck.o" -o "SimpleStuck.o" "../SimpleStuck.cpp"
../SimpleStuck.cpp:21:1: error: expected unqualified-id before ‘<’ token
   21 | <typename T> bool SimpleStuck::IsEmpty()
      | ^
../SimpleStuck.cpp:26:1: error: expected unqualified-id before ‘<’ token
   26 | <typename T> void SimpleStuck<T>::Push(T num)
      | ^
../SimpleStuck.cpp:31:6: error: ‘template<class T> class hrd24::SimpleStuck’ used without template arguments
   31 | void SimpleStuck::Pop()
      |      ^~~~~~~~~~~
../SimpleStuck.cpp: In function ‘void Pop()’:
../SimpleStuck.cpp:33:2: error: ‘storage’ was not declared in this scope
   33 |  storage.pop_back();
      |  ^~~~~~~
../SimpleStuck.cpp: At global scope:
../SimpleStuck.cpp:36:5: error: ‘template<class T> class hrd24::SimpleStuck’ used without template arguments
   36 | int SimpleStuck::Peek()
      |     ^~~~~~~~~~~
../SimpleStuck.cpp: In function ‘int Peek()’:
../SimpleStuck.cpp:38:9: error: ‘storage’ was not declared in this scope
   38 |  return storage.back();
      |         ^~~~~~~
../SimpleStuck.cpp: At global scope:
../SimpleStuck.cpp:41:5: error: ‘template<class T> class hrd24::SimpleStuck’ used without template arguments
   41 | int SimpleStuck::size()
      |     ^~~~~~~~~~~
../SimpleStuck.cpp: In function ‘int size()’:
../SimpleStuck.cpp:43:9: error: ‘storage’ was not declared in this scope
   43 |  return storage.size();
      |         ^~~~~~~
make: *** [subdir.mk:23: SimpleStuck.o] Error 1
"make all" terminated with exit code 2. Build might be incomplete.
10:28:46 **** Incremental Build of configuration Debug for project Stuck ****
make all 
Building file: ../SimpleStuck.cpp
Invoking: GCC C++ Compiler
g++ -O0 -g3 -Wall -c -fmessage-length=0 -MMD -MP -MF"SimpleStuck.d" -MT"SimpleStuck.o" -o "SimpleStuck.o" "../SimpleStuck.cpp"
Finished building: ../SimpleStuck.cpp
 
Building file: ../SimpleStuckTest.cpp
Invoking: GCC C++ Compiler
g++ -O0 -g3 -Wall -c -fmessage-length=0 -MMD -MP -MF"SimpleStuckTest.d" -MT"SimpleStuckTest.o" -o "SimpleStuckTest.o" "../SimpleStuckTest.cpp"
../SimpleStuckTest.cpp: In function ‘int main()’:
../SimpleStuckTest.cpp:15:2: error: ‘SimpleStuck’ was not declared in this scope; did you mean ‘hrd24::SimpleStuck’?
   15 |  SimpleStuck <int>stuck;
      |  ^~~~~~~~~~~
      |  hrd24::SimpleStuck
In file included from ../SimpleStuckTest.cpp:8:
../SimpleStuck.h:19:7: note: ‘hrd24::SimpleStuck’ declared here
   19 | class SimpleStuck {
      |       ^~~~~~~~~~~
../SimpleStuckTest.cpp:15:15: error: expected primary-expression before ‘int’
   15 |  SimpleStuck <int>stuck;
      |               ^~~
../SimpleStuckTest.cpp:20:3: error: ‘stuck’ was not declared in this scope; did you mean ‘struct’?
   20 |   stuck.Push(i);
      |   ^~~~~
      |   struct
../SimpleStuckTest.cpp:23:5: error: ‘stuck’ was not declared in this scope; did you mean ‘struct’?
   23 |  if(stuck.size() != 5 || stuck.Peek() != 4)
      |     ^~~~~
      |     struct
../SimpleStuckTest.cpp:29:2: error: ‘stuck’ was not declared in this scope; did you mean ‘struct’?
   29 |  stuck.Pop();
      |  ^~~~~
      |  struct
make: *** [subdir.mk:23: SimpleStuckTest.o] Error 1
"make all" terminated with exit code 2. Build might be incomplete.
10:29:02 **** Incremental Build of configuration Debug for project Stuck ****
make all 
Building file: ../SimpleStuck.cpp
Invoking: GCC C++ Compiler
g++ -O0 -g3 -Wall -c -fmessage-length=0 -MMD -MP -MF"SimpleStuck.d" -MT"SimpleStuck.o" -o "SimpleStuck.o" "../SimpleStuck.cpp"
../SimpleStuck.cpp:12:23: error: ‘SimpleStuck’ does not name a type
   12 | template <typename T> SimpleStuck<T>::SimpleStuck() {
      |                       ^~~~~~~~~~~
../SimpleStuck.cpp:17:23: error: ‘SimpleStuck’ does not name a type
   17 | template <typename T> SimpleStuck<T>::~SimpleStuck() {
      |                       ^~~~~~~~~~~
../SimpleStuck.cpp:21:39: error: expected initializer before ‘<’ token
   21 | template <typename T> bool SimpleStuck<T>::IsEmpty()
      |                                       ^
../SimpleStuck.cpp:26:39: error: expected initializer before ‘<’ token
   26 | template <typename T> void SimpleStuck<T>::Push(T num)
      |                                       ^
../SimpleStuck.cpp:31:39: error: expected initializer before ‘<’ token
   31 | template <typename T> void SimpleStuck<T>::Pop()
      |                                       ^
../SimpleStuck.cpp:36:38: error: expected initializer before ‘<’ token
   36 | template <typename T> int SimpleStuck<T>::Peek()
      |                                      ^
../SimpleStuck.cpp:41:38: error: expected initializer before ‘<’ token
   41 | template <typename T> int SimpleStuck<T>::size()
      |                                      ^
make: *** [subdir.mk:23: SimpleStuck.o] Error 1
"make all" terminated with exit code 2. Build might be incomplete.
10:29:07 **** Incremental Build of configuration Debug for project Stuck ****
make all 
Building file: ../SimpleStuck.cpp
Invoking: GCC C++ Compiler
g++ -O0 -g3 -Wall -c -fmessage-length=0 -MMD -MP -MF"SimpleStuck.d" -MT"SimpleStuck.o" -o "SimpleStuck.o" "../SimpleStuck.cpp"
Finished building: ../SimpleStuck.cpp
 
Building file: ../SimpleStuckTest.cpp
Invoking: GCC C++ Compiler
g++ -O0 -g3 -Wall -c -fmessage-length=0 -MMD -MP -MF"SimpleStuckTest.d" -MT"SimpleStuckTest.o" -o "SimpleStuckTest.o" "../SimpleStuckTest.cpp"
../SimpleStuckTest.cpp: In function ‘int main()’:
../SimpleStuckTest.cpp:15:2: error: ‘SimpleStuck’ was not declared in this scope; did you mean ‘hrd24::SimpleStuck’?
   15 |  SimpleStuck <int>stuck;
      |  ^~~~~~~~~~~
      |  hrd24::SimpleStuck
In file included from ../SimpleStuckTest.cpp:8:
../SimpleStuck.h:19:7: note: ‘hrd24::SimpleStuck’ declared here
   19 | class SimpleStuck {
      |       ^~~~~~~~~~~
../SimpleStuckTest.cpp:15:15: error: expected primary-expression before ‘int’
   15 |  SimpleStuck <int>stuck;
      |               ^~~
../SimpleStuckTest.cpp:20:3: error: ‘stuck’ was not declared in this scope; did you mean ‘struct’?
   20 |   stuck.Push(i);
      |   ^~~~~
      |   struct
../SimpleStuckTest.cpp:23:5: error: ‘stuck’ was not declared in this scope; did you mean ‘struct’?
   23 |  if(stuck.size() != 5 || stuck.Peek() != 4)
      |     ^~~~~
      |     struct
../SimpleStuckTest.cpp:29:2: error: ‘stuck’ was not declared in this scope; did you mean ‘struct’?
   29 |  stuck.Pop();
      |  ^~~~~
      |  struct
make: *** [subdir.mk:23: SimpleStuckTest.o] Error 1
"make all" terminated with exit code 2. Build might be incomplete.
10:29:15 **** Incremental Build of configuration Debug for project Stuck ****
make all 
Building file: ../SimpleStuckTest.cpp
Invoking: GCC C++ Compiler
g++ -O0 -g3 -Wall -c -fmessage-length=0 -MMD -MP -MF"SimpleStuckTest.d" -MT"SimpleStuckTest.o" -o "SimpleStuckTest.o" "../SimpleStuckTest.cpp"
Finished building: ../SimpleStuckTest.cpp
 
Building target: Stuck
Invoking: GCC C++ Linker
g++  -o "Stuck"  ./SimpleStuck.o ./SimpleStuckTest.o   
/usr/bin/ld: ./SimpleStuckTest.o: in function `main':
/home/yaron/eclipse-workspace/Stuck/Debug/../SimpleStuckTest.cpp:15: undefined reference to `hrd24::SimpleStuck<int>::SimpleStuck()'
/usr/bin/ld: /home/yaron/eclipse-workspace/Stuck/Debug/../SimpleStuckTest.cpp:20: undefined reference to `hrd24::SimpleStuck<int>::Push(int)'
/usr/bin/ld: /home/yaron/eclipse-workspace/Stuck/Debug/../SimpleStuckTest.cpp:23: undefined reference to `hrd24::SimpleStuck<int>::size()'
/usr/bin/ld: /home/yaron/eclipse-workspace/Stuck/Debug/../SimpleStuckTest.cpp:23: undefined reference to `hrd24::SimpleStuck<int>::Peek()'
/usr/bin/ld: /home/yaron/eclipse-workspace/Stuck/Debug/../SimpleStuckTest.cpp:29: undefined reference to `hrd24::SimpleStuck<int>::Pop()'
/usr/bin/ld: /home/yaron/eclipse-workspace/Stuck/Debug/../SimpleStuckTest.cpp:31: undefined reference to `hrd24::SimpleStuck<int>::size()'
/usr/bin/ld: /home/yaron/eclipse-workspace/Stuck/Debug/../SimpleStuckTest.cpp:31: undefined reference to `hrd24::SimpleStuck<int>::Peek()'
/usr/bin/ld: /home/yaron/eclipse-workspace/Stuck/Debug/../SimpleStuckTest.cpp:37: undefined reference to `hrd24::SimpleStuck<int>::Pop()'
/usr/bin/ld: /home/yaron/eclipse-workspace/Stuck/Debug/../SimpleStuckTest.cpp:38: undefined reference to `hrd24::SimpleStuck<int>::Pop()'
/usr/bin/ld: /home/yaron/eclipse-workspace/Stuck/Debug/../SimpleStuckTest.cpp:39: undefined reference to `hrd24::SimpleStuck<int>::Pop()'
/usr/bin/ld: /home/yaron/eclipse-workspace/Stuck/Debug/../SimpleStuckTest.cpp:41: undefined reference to `hrd24::SimpleStuck<int>::size()'
/usr/bin/ld: /home/yaron/eclipse-workspace/Stuck/Debug/../SimpleStuckTest.cpp:41: undefined reference to `hrd24::SimpleStuck<int>::IsEmpty()'
/usr/bin/ld: /home/yaron/eclipse-workspace/Stuck/Debug/../SimpleStuckTest.cpp:47: undefined reference to `hrd24::SimpleStuck<int>::Pop()'
/usr/bin/ld: /home/yaron/eclipse-workspace/Stuck/Debug/../SimpleStuckTest.cpp:48: undefined reference to `hrd24::SimpleStuck<int>::IsEmpty()'
/usr/bin/ld: /home/yaron/eclipse-workspace/Stuck/Debug/../SimpleStuckTest.cpp:15: undefined reference to `hrd24::SimpleStuck<int>::~SimpleStuck()'
/usr/bin/ld: /home/yaron/eclipse-workspace/Stuck/Debug/../SimpleStuckTest.cpp:15: undefined reference to `hrd24::SimpleStuck<int>::~SimpleStuck()'
collect2: error: ld returned 1 exit status
make: *** [makefile:58: Stuck] Error 1
"make all" terminated with exit code 2. Build might be incomplete.
10:30:53 **** Incremental Build of configuration Debug for project Stuck ****
make all 
Building file: ../SimpleStuckTest.cpp
Invoking: GCC C++ Compiler
g++ -O0 -g3 -Wall -c -fmessage-length=0 -MMD -MP -MF"SimpleStuckTest.d" -MT"SimpleStuckTest.o" -o "SimpleStuckTest.o" "../SimpleStuckTest.cpp"
Finished building: ../SimpleStuckTest.cpp
 
Building target: Stuck
Invoking: GCC C++ Linker
g++  -o "Stuck"  ./SimpleStuck.o ./SimpleStuckTest.o   
/usr/bin/ld: ./SimpleStuckTest.o: in function `main':
/home/yaron/eclipse-workspace/Stuck/Debug/../SimpleStuckTest.cpp:15: undefined reference to `hrd24::SimpleStuck<float>::SimpleStuck()'
/usr/bin/ld: /home/yaron/eclipse-workspace/Stuck/Debug/../SimpleStuckTest.cpp:20: undefined reference to `hrd24::SimpleStuck<float>::Push(float)'
/usr/bin/ld: /home/yaron/eclipse-workspace/Stuck/Debug/../SimpleStuckTest.cpp:23: undefined reference to `hrd24::SimpleStuck<float>::size()'
/usr/bin/ld: /home/yaron/eclipse-workspace/Stuck/Debug/../SimpleStuckTest.cpp:23: undefined reference to `hrd24::SimpleStuck<float>::Peek()'
/usr/bin/ld: /home/yaron/eclipse-workspace/Stuck/Debug/../SimpleStuckTest.cpp:29: undefined reference to `hrd24::SimpleStuck<float>::Pop()'
/usr/bin/ld: /home/yaron/eclipse-workspace/Stuck/Debug/../SimpleStuckTest.cpp:31: undefined reference to `hrd24::SimpleStuck<float>::size()'
/usr/bin/ld: /home/yaron/eclipse-workspace/Stuck/Debug/../SimpleStuckTest.cpp:31: undefined reference to `hrd24::SimpleStuck<float>::Peek()'
/usr/bin/ld: /home/yaron/eclipse-workspace/Stuck/Debug/../SimpleStuckTest.cpp:37: undefined reference to `hrd24::SimpleStuck<float>::Pop()'
/usr/bin/ld: /home/yaron/eclipse-workspace/Stuck/Debug/../SimpleStuckTest.cpp:38: undefined reference to `hrd24::SimpleStuck<float>::Pop()'
/usr/bin/ld: /home/yaron/eclipse-workspace/Stuck/Debug/../SimpleStuckTest.cpp:39: undefined reference to `hrd24::SimpleStuck<float>::Pop()'
/usr/bin/ld: /home/yaron/eclipse-workspace/Stuck/Debug/../SimpleStuckTest.cpp:41: undefined reference to `hrd24::SimpleStuck<float>::size()'
/usr/bin/ld: /home/yaron/eclipse-workspace/Stuck/Debug/../SimpleStuckTest.cpp:41: undefined reference to `hrd24::SimpleStuck<float>::IsEmpty()'
/usr/bin/ld: /home/yaron/eclipse-workspace/Stuck/Debug/../SimpleStuckTest.cpp:47: undefined reference to `hrd24::SimpleStuck<float>::Pop()'
/usr/bin/ld: /home/yaron/eclipse-workspace/Stuck/Debug/../SimpleStuckTest.cpp:48: undefined reference to `hrd24::SimpleStuck<float>::IsEmpty()'
/usr/bin/ld: /home/yaron/eclipse-workspace/Stuck/Debug/../SimpleStuckTest.cpp:15: undefined reference to `hrd24::SimpleStuck<float>::~SimpleStuck()'
/usr/bin/ld: /home/yaron/eclipse-workspace/Stuck/Debug/../SimpleStuckTest.cpp:15: undefined reference to `hrd24::SimpleStuck<float>::~SimpleStuck()'
collect2: error: ld returned 1 exit status
make: *** [makefile:58: Stuck] Error 1
"make all" terminated with exit code 2. Build might be incomplete.
10:32:05 **** Incremental Build of configuration Debug for project Stuck ****
make all 
Building file: ../SimpleStuckTest.cpp
Invoking: GCC C++ Compiler
g++ -O0 -g3 -Wall -c -fmessage-length=0 -MMD -MP -MF"SimpleStuckTest.d" -MT"SimpleStuckTest.o" -o "SimpleStuckTest.o" "../SimpleStuckTest.cpp"
../SimpleStuckTest.cpp: In function ‘int main()’:
../SimpleStuckTest.cpp:21:3: error: ‘stuck’ was not declared in this scope; did you mean ‘struct’?
   21 |   stuck.Push(i);
      |   ^~~~~
      |   struct
../SimpleStuckTest.cpp:24:5: error: ‘stuck’ was not declared in this scope; did you mean ‘struct’?
   24 |  if(stuck.size() != 5 || stuck.Peek() != 4)
      |     ^~~~~
      |     struct
../SimpleStuckTest.cpp:30:2: error: ‘stuck’ was not declared in this scope; did you mean ‘struct’?
   30 |  stuck.Pop();
      |  ^~~~~
      |  struct
make: *** [subdir.mk:23: SimpleStuckTest.o] Error 1
"make all" terminated with exit code 2. Build might be incomplete.
10:32:16 **** Incremental Build of configuration Debug for project Stuck ****
make all 
Building file: ../SimpleStuckTest.cpp
Invoking: GCC C++ Compiler
g++ -O0 -g3 -Wall -c -fmessage-length=0 -MMD -MP -MF"SimpleStuckTest.d" -MT"SimpleStuckTest.o" -o "SimpleStuckTest.o" "../SimpleStuckTest.cpp"
../SimpleStuckTest.cpp: In function ‘int main()’:
../SimpleStuckTest.cpp:21:3: error: ‘stuck’ was not declared in this scope; did you mean ‘struct’?
   21 |   stuck.Push(i);
      |   ^~~~~
      |   struct
../SimpleStuckTest.cpp:24:5: error: ‘stuck’ was not declared in this scope; did you mean ‘struct’?
   24 |  if(stuck.size() != 5 || stuck.Peek() != 4)
      |     ^~~~~
      |     struct
../SimpleStuckTest.cpp:30:2: error: ‘stuck’ was not declared in this scope; did you mean ‘struct’?
   30 |  stuck.Pop();
      |  ^~~~~
      |  struct
make: *** [subdir.mk:23: SimpleStuckTest.o] Error 1
"make all" terminated with exit code 2. Build might be incomplete.
10:32:27 **** Incremental Build of configuration Debug for project Stuck ****
make all 
Building file: ../SimpleStuckTest.cpp
Invoking: GCC C++ Compiler
g++ -O0 -g3 -Wall -c -fmessage-length=0 -MMD -MP -MF"SimpleStuckTest.d" -MT"SimpleStuckTest.o" -o "SimpleStuckTest.o" "../SimpleStuckTest.cpp"
Finished building: ../SimpleStuckTest.cpp
 
Building target: Stuck
Invoking: GCC C++ Linker
g++  -o "Stuck"  ./SimpleStuck.o ./SimpleStuckTest.o   
/usr/bin/ld: ./SimpleStuckTest.o: in function `main':
/home/yaron/eclipse-workspace/Stuck/Debug/../SimpleStuckTest.cpp:16: undefined reference to `hrd24::SimpleStuck<int>::SimpleStuck()'
/usr/bin/ld: /home/yaron/eclipse-workspace/Stuck/Debug/../SimpleStuckTest.cpp:21: undefined reference to `hrd24::SimpleStuck<int>::Push(int)'
/usr/bin/ld: /home/yaron/eclipse-workspace/Stuck/Debug/../SimpleStuckTest.cpp:24: undefined reference to `hrd24::SimpleStuck<int>::size()'
/usr/bin/ld: /home/yaron/eclipse-workspace/Stuck/Debug/../SimpleStuckTest.cpp:24: undefined reference to `hrd24::SimpleStuck<int>::Peek()'
/usr/bin/ld: /home/yaron/eclipse-workspace/Stuck/Debug/../SimpleStuckTest.cpp:30: undefined reference to `hrd24::SimpleStuck<int>::Pop()'
/usr/bin/ld: /home/yaron/eclipse-workspace/Stuck/Debug/../SimpleStuckTest.cpp:32: undefined reference to `hrd24::SimpleStuck<int>::size()'
/usr/bin/ld: /home/yaron/eclipse-workspace/Stuck/Debug/../SimpleStuckTest.cpp:32: undefined reference to `hrd24::SimpleStuck<int>::Peek()'
/usr/bin/ld: /home/yaron/eclipse-workspace/Stuck/Debug/../SimpleStuckTest.cpp:38: undefined reference to `hrd24::SimpleStuck<int>::Pop()'
/usr/bin/ld: /home/yaron/eclipse-workspace/Stuck/Debug/../SimpleStuckTest.cpp:39: undefined reference to `hrd24::SimpleStuck<int>::Pop()'
/usr/bin/ld: /home/yaron/eclipse-workspace/Stuck/Debug/../SimpleStuckTest.cpp:40: undefined reference to `hrd24::SimpleStuck<int>::Pop()'
/usr/bin/ld: /home/yaron/eclipse-workspace/Stuck/Debug/../SimpleStuckTest.cpp:42: undefined reference to `hrd24::SimpleStuck<int>::size()'
/usr/bin/ld: /home/yaron/eclipse-workspace/Stuck/Debug/../SimpleStuckTest.cpp:42: undefined reference to `hrd24::SimpleStuck<int>::IsEmpty()'
/usr/bin/ld: /home/yaron/eclipse-workspace/Stuck/Debug/../SimpleStuckTest.cpp:48: undefined reference to `hrd24::SimpleStuck<int>::Pop()'
/usr/bin/ld: /home/yaron/eclipse-workspace/Stuck/Debug/../SimpleStuckTest.cpp:49: undefined reference to `hrd24::SimpleStuck<int>::IsEmpty()'
/usr/bin/ld: /home/yaron/eclipse-workspace/Stuck/Debug/../SimpleStuckTest.cpp:16: undefined reference to `hrd24::SimpleStuck<int>::~SimpleStuck()'
/usr/bin/ld: /home/yaron/eclipse-workspace/Stuck/Debug/../SimpleStuckTest.cpp:16: undefined reference to `hrd24::SimpleStuck<int>::~SimpleStuck()'
collect2: error: ld returned 1 exit status
make: *** [makefile:58: Stuck] Error 1
"make all" terminated with exit code 2. Build might be incomplete.
10:33:11 **** Incremental Build of configuration Debug for project Stuck ****
make all 
Building file: ../SimpleStuckTest.cpp
Invoking: GCC C++ Compiler
g++ -O0 -g3 -Wall -c -fmessage-length=0 -MMD -MP -MF"SimpleStuckTest.d" -MT"SimpleStuckTest.o" -o "SimpleStuckTest.o" "../SimpleStuckTest.cpp"
../SimpleStuckTest.cpp: In function ‘int main()’:
../SimpleStuckTest.cpp:21:3: error: ‘stuck’ was not declared in this scope; did you mean ‘mystuck’?
   21 |   stuck.Push(i);
      |   ^~~~~
      |   mystuck
../SimpleStuckTest.cpp:24:5: error: ‘stuck’ was not declared in this scope; did you mean ‘mystuck’?
   24 |  if(stuck.size() != 5 || stuck.Peek() != 4)
      |     ^~~~~
      |     mystuck
../SimpleStuckTest.cpp:30:2: error: ‘stuck’ was not declared in this scope; did you mean ‘mystuck’?
   30 |  stuck.Pop();
      |  ^~~~~
      |  mystuck
make: *** [subdir.mk:23: SimpleStuckTest.o] Error 1
"make all" terminated with exit code 2. Build might be incomplete.
10:33:16 **** Incremental Build of configuration Debug for project Stuck ****
make all 
Building file: ../SimpleStuckTest.cpp
Invoking: GCC C++ Compiler
g++ -O0 -g3 -Wall -c -fmessage-length=0 -MMD -MP -MF"SimpleStuckTest.d" -MT"SimpleStuckTest.o" -o "SimpleStuckTest.o" "../SimpleStuckTest.cpp"
../SimpleStuckTest.cpp: In function ‘int main()’:
../SimpleStuckTest.cpp:24:5: error: ‘stuck’ was not declared in this scope; did you mean ‘mystuck’?
   24 |  if(stuck.size() != 5 || stuck.Peek() != 4)
      |     ^~~~~
      |     mystuck
../SimpleStuckTest.cpp:30:2: error: ‘stuck’ was not declared in this scope; did you mean ‘mystuck’?
   30 |  stuck.Pop();
      |  ^~~~~
      |  mystuck
make: *** [subdir.mk:23: SimpleStuckTest.o] Error 1
"make all" terminated with exit code 2. Build might be incomplete.
10:33:42 **** Incremental Build of configuration Debug for project Stuck ****
make all 
Building file: ../SimpleStuckTest.cpp
Invoking: GCC C++ Compiler
g++ -O0 -g3 -Wall -c -fmessage-length=0 -MMD -MP -MF"SimpleStuckTest.d" -MT"SimpleStuckTest.o" -o "SimpleStuckTest.o" "../SimpleStuckTest.cpp"
../SimpleStuckTest.cpp:8:10: fatal error: Simplemystuck.h: No such file or directory
    8 | #include "Simplemystuck.h"
      |          ^~~~~~~~~~~~~~~~~
compilation terminated.
make: *** [subdir.mk:23: SimpleStuckTest.o] Error 1
"make all" terminated with exit code 2. Build might be incomplete.
10:34:13 **** Incremental Build of configuration Debug for project Stuck ****
make all 
Building file: ../SimpleStuckTest.cpp
Invoking: GCC C++ Compiler
g++ -O0 -g3 -Wall -c -fmessage-length=0 -MMD -MP -MF"SimpleStuckTest.d" -MT"SimpleStuckTest.o" -o "SimpleStuckTest.o" "../SimpleStuckTest.cpp"
../SimpleStuckTest.cpp:8:10: fatal error: Simplemystuck.h: No such file or directory
    8 | #include "Simplemystuck.h"
      |          ^~~~~~~~~~~~~~~~~
compilation terminated.
make: *** [subdir.mk:23: SimpleStuckTest.o] Error 1
"make all" terminated with exit code 2. Build might be incomplete.
10:34:28 **** Incremental Build of configuration Debug for project Stuck ****
make all 
Building file: ../SimpleStuckTest.cpp
Invoking: GCC C++ Compiler
g++ -O0 -g3 -Wall -c -fmessage-length=0 -MMD -MP -MF"SimpleStuckTest.d" -MT"SimpleStuckTest.o" -o "SimpleStuckTest.o" "../SimpleStuckTest.cpp"
../SimpleStuckTest.cpp:8:10: fatal error: Simplemystuck.h: No such file or directory
    8 | #include "Simplemystuck.h"
      |          ^~~~~~~~~~~~~~~~~
compilation terminated.
make: *** [subdir.mk:23: SimpleStuckTest.o] Error 1
"make all" terminated with exit code 2. Build might be incomplete.
10:34:52 **** Incremental Build of configuration Debug for project Stuck ****
make all 
Building file: ../SimpleStuckTest.cpp
Invoking: GCC C++ Compiler
g++ -O0 -g3 -Wall -c -fmessage-length=0 -MMD -MP -MF"SimpleStuckTest.d" -MT"SimpleStuckTest.o" -o "SimpleStuckTest.o" "../SimpleStuckTest.cpp"
../SimpleStuckTest.cpp:8:10: fatal error: Simplemystuck.h: No such file or directory
    8 | #include "Simplemystuck.h"
      |          ^~~~~~~~~~~~~~~~~
compilation terminated.
make: *** [subdir.mk:23: SimpleStuckTest.o] Error 1
"make all" terminated with exit code 2. Build might be incomplete.
10:35:09 **** Incremental Build of configuration Debug for project Stuck ****
make all 
Building file: ../SimpleStuckTest.cpp
Invoking: GCC C++ Compiler
g++ -O0 -g3 -Wall -c -fmessage-length=0 -MMD -MP -MF"SimpleStuckTest.d" -MT"SimpleStuckTest.o" -o "SimpleStuckTest.o" "../SimpleStuckTest.cpp"
../SimpleStuckTest.cpp:8:10: fatal error: Simplemystuck.h: No such file or directory
    8 | #include "Simplemystuck.h"
      |          ^~~~~~~~~~~~~~~~~
compilation terminated.
make: *** [subdir.mk:23: SimpleStuckTest.o] Error 1
"make all" terminated with exit code 2. Build might be incomplete.
10:35:38 **** Incremental Build of configuration Debug for project Stuck ****
make all 
Building file: ../SimpleStuckTest.cpp
Invoking: GCC C++ Compiler
g++ -O0 -g3 -Wall -c -fmessage-length=0 -MMD -MP -MF"SimpleStuckTest.d" -MT"SimpleStuckTest.o" -o "SimpleStuckTest.o" "../SimpleStuckTest.cpp"
../SimpleStuckTest.cpp:8:10: fatal error: Simplestuck.h: No such file or directory
    8 | #include "Simplestuck.h"
      |          ^~~~~~~~~~~~~~~
compilation terminated.
make: *** [subdir.mk:23: SimpleStuckTest.o] Error 1
"make all" terminated with exit code 2. Build might be incomplete.
10:36:03 **** Incremental Build of configuration Debug for project Stuck ****
make all 
Building file: ../SimpleStuckTest.cpp
Invoking: GCC C++ Compiler
g++ -O0 -g3 -Wall -c -fmessage-length=0 -MMD -MP -MF"SimpleStuckTest.d" -MT"SimpleStuckTest.o" -o "SimpleStuckTest.o" "../SimpleStuckTest.cpp"
Finished building: ../SimpleStuckTest.cpp
 
Building target: Stuck
Invoking: GCC C++ Linker
g++  -o "Stuck"  ./SimpleStuck.o ./SimpleStuckTest.o   
/usr/bin/ld: ./SimpleStuckTest.o: in function `main':
/home/yaron/eclipse-workspace/Stuck/Debug/../SimpleStuckTest.cpp:15: undefined reference to `hrd24::SimpleStuck<int>::SimpleStuck()'
/usr/bin/ld: /home/yaron/eclipse-workspace/Stuck/Debug/../SimpleStuckTest.cpp:20: undefined reference to `hrd24::SimpleStuck<int>::Push(int)'
/usr/bin/ld: /home/yaron/eclipse-workspace/Stuck/Debug/../SimpleStuckTest.cpp:23: undefined reference to `hrd24::SimpleStuck<int>::size()'
/usr/bin/ld: /home/yaron/eclipse-workspace/Stuck/Debug/../SimpleStuckTest.cpp:23: undefined reference to `hrd24::SimpleStuck<int>::Peek()'
/usr/bin/ld: /home/yaron/eclipse-workspace/Stuck/Debug/../SimpleStuckTest.cpp:29: undefined reference to `hrd24::SimpleStuck<int>::Pop()'
/usr/bin/ld: /home/yaron/eclipse-workspace/Stuck/Debug/../SimpleStuckTest.cpp:31: undefined reference to `hrd24::SimpleStuck<int>::size()'
/usr/bin/ld: /home/yaron/eclipse-workspace/Stuck/Debug/../SimpleStuckTest.cpp:31: undefined reference to `hrd24::SimpleStuck<int>::Peek()'
/usr/bin/ld: /home/yaron/eclipse-workspace/Stuck/Debug/../SimpleStuckTest.cpp:37: undefined reference to `hrd24::SimpleStuck<int>::Pop()'
/usr/bin/ld: /home/yaron/eclipse-workspace/Stuck/Debug/../SimpleStuckTest.cpp:38: undefined reference to `hrd24::SimpleStuck<int>::Pop()'
/usr/bin/ld: /home/yaron/eclipse-workspace/Stuck/Debug/../SimpleStuckTest.cpp:39: undefined reference to `hrd24::SimpleStuck<int>::Pop()'
/usr/bin/ld: /home/yaron/eclipse-workspace/Stuck/Debug/../SimpleStuckTest.cpp:41: undefined reference to `hrd24::SimpleStuck<int>::size()'
/usr/bin/ld: /home/yaron/eclipse-workspace/Stuck/Debug/../SimpleStuckTest.cpp:41: undefined reference to `hrd24::SimpleStuck<int>::IsEmpty()'
/usr/bin/ld: /home/yaron/eclipse-workspace/Stuck/Debug/../SimpleStuckTest.cpp:47: undefined reference to `hrd24::SimpleStuck<int>::Pop()'
/usr/bin/ld: /home/yaron/eclipse-workspace/Stuck/Debug/../SimpleStuckTest.cpp:48: undefined reference to `hrd24::SimpleStuck<int>::IsEmpty()'
/usr/bin/ld: /home/yaron/eclipse-workspace/Stuck/Debug/../SimpleStuckTest.cpp:15: undefined reference to `hrd24::SimpleStuck<int>::~SimpleStuck()'
/usr/bin/ld: /home/yaron/eclipse-workspace/Stuck/Debug/../SimpleStuckTest.cpp:15: undefined reference to `hrd24::SimpleStuck<int>::~SimpleStuck()'
collect2: error: ld returned 1 exit status
make: *** [makefile:58: Stuck] Error 1
"make all" terminated with exit code 2. Build might be incomplete.
10:37:01 **** Incremental Build of configuration Debug for project Stuck ****
make all 
Building file: ../SimpleStuck.cpp
Invoking: GCC C++ Compiler
g++ -O0 -g3 -Wall -c -fmessage-length=0 -MMD -MP -MF"SimpleStuck.d" -MT"SimpleStuck.o" -o "SimpleStuck.o" "../SimpleStuck.cpp"
Finished building: ../SimpleStuck.cpp
 
Building target: Stuck
Invoking: GCC C++ Linker
g++  -o "Stuck"  ./SimpleStuck.o ./SimpleStuckTest.o   
/usr/bin/ld: ./SimpleStuckTest.o: in function `main':
/home/yaron/eclipse-workspace/Stuck/Debug/../SimpleStuckTest.cpp:15: undefined reference to `hrd24::SimpleStuck<int>::SimpleStuck()'
/usr/bin/ld: /home/yaron/eclipse-workspace/Stuck/Debug/../SimpleStuckTest.cpp:20: undefined reference to `hrd24::SimpleStuck<int>::Push(int)'
/usr/bin/ld: /home/yaron/eclipse-workspace/Stuck/Debug/../SimpleStuckTest.cpp:23: undefined reference to `hrd24::SimpleStuck<int>::size()'
/usr/bin/ld: /home/yaron/eclipse-workspace/Stuck/Debug/../SimpleStuckTest.cpp:23: undefined reference to `hrd24::SimpleStuck<int>::Peek()'
/usr/bin/ld: /home/yaron/eclipse-workspace/Stuck/Debug/../SimpleStuckTest.cpp:29: undefined reference to `hrd24::SimpleStuck<int>::Pop()'
/usr/bin/ld: /home/yaron/eclipse-workspace/Stuck/Debug/../SimpleStuckTest.cpp:31: undefined reference to `hrd24::SimpleStuck<int>::size()'
/usr/bin/ld: /home/yaron/eclipse-workspace/Stuck/Debug/../SimpleStuckTest.cpp:31: undefined reference to `hrd24::SimpleStuck<int>::Peek()'
/usr/bin/ld: /home/yaron/eclipse-workspace/Stuck/Debug/../SimpleStuckTest.cpp:37: undefined reference to `hrd24::SimpleStuck<int>::Pop()'
/usr/bin/ld: /home/yaron/eclipse-workspace/Stuck/Debug/../SimpleStuckTest.cpp:38: undefined reference to `hrd24::SimpleStuck<int>::Pop()'
/usr/bin/ld: /home/yaron/eclipse-workspace/Stuck/Debug/../SimpleStuckTest.cpp:39: undefined reference to `hrd24::SimpleStuck<int>::Pop()'
/usr/bin/ld: /home/yaron/eclipse-workspace/Stuck/Debug/../SimpleStuckTest.cpp:41: undefined reference to `hrd24::SimpleStuck<int>::size()'
/usr/bin/ld: /home/yaron/eclipse-workspace/Stuck/Debug/../SimpleStuckTest.cpp:41: undefined reference to `hrd24::SimpleStuck<int>::IsEmpty()'
/usr/bin/ld: /home/yaron/eclipse-workspace/Stuck/Debug/../SimpleStuckTest.cpp:47: undefined reference to `hrd24::SimpleStuck<int>::Pop()'
/usr/bin/ld: /home/yaron/eclipse-workspace/Stuck/Debug/../SimpleStuckTest.cpp:48: undefined reference to `hrd24::SimpleStuck<int>::IsEmpty()'
/usr/bin/ld: /home/yaron/eclipse-workspace/Stuck/Debug/../SimpleStuckTest.cpp:15: undefined reference to `hrd24::SimpleStuck<int>::~SimpleStuck()'
/usr/bin/ld: /home/yaron/eclipse-workspace/Stuck/Debug/../SimpleStuckTest.cpp:15: undefined reference to `hrd24::SimpleStuck<int>::~SimpleStuck()'
collect2: error: ld returned 1 exit status
make: *** [makefile:58: Stuck] Error 1
"make all" terminated with exit code 2. Build might be incomplete.
10:37:41 **** Incremental Build of configuration Debug for project Stuck ****
make all 
Building file: ../SimpleStuckTest.cpp
Invoking: GCC C++ Compiler
g++ -O0 -g3 -Wall -c -fmessage-length=0 -MMD -MP -MF"SimpleStuckTest.d" -MT"SimpleStuckTest.o" -o "SimpleStuckTest.o" "../SimpleStuckTest.cpp"
Finished building: ../SimpleStuckTest.cpp
 
Building target: Stuck
Invoking: GCC C++ Linker
g++  -o "Stuck"  ./SimpleStuck.o ./SimpleStuckTest.o   
/usr/bin/ld: ./SimpleStuckTest.o: in function `main':
/home/yaron/eclipse-workspace/Stuck/Debug/../SimpleStuckTest.cpp:16: undefined reference to `hrd24::SimpleStuck<int>::SimpleStuck()'
/usr/bin/ld: /home/yaron/eclipse-workspace/Stuck/Debug/../SimpleStuckTest.cpp:21: undefined reference to `hrd24::SimpleStuck<int>::Push(int)'
/usr/bin/ld: /home/yaron/eclipse-workspace/Stuck/Debug/../SimpleStuckTest.cpp:24: undefined reference to `hrd24::SimpleStuck<int>::size()'
/usr/bin/ld: /home/yaron/eclipse-workspace/Stuck/Debug/../SimpleStuckTest.cpp:24: undefined reference to `hrd24::SimpleStuck<int>::Peek()'
/usr/bin/ld: /home/yaron/eclipse-workspace/Stuck/Debug/../SimpleStuckTest.cpp:30: undefined reference to `hrd24::SimpleStuck<int>::Pop()'
/usr/bin/ld: /home/yaron/eclipse-workspace/Stuck/Debug/../SimpleStuckTest.cpp:32: undefined reference to `hrd24::SimpleStuck<int>::size()'
/usr/bin/ld: /home/yaron/eclipse-workspace/Stuck/Debug/../SimpleStuckTest.cpp:32: undefined reference to `hrd24::SimpleStuck<int>::Peek()'
/usr/bin/ld: /home/yaron/eclipse-workspace/Stuck/Debug/../SimpleStuckTest.cpp:38: undefined reference to `hrd24::SimpleStuck<int>::Pop()'
/usr/bin/ld: /home/yaron/eclipse-workspace/Stuck/Debug/../SimpleStuckTest.cpp:39: undefined reference to `hrd24::SimpleStuck<int>::Pop()'
/usr/bin/ld: /home/yaron/eclipse-workspace/Stuck/Debug/../SimpleStuckTest.cpp:40: undefined reference to `hrd24::SimpleStuck<int>::Pop()'
/usr/bin/ld: /home/yaron/eclipse-workspace/Stuck/Debug/../SimpleStuckTest.cpp:42: undefined reference to `hrd24::SimpleStuck<int>::size()'
/usr/bin/ld: /home/yaron/eclipse-workspace/Stuck/Debug/../SimpleStuckTest.cpp:42: undefined reference to `hrd24::SimpleStuck<int>::IsEmpty()'
/usr/bin/ld: /home/yaron/eclipse-workspace/Stuck/Debug/../SimpleStuckTest.cpp:48: undefined reference to `hrd24::SimpleStuck<int>::Pop()'
/usr/bin/ld: /home/yaron/eclipse-workspace/Stuck/Debug/../SimpleStuckTest.cpp:49: undefined reference to `hrd24::SimpleStuck<int>::IsEmpty()'
/usr/bin/ld: /home/yaron/eclipse-workspace/Stuck/Debug/../SimpleStuckTest.cpp:16: undefined reference to `hrd24::SimpleStuck<int>::~SimpleStuck()'
/usr/bin/ld: /home/yaron/eclipse-workspace/Stuck/Debug/../SimpleStuckTest.cpp:16: undefined reference to `hrd24::SimpleStuck<int>::~SimpleStuck()'
collect2: error: ld returned 1 exit status
make: *** [makefile:58: Stuck] Error 1
"make all" terminated with exit code 2. Build might be incomplete.
10:40:15 **** Incremental Build of configuration Debug for project Stuck ****
make all 
Building file: ../SimpleStuckTest.cpp
Invoking: GCC C++ Compiler
g++ -O0 -g3 -Wall -c -fmessage-length=0 -MMD -MP -MF"SimpleStuckTest.d" -MT"SimpleStuckTest.o" -o "SimpleStuckTest.o" "../SimpleStuckTest.cpp"
../SimpleStuckTest.cpp: In function ‘int main()’:
../SimpleStuckTest.cpp:21:3: error: ‘mystuck’ was not declared in this scope; did you mean ‘mystuck1’?
   21 |   mystuck.Push(i);
      |   ^~~~~~~
      |   mystuck1
../SimpleStuckTest.cpp:24:5: error: ‘mystuck’ was not declared in this scope; did you mean ‘mystuck1’?
   24 |  if(mystuck.size() != 5 || mystuck.Peek() != 4)
      |     ^~~~~~~
      |     mystuck1
../SimpleStuckTest.cpp:30:2: error: ‘mystuck’ was not declared in this scope; did you mean ‘mystuck1’?
   30 |  mystuck.Pop();
      |  ^~~~~~~
      |  mystuck1
make: *** [subdir.mk:23: SimpleStuckTest.o] Error 1
"make all" terminated with exit code 2. Build might be incomplete.
10:40:24 **** Incremental Build of configuration Debug for project Stuck ****
make all 
Building file: ../SimpleStuckTest.cpp
Invoking: GCC C++ Compiler
g++ -O0 -g3 -Wall -c -fmessage-length=0 -MMD -MP -MF"SimpleStuckTest.d" -MT"SimpleStuckTest.o" -o "SimpleStuckTest.o" "../SimpleStuckTest.cpp"
../SimpleStuckTest.cpp: In function ‘int main()’:
../SimpleStuckTest.cpp:24:5: error: ‘mystuck’ was not declared in this scope; did you mean ‘mystuck1’?
   24 |  if(mystuck.size() != 5 || mystuck.Peek() != 4)
      |     ^~~~~~~
      |     mystuck1
../SimpleStuckTest.cpp:30:2: error: ‘mystuck’ was not declared in this scope; did you mean ‘mystuck1’?
   30 |  mystuck.Pop();
      |  ^~~~~~~
      |  mystuck1
make: *** [subdir.mk:23: SimpleStuckTest.o] Error 1
"make all" terminated with exit code 2. Build might be incomplete.
10:40:36 **** Incremental Build of configuration Debug for project Stuck ****
make all 
Building file: ../SimpleStuckTest.cpp
Invoking: GCC C++ Compiler
g++ -O0 -g3 -Wall -c -fmessage-length=0 -MMD -MP -MF"SimpleStuckTest.d" -MT"SimpleStuckTest.o" -o "SimpleStuckTest.o" "../SimpleStuckTest.cpp"
../SimpleStuckTest.cpp: In function ‘int main()’:
../SimpleStuckTest.cpp:38:2: error: ‘mystuck’ was not declared in this scope; did you mean ‘mystuck1’?
   38 |  mystuck.Pop();
      |  ^~~~~~~
      |  mystuck1
make: *** [subdir.mk:23: SimpleStuckTest.o] Error 1
"make all" terminated with exit code 2. Build might be incomplete.
10:40:59 **** Incremental Build of configuration Debug for project Stuck ****
make all 
Building file: ../SimpleStuckTest.cpp
Invoking: GCC C++ Compiler
g++ -O0 -g3 -Wall -c -fmessage-length=0 -MMD -MP -MF"SimpleStuckTest.d" -MT"SimpleStuckTest.o" -o "SimpleStuckTest.o" "../SimpleStuckTest.cpp"
Finished building: ../SimpleStuckTest.cpp
 
Building target: Stuck
Invoking: GCC C++ Linker
g++  -o "Stuck"  ./SimpleStuck.o ./SimpleStuckTest.o   
/usr/bin/ld: ./SimpleStuckTest.o: in function `main':
/home/yaron/eclipse-workspace/Stuck/Debug/../SimpleStuckTest.cpp:16: undefined reference to `hrd24::SimpleStuck<int>::SimpleStuck()'
/usr/bin/ld: /home/yaron/eclipse-workspace/Stuck/Debug/../SimpleStuckTest.cpp:21: undefined reference to `hrd24::SimpleStuck<int>::Push(int)'
/usr/bin/ld: /home/yaron/eclipse-workspace/Stuck/Debug/../SimpleStuckTest.cpp:24: undefined reference to `hrd24::SimpleStuck<int>::size()'
/usr/bin/ld: /home/yaron/eclipse-workspace/Stuck/Debug/../SimpleStuckTest.cpp:24: undefined reference to `hrd24::SimpleStuck<int>::Peek()'
/usr/bin/ld: /home/yaron/eclipse-workspace/Stuck/Debug/../SimpleStuckTest.cpp:30: undefined reference to `hrd24::SimpleStuck<int>::Pop()'
/usr/bin/ld: /home/yaron/eclipse-workspace/Stuck/Debug/../SimpleStuckTest.cpp:32: undefined reference to `hrd24::SimpleStuck<int>::size()'
/usr/bin/ld: /home/yaron/eclipse-workspace/Stuck/Debug/../SimpleStuckTest.cpp:32: undefined reference to `hrd24::SimpleStuck<int>::Peek()'
/usr/bin/ld: /home/yaron/eclipse-workspace/Stuck/Debug/../SimpleStuckTest.cpp:38: undefined reference to `hrd24::SimpleStuck<int>::Pop()'
/usr/bin/ld: /home/yaron/eclipse-workspace/Stuck/Debug/../SimpleStuckTest.cpp:39: undefined reference to `hrd24::SimpleStuck<int>::Pop()'
/usr/bin/ld: /home/yaron/eclipse-workspace/Stuck/Debug/../SimpleStuckTest.cpp:40: undefined reference to `hrd24::SimpleStuck<int>::Pop()'
/usr/bin/ld: /home/yaron/eclipse-workspace/Stuck/Debug/../SimpleStuckTest.cpp:42: undefined reference to `hrd24::SimpleStuck<int>::size()'
/usr/bin/ld: /home/yaron/eclipse-workspace/Stuck/Debug/../SimpleStuckTest.cpp:42: undefined reference to `hrd24::SimpleStuck<int>::IsEmpty()'
/usr/bin/ld: /home/yaron/eclipse-workspace/Stuck/Debug/../SimpleStuckTest.cpp:48: undefined reference to `hrd24::SimpleStuck<int>::Pop()'
/usr/bin/ld: /home/yaron/eclipse-workspace/Stuck/Debug/../SimpleStuckTest.cpp:49: undefined reference to `hrd24::SimpleStuck<int>::IsEmpty()'
/usr/bin/ld: /home/yaron/eclipse-workspace/Stuck/Debug/../SimpleStuckTest.cpp:16: undefined reference to `hrd24::SimpleStuck<int>::~SimpleStuck()'
/usr/bin/ld: /home/yaron/eclipse-workspace/Stuck/Debug/../SimpleStuckTest.cpp:16: undefined reference to `hrd24::SimpleStuck<int>::~SimpleStuck()'
collect2: error: ld returned 1 exit status
make: *** [makefile:58: Stuck] Error 1
"make all" terminated with exit code 2. Build might be incomplete.
10:41:07 **** Incremental Build of configuration Debug for project Stuck ****
make all 
Building file: ../SimpleStuckTest.cpp
Invoking: GCC C++ Compiler
g++ -O0 -g3 -Wall -c -fmessage-length=0 -MMD -MP -MF"SimpleStuckTest.d" -MT"SimpleStuckTest.o" -o "SimpleStuckTest.o" "../SimpleStuckTest.cpp"
../SimpleStuckTest.cpp: In function ‘int main()’:
../SimpleStuckTest.cpp:49:5: error: ‘mystuck’ was not declared in this scope; did you mean ‘mystuck1’?
   49 |  if(mystuck.IsEmpty() != true)
      |     ^~~~~~~
      |     mystuck1
make: *** [subdir.mk:23: SimpleStuckTest.o] Error 1
"make all" terminated with exit code 2. Build might be incomplete.
10:41:55 **** Incremental Build of configuration Debug for project Stuck ****
make all 
Building file: ../SimpleStuckTest.cpp
Invoking: GCC C++ Compiler
g++ -O0 -g3 -Wall -c -fmessage-length=0 -MMD -MP -MF"SimpleStuckTest.d" -MT"SimpleStuckTest.o" -o "SimpleStuckTest.o" "../SimpleStuckTest.cpp"
../SimpleStuckTest.cpp: In function ‘int main()’:
../SimpleStuckTest.cpp:49:5: error: ‘mystuck’ was not declared in this scope; did you mean ‘mystuck1’?
   49 |  if(mystuck.IsEmpty() != true)
      |     ^~~~~~~
      |     mystuck1
make: *** [subdir.mk:23: SimpleStuckTest.o] Error 1
"make all" terminated with exit code 2. Build might be incomplete.
10:42:10 **** Incremental Build of configuration Debug for project Stuck ****
make all 
Building file: ../SimpleStuckTest.cpp
Invoking: GCC C++ Compiler
g++ -O0 -g3 -Wall -c -fmessage-length=0 -MMD -MP -MF"SimpleStuckTest.d" -MT"SimpleStuckTest.o" -o "SimpleStuckTest.o" "../SimpleStuckTest.cpp"
Finished building: ../SimpleStuckTest.cpp
 
Building target: Stuck
Invoking: GCC C++ Linker
g++  -o "Stuck"  ./SimpleStuck.o ./SimpleStuckTest.o   
/usr/bin/ld: ./SimpleStuckTest.o: in function `main':
/home/yaron/eclipse-workspace/Stuck/Debug/../SimpleStuckTest.cpp:16: undefined reference to `hrd24::SimpleStuck<int>::SimpleStuck()'
/usr/bin/ld: /home/yaron/eclipse-workspace/Stuck/Debug/../SimpleStuckTest.cpp:21: undefined reference to `hrd24::SimpleStuck<int>::Push(int)'
/usr/bin/ld: /home/yaron/eclipse-workspace/Stuck/Debug/../SimpleStuckTest.cpp:24: undefined reference to `hrd24::SimpleStuck<int>::size()'
/usr/bin/ld: /home/yaron/eclipse-workspace/Stuck/Debug/../SimpleStuckTest.cpp:24: undefined reference to `hrd24::SimpleStuck<int>::Peek()'
/usr/bin/ld: /home/yaron/eclipse-workspace/Stuck/Debug/../SimpleStuckTest.cpp:30: undefined reference to `hrd24::SimpleStuck<int>::Pop()'
/usr/bin/ld: /home/yaron/eclipse-workspace/Stuck/Debug/../SimpleStuckTest.cpp:32: undefined reference to `hrd24::SimpleStuck<int>::size()'
/usr/bin/ld: /home/yaron/eclipse-workspace/Stuck/Debug/../SimpleStuckTest.cpp:32: undefined reference to `hrd24::SimpleStuck<int>::Peek()'
/usr/bin/ld: /home/yaron/eclipse-workspace/Stuck/Debug/../SimpleStuckTest.cpp:38: undefined reference to `hrd24::SimpleStuck<int>::Pop()'
/usr/bin/ld: /home/yaron/eclipse-workspace/Stuck/Debug/../SimpleStuckTest.cpp:39: undefined reference to `hrd24::SimpleStuck<int>::Pop()'
/usr/bin/ld: /home/yaron/eclipse-workspace/Stuck/Debug/../SimpleStuckTest.cpp:40: undefined reference to `hrd24::SimpleStuck<int>::Pop()'
/usr/bin/ld: /home/yaron/eclipse-workspace/Stuck/Debug/../SimpleStuckTest.cpp:42: undefined reference to `hrd24::SimpleStuck<int>::size()'
/usr/bin/ld: /home/yaron/eclipse-workspace/Stuck/Debug/../SimpleStuckTest.cpp:42: undefined reference to `hrd24::SimpleStuck<int>::IsEmpty()'
/usr/bin/ld: /home/yaron/eclipse-workspace/Stuck/Debug/../SimpleStuckTest.cpp:48: undefined reference to `hrd24::SimpleStuck<int>::Pop()'
/usr/bin/ld: /home/yaron/eclipse-workspace/Stuck/Debug/../SimpleStuckTest.cpp:16: undefined reference to `hrd24::SimpleStuck<int>::~SimpleStuck()'
/usr/bin/ld: /home/yaron/eclipse-workspace/Stuck/Debug/../SimpleStuckTest.cpp:16: undefined reference to `hrd24::SimpleStuck<int>::~SimpleStuck()'
collect2: error: ld returned 1 exit status
make: *** [makefile:58: Stuck] Error 1
"make all" terminated with exit code 2. Build might be incomplete.
10:42:20 **** Incremental Build of configuration Debug for project Stuck ****
make all 
Building file: ../SimpleStuckTest.cpp
Invoking: GCC C++ Compiler
g++ -O0 -g3 -Wall -c -fmessage-length=0 -MMD -MP -MF"SimpleStuckTest.d" -MT"SimpleStuckTest.o" -o "SimpleStuckTest.o" "../SimpleStuckTest.cpp"
../SimpleStuckTest.cpp: In function ‘int main()’:
../SimpleStuckTest.cpp:49:5: error: ‘mystuck’ was not declared in this scope; did you mean ‘mystuck1’?
   49 |  if(mystuck.IsEmpty() != true)
      |     ^~~~~~~
      |     mystuck1
make: *** [subdir.mk:23: SimpleStuckTest.o] Error 1
"make all" terminated with exit code 2. Build might be incomplete.
10:42:28 **** Incremental Build of configuration Debug for project Stuck ****
make all 
Building file: ../SimpleStuckTest.cpp
Invoking: GCC C++ Compiler
g++ -O0 -g3 -Wall -c -fmessage-length=0 -MMD -MP -MF"SimpleStuckTest.d" -MT"SimpleStuckTest.o" -o "SimpleStuckTest.o" "../SimpleStuckTest.cpp"
Finished building: ../SimpleStuckTest.cpp
 
Building target: Stuck
Invoking: GCC C++ Linker
g++  -o "Stuck"  ./SimpleStuck.o ./SimpleStuckTest.o   
/usr/bin/ld: ./SimpleStuckTest.o: in function `main':
/home/yaron/eclipse-workspace/Stuck/Debug/../SimpleStuckTest.cpp:16: undefined reference to `hrd24::SimpleStuck<int>::SimpleStuck()'
/usr/bin/ld: /home/yaron/eclipse-workspace/Stuck/Debug/../SimpleStuckTest.cpp:21: undefined reference to `hrd24::SimpleStuck<int>::Push(int)'
/usr/bin/ld: /home/yaron/eclipse-workspace/Stuck/Debug/../SimpleStuckTest.cpp:24: undefined reference to `hrd24::SimpleStuck<int>::size()'
/usr/bin/ld: /home/yaron/eclipse-workspace/Stuck/Debug/../SimpleStuckTest.cpp:24: undefined reference to `hrd24::SimpleStuck<int>::Peek()'
/usr/bin/ld: /home/yaron/eclipse-workspace/Stuck/Debug/../SimpleStuckTest.cpp:30: undefined reference to `hrd24::SimpleStuck<int>::Pop()'
/usr/bin/ld: /home/yaron/eclipse-workspace/Stuck/Debug/../SimpleStuckTest.cpp:32: undefined reference to `hrd24::SimpleStuck<int>::size()'
/usr/bin/ld: /home/yaron/eclipse-workspace/Stuck/Debug/../SimpleStuckTest.cpp:32: undefined reference to `hrd24::SimpleStuck<int>::Peek()'
/usr/bin/ld: /home/yaron/eclipse-workspace/Stuck/Debug/../SimpleStuckTest.cpp:38: undefined reference to `hrd24::SimpleStuck<int>::Pop()'
/usr/bin/ld: /home/yaron/eclipse-workspace/Stuck/Debug/../SimpleStuckTest.cpp:39: undefined reference to `hrd24::SimpleStuck<int>::Pop()'
/usr/bin/ld: /home/yaron/eclipse-workspace/Stuck/Debug/../SimpleStuckTest.cpp:40: undefined reference to `hrd24::SimpleStuck<int>::Pop()'
/usr/bin/ld: /home/yaron/eclipse-workspace/Stuck/Debug/../SimpleStuckTest.cpp:42: undefined reference to `hrd24::SimpleStuck<int>::size()'
/usr/bin/ld: /home/yaron/eclipse-workspace/Stuck/Debug/../SimpleStuckTest.cpp:42: undefined reference to `hrd24::SimpleStuck<int>::IsEmpty()'
/usr/bin/ld: /home/yaron/eclipse-workspace/Stuck/Debug/../SimpleStuckTest.cpp:48: undefined reference to `hrd24::SimpleStuck<int>::Pop()'
/usr/bin/ld: /home/yaron/eclipse-workspace/Stuck/Debug/../SimpleStuckTest.cpp:49: undefined reference to `hrd24::SimpleStuck<int>::IsEmpty()'
/usr/bin/ld: /home/yaron/eclipse-workspace/Stuck/Debug/../SimpleStuckTest.cpp:16: undefined reference to `hrd24::SimpleStuck<int>::~SimpleStuck()'
/usr/bin/ld: /home/yaron/eclipse-workspace/Stuck/Debug/../SimpleStuckTest.cpp:16: undefined reference to `hrd24::SimpleStuck<int>::~SimpleStuck()'
collect2: error: ld returned 1 exit status
make: *** [makefile:58: Stuck] Error 1
"make all" terminated with exit code 2. Build might be incomplete.
10:43:20 **** Incremental Build of configuration Debug for project Stuck ****
make all 
Building file: ../SimpleStuck.cpp
Invoking: GCC C++ Compiler
g++ -O0 -g3 -Wall -c -fmessage-length=0 -MMD -MP -MF"SimpleStuck.d" -MT"SimpleStuck.o" -o "SimpleStuck.o" "../SimpleStuck.cpp"
Finished building: ../SimpleStuck.cpp
 
Building file: ../SimpleStuckTest.cpp
Invoking: GCC C++ Compiler
g++ -O0 -g3 -Wall -c -fmessage-length=0 -MMD -MP -MF"SimpleStuckTest.d" -MT"SimpleStuckTest.o" -o "SimpleStuckTest.o" "../SimpleStuckTest.cpp"
Finished building: ../SimpleStuckTest.cpp
 
Building target: Stuck
Invoking: GCC C++ Linker
g++  -o "Stuck"  ./SimpleStuck.o ./SimpleStuckTest.o   
/usr/bin/ld: ./SimpleStuckTest.o: in function `main':
/home/yaron/eclipse-workspace/Stuck/Debug/../SimpleStuckTest.cpp:16: undefined reference to `hrd24::SimpleStuck<int>::SimpleStuck()'
/usr/bin/ld: /home/yaron/eclipse-workspace/Stuck/Debug/../SimpleStuckTest.cpp:21: undefined reference to `hrd24::SimpleStuck<int>::Push(int)'
/usr/bin/ld: /home/yaron/eclipse-workspace/Stuck/Debug/../SimpleStuckTest.cpp:24: undefined reference to `hrd24::SimpleStuck<int>::size()'
/usr/bin/ld: /home/yaron/eclipse-workspace/Stuck/Debug/../SimpleStuckTest.cpp:24: undefined reference to `hrd24::SimpleStuck<int>::Peek()'
/usr/bin/ld: /home/yaron/eclipse-workspace/Stuck/Debug/../SimpleStuckTest.cpp:30: undefined reference to `hrd24::SimpleStuck<int>::Pop()'
/usr/bin/ld: /home/yaron/eclipse-workspace/Stuck/Debug/../SimpleStuckTest.cpp:32: undefined reference to `hrd24::SimpleStuck<int>::size()'
/usr/bin/ld: /home/yaron/eclipse-workspace/Stuck/Debug/../SimpleStuckTest.cpp:32: undefined reference to `hrd24::SimpleStuck<int>::Peek()'
/usr/bin/ld: /home/yaron/eclipse-workspace/Stuck/Debug/../SimpleStuckTest.cpp:38: undefined reference to `hrd24::SimpleStuck<int>::Pop()'
/usr/bin/ld: /home/yaron/eclipse-workspace/Stuck/Debug/../SimpleStuckTest.cpp:39: undefined reference to `hrd24::SimpleStuck<int>::Pop()'
/usr/bin/ld: /home/yaron/eclipse-workspace/Stuck/Debug/../SimpleStuckTest.cpp:40: undefined reference to `hrd24::SimpleStuck<int>::Pop()'
/usr/bin/ld: /home/yaron/eclipse-workspace/Stuck/Debug/../SimpleStuckTest.cpp:42: undefined reference to `hrd24::SimpleStuck<int>::size()'
/usr/bin/ld: /home/yaron/eclipse-workspace/Stuck/Debug/../SimpleStuckTest.cpp:42: undefined reference to `hrd24::SimpleStuck<int>::IsEmpty()'
/usr/bin/ld: /home/yaron/eclipse-workspace/Stuck/Debug/../SimpleStuckTest.cpp:48: undefined reference to `hrd24::SimpleStuck<int>::Pop()'
/usr/bin/ld: /home/yaron/eclipse-workspace/Stuck/Debug/../SimpleStuckTest.cpp:49: undefined reference to `hrd24::SimpleStuck<int>::IsEmpty()'
/usr/bin/ld: /home/yaron/eclipse-workspace/Stuck/Debug/../SimpleStuckTest.cpp:16: undefined reference to `hrd24::SimpleStuck<int>::~SimpleStuck()'
/usr/bin/ld: /home/yaron/eclipse-workspace/Stuck/Debug/../SimpleStuckTest.cpp:16: undefined reference to `hrd24::SimpleStuck<int>::~SimpleStuck()'
collect2: error: ld returned 1 exit status
make: *** [makefile:58: Stuck] Error 1
"make all" terminated with exit code 2. Build might be incomplete.
10:43:42 **** Incremental Build of configuration Debug for project Stuck ****
make all 
Building file: ../SimpleStuck.cpp
Invoking: GCC C++ Compiler
g++ -O0 -g3 -Wall -c -fmessage-length=0 -MMD -MP -MF"SimpleStuck.d" -MT"SimpleStuck.o" -o "SimpleStuck.o" "../SimpleStuck.cpp"
Finished building: ../SimpleStuck.cpp
 
Building file: ../SimpleStuckTest.cpp
Invoking: GCC C++ Compiler
g++ -O0 -g3 -Wall -c -fmessage-length=0 -MMD -MP -MF"SimpleStuckTest.d" -MT"SimpleStuckTest.o" -o "SimpleStuckTest.o" "../SimpleStuckTest.cpp"
Finished building: ../SimpleStuckTest.cpp
 
Building target: Stuck
Invoking: GCC C++ Linker
g++  -o "Stuck"  ./SimpleStuck.o ./SimpleStuckTest.o   
/usr/bin/ld: ./SimpleStuckTest.o: in function `main':
/home/yaron/eclipse-workspace/Stuck/Debug/../SimpleStuckTest.cpp:16: undefined reference to `hrd24::SimpleStuck<int>::SimpleStuck()'
/usr/bin/ld: /home/yaron/eclipse-workspace/Stuck/Debug/../SimpleStuckTest.cpp:21: undefined reference to `hrd24::SimpleStuck<int>::Push(int)'
/usr/bin/ld: /home/yaron/eclipse-workspace/Stuck/Debug/../SimpleStuckTest.cpp:24: undefined reference to `hrd24::SimpleStuck<int>::size()'
/usr/bin/ld: /home/yaron/eclipse-workspace/Stuck/Debug/../SimpleStuckTest.cpp:24: undefined reference to `hrd24::SimpleStuck<int>::Peek()'
/usr/bin/ld: /home/yaron/eclipse-workspace/Stuck/Debug/../SimpleStuckTest.cpp:30: undefined reference to `hrd24::SimpleStuck<int>::Pop()'
/usr/bin/ld: /home/yaron/eclipse-workspace/Stuck/Debug/../SimpleStuckTest.cpp:32: undefined reference to `hrd24::SimpleStuck<int>::size()'
/usr/bin/ld: /home/yaron/eclipse-workspace/Stuck/Debug/../SimpleStuckTest.cpp:32: undefined reference to `hrd24::SimpleStuck<int>::Peek()'
/usr/bin/ld: /home/yaron/eclipse-workspace/Stuck/Debug/../SimpleStuckTest.cpp:38: undefined reference to `hrd24::SimpleStuck<int>::Pop()'
/usr/bin/ld: /home/yaron/eclipse-workspace/Stuck/Debug/../SimpleStuckTest.cpp:39: undefined reference to `hrd24::SimpleStuck<int>::Pop()'
/usr/bin/ld: /home/yaron/eclipse-workspace/Stuck/Debug/../SimpleStuckTest.cpp:40: undefined reference to `hrd24::SimpleStuck<int>::Pop()'
/usr/bin/ld: /home/yaron/eclipse-workspace/Stuck/Debug/../SimpleStuckTest.cpp:42: undefined reference to `hrd24::SimpleStuck<int>::size()'
/usr/bin/ld: /home/yaron/eclipse-workspace/Stuck/Debug/../SimpleStuckTest.cpp:42: undefined reference to `hrd24::SimpleStuck<int>::IsEmpty()'
/usr/bin/ld: /home/yaron/eclipse-workspace/Stuck/Debug/../SimpleStuckTest.cpp:48: undefined reference to `hrd24::SimpleStuck<int>::Pop()'
/usr/bin/ld: /home/yaron/eclipse-workspace/Stuck/Debug/../SimpleStuckTest.cpp:49: undefined reference to `hrd24::SimpleStuck<int>::IsEmpty()'
/usr/bin/ld: /home/yaron/eclipse-workspace/Stuck/Debug/../SimpleStuckTest.cpp:16: undefined reference to `hrd24::SimpleStuck<int>::~SimpleStuck()'
/usr/bin/ld: /home/yaron/eclipse-workspace/Stuck/Debug/../SimpleStuckTest.cpp:16: undefined reference to `hrd24::SimpleStuck<int>::~SimpleStuck()'
collect2: error: ld returned 1 exit status
make: *** [makefile:58: Stuck] Error 1
"make all" terminated with exit code 2. Build might be incomplete.
10:43:59 **** Incremental Build of configuration Debug for project Stuck ****
make all 
Building target: Stuck
Invoking: GCC C++ Linker
g++  -o "Stuck"  ./SimpleStuck.o ./SimpleStuckTest.o   
/usr/bin/ld: ./SimpleStuckTest.o: in function `main':
/home/yaron/eclipse-workspace/Stuck/Debug/../SimpleStuckTest.cpp:16: undefined reference to `hrd24::SimpleStuck<int>::SimpleStuck()'
/usr/bin/ld: /home/yaron/eclipse-workspace/Stuck/Debug/../SimpleStuckTest.cpp:21: undefined reference to `hrd24::SimpleStuck<int>::Push(int)'
/usr/bin/ld: /home/yaron/eclipse-workspace/Stuck/Debug/../SimpleStuckTest.cpp:24: undefined reference to `hrd24::SimpleStuck<int>::size()'
/usr/bin/ld: /home/yaron/eclipse-workspace/Stuck/Debug/../SimpleStuckTest.cpp:24: undefined reference to `hrd24::SimpleStuck<int>::Peek()'
/usr/bin/ld: /home/yaron/eclipse-workspace/Stuck/Debug/../SimpleStuckTest.cpp:30: undefined reference to `hrd24::SimpleStuck<int>::Pop()'
/usr/bin/ld: /home/yaron/eclipse-workspace/Stuck/Debug/../SimpleStuckTest.cpp:32: undefined reference to `hrd24::SimpleStuck<int>::size()'
/usr/bin/ld: /home/yaron/eclipse-workspace/Stuck/Debug/../SimpleStuckTest.cpp:32: undefined reference to `hrd24::SimpleStuck<int>::Peek()'
/usr/bin/ld: /home/yaron/eclipse-workspace/Stuck/Debug/../SimpleStuckTest.cpp:38: undefined reference to `hrd24::SimpleStuck<int>::Pop()'
/usr/bin/ld: /home/yaron/eclipse-workspace/Stuck/Debug/../SimpleStuckTest.cpp:39: undefined reference to `hrd24::SimpleStuck<int>::Pop()'
/usr/bin/ld: /home/yaron/eclipse-workspace/Stuck/Debug/../SimpleStuckTest.cpp:40: undefined reference to `hrd24::SimpleStuck<int>::Pop()'
/usr/bin/ld: /home/yaron/eclipse-workspace/Stuck/Debug/../SimpleStuckTest.cpp:42: undefined reference to `hrd24::SimpleStuck<int>::size()'
/usr/bin/ld: /home/yaron/eclipse-workspace/Stuck/Debug/../SimpleStuckTest.cpp:42: undefined reference to `hrd24::SimpleStuck<int>::IsEmpty()'
/usr/bin/ld: /home/yaron/eclipse-workspace/Stuck/Debug/../SimpleStuckTest.cpp:48: undefined reference to `hrd24::SimpleStuck<int>::Pop()'
/usr/bin/ld: /home/yaron/eclipse-workspace/Stuck/Debug/../SimpleStuckTest.cpp:49: undefined reference to `hrd24::SimpleStuck<int>::IsEmpty()'
/usr/bin/ld: /home/yaron/eclipse-workspace/Stuck/Debug/../SimpleStuckTest.cpp:16: undefined reference to `hrd24::SimpleStuck<int>::~SimpleStuck()'
/usr/bin/ld: /home/yaron/eclipse-workspace/Stuck/Debug/../SimpleStuckTest.cpp:16: undefined reference to `hrd24::SimpleStuck<int>::~SimpleStuck()'
collect2: error: ld returned 1 exit status
make: *** [makefile:58: Stuck] Error 1
"make all" terminated with exit code 2. Build might be incomplete.
10:46:16 **** Incremental Build of configuration Debug for project Stuck ****
make all 
Building file: ../SimpleStuckTest.cpp
Invoking: GCC C++ Compiler
g++ -O0 -g3 -Wall -c -fmessage-length=0 -MMD -MP -MF"SimpleStuckTest.d" -MT"SimpleStuckTest.o" -o "SimpleStuckTest.o" "../SimpleStuckTest.cpp"
../SimpleStuckTest.cpp: In function ‘int main()’:
../SimpleStuckTest.cpp:16:14: error: missing template arguments before ‘mystuck1’
   16 |  SimpleStuck mystuck1;
      |              ^~~~~~~~
../SimpleStuckTest.cpp:21:3: error: ‘mystuck1’ was not declared in this scope
   21 |   mystuck1.Push(i);
      |   ^~~~~~~~
../SimpleStuckTest.cpp:24:5: error: ‘mystuck1’ was not declared in this scope
   24 |  if(mystuck1.size() != 5 || mystuck1.Peek() != 4)
      |     ^~~~~~~~
../SimpleStuckTest.cpp:30:2: error: ‘mystuck1’ was not declared in this scope
   30 |  mystuck1.Pop();
      |  ^~~~~~~~
make: *** [subdir.mk:23: SimpleStuckTest.o] Error 1
"make all" terminated with exit code 2. Build might be incomplete.
10:46:30 **** Incremental Build of configuration Debug for project Stuck ****
make all 
Building file: ../SimpleStuckTest.cpp
Invoking: GCC C++ Compiler
g++ -O0 -g3 -Wall -c -fmessage-length=0 -MMD -MP -MF"SimpleStuckTest.d" -MT"SimpleStuckTest.o" -o "SimpleStuckTest.o" "../SimpleStuckTest.cpp"
Finished building: ../SimpleStuckTest.cpp
 
Building target: Stuck
Invoking: GCC C++ Linker
g++  -o "Stuck"  ./SimpleStuck.o ./SimpleStuckTest.o   
/usr/bin/ld: ./SimpleStuckTest.o: in function `main':
/home/yaron/eclipse-workspace/Stuck/Debug/../SimpleStuckTest.cpp:16: undefined reference to `hrd24::SimpleStuck<char>::SimpleStuck()'
/usr/bin/ld: /home/yaron/eclipse-workspace/Stuck/Debug/../SimpleStuckTest.cpp:21: undefined reference to `hrd24::SimpleStuck<char>::Push(char)'
/usr/bin/ld: /home/yaron/eclipse-workspace/Stuck/Debug/../SimpleStuckTest.cpp:24: undefined reference to `hrd24::SimpleStuck<char>::size()'
/usr/bin/ld: /home/yaron/eclipse-workspace/Stuck/Debug/../SimpleStuckTest.cpp:24: undefined reference to `hrd24::SimpleStuck<char>::Peek()'
/usr/bin/ld: /home/yaron/eclipse-workspace/Stuck/Debug/../SimpleStuckTest.cpp:30: undefined reference to `hrd24::SimpleStuck<char>::Pop()'
/usr/bin/ld: /home/yaron/eclipse-workspace/Stuck/Debug/../SimpleStuckTest.cpp:32: undefined reference to `hrd24::SimpleStuck<char>::size()'
/usr/bin/ld: /home/yaron/eclipse-workspace/Stuck/Debug/../SimpleStuckTest.cpp:32: undefined reference to `hrd24::SimpleStuck<char>::Peek()'
/usr/bin/ld: /home/yaron/eclipse-workspace/Stuck/Debug/../SimpleStuckTest.cpp:38: undefined reference to `hrd24::SimpleStuck<char>::Pop()'
/usr/bin/ld: /home/yaron/eclipse-workspace/Stuck/Debug/../SimpleStuckTest.cpp:39: undefined reference to `hrd24::SimpleStuck<char>::Pop()'
/usr/bin/ld: /home/yaron/eclipse-workspace/Stuck/Debug/../SimpleStuckTest.cpp:40: undefined reference to `hrd24::SimpleStuck<char>::Pop()'
/usr/bin/ld: /home/yaron/eclipse-workspace/Stuck/Debug/../SimpleStuckTest.cpp:42: undefined reference to `hrd24::SimpleStuck<char>::size()'
/usr/bin/ld: /home/yaron/eclipse-workspace/Stuck/Debug/../SimpleStuckTest.cpp:42: undefined reference to `hrd24::SimpleStuck<char>::IsEmpty()'
/usr/bin/ld: /home/yaron/eclipse-workspace/Stuck/Debug/../SimpleStuckTest.cpp:48: undefined reference to `hrd24::SimpleStuck<char>::Pop()'
/usr/bin/ld: /home/yaron/eclipse-workspace/Stuck/Debug/../SimpleStuckTest.cpp:49: undefined reference to `hrd24::SimpleStuck<char>::IsEmpty()'
/usr/bin/ld: /home/yaron/eclipse-workspace/Stuck/Debug/../SimpleStuckTest.cpp:16: undefined reference to `hrd24::SimpleStuck<char>::~SimpleStuck()'
/usr/bin/ld: /home/yaron/eclipse-workspace/Stuck/Debug/../SimpleStuckTest.cpp:16: undefined reference to `hrd24::SimpleStuck<char>::~SimpleStuck()'
collect2: error: ld returned 1 exit status
make: *** [makefile:58: Stuck] Error 1
"make all" terminated with exit code 2. Build might be incomplete.
10:47:14 **** Incremental Build of configuration Debug for project Stuck ****
make all 
Building file: ../SimpleStuck.cpp
Invoking: GCC C++ Compiler
g++ -O0 -g3 -Wall -c -fmessage-length=0 -MMD -MP -MF"SimpleStuck.d" -MT"SimpleStuck.o" -o "SimpleStuck.o" "../SimpleStuck.cpp"
Finished building: ../SimpleStuck.cpp
 
Building target: Stuck
Invoking: GCC C++ Linker
g++  -o "Stuck"  ./SimpleStuck.o ./SimpleStuckTest.o   
/usr/bin/ld: ./SimpleStuckTest.o: in function `main':
/home/yaron/eclipse-workspace/Stuck/Debug/../SimpleStuckTest.cpp:16: undefined reference to `hrd24::SimpleStuck<char>::SimpleStuck()'
/usr/bin/ld: /home/yaron/eclipse-workspace/Stuck/Debug/../SimpleStuckTest.cpp:21: undefined reference to `hrd24::SimpleStuck<char>::Push(char)'
/usr/bin/ld: /home/yaron/eclipse-workspace/Stuck/Debug/../SimpleStuckTest.cpp:24: undefined reference to `hrd24::SimpleStuck<char>::size()'
/usr/bin/ld: /home/yaron/eclipse-workspace/Stuck/Debug/../SimpleStuckTest.cpp:24: undefined reference to `hrd24::SimpleStuck<char>::Peek()'
/usr/bin/ld: /home/yaron/eclipse-workspace/Stuck/Debug/../SimpleStuckTest.cpp:30: undefined reference to `hrd24::SimpleStuck<char>::Pop()'
/usr/bin/ld: /home/yaron/eclipse-workspace/Stuck/Debug/../SimpleStuckTest.cpp:32: undefined reference to `hrd24::SimpleStuck<char>::size()'
/usr/bin/ld: /home/yaron/eclipse-workspace/Stuck/Debug/../SimpleStuckTest.cpp:32: undefined reference to `hrd24::SimpleStuck<char>::Peek()'
/usr/bin/ld: /home/yaron/eclipse-workspace/Stuck/Debug/../SimpleStuckTest.cpp:38: undefined reference to `hrd24::SimpleStuck<char>::Pop()'
/usr/bin/ld: /home/yaron/eclipse-workspace/Stuck/Debug/../SimpleStuckTest.cpp:39: undefined reference to `hrd24::SimpleStuck<char>::Pop()'
/usr/bin/ld: /home/yaron/eclipse-workspace/Stuck/Debug/../SimpleStuckTest.cpp:40: undefined reference to `hrd24::SimpleStuck<char>::Pop()'
/usr/bin/ld: /home/yaron/eclipse-workspace/Stuck/Debug/../SimpleStuckTest.cpp:42: undefined reference to `hrd24::SimpleStuck<char>::size()'
/usr/bin/ld: /home/yaron/eclipse-workspace/Stuck/Debug/../SimpleStuckTest.cpp:42: undefined reference to `hrd24::SimpleStuck<char>::IsEmpty()'
/usr/bin/ld: /home/yaron/eclipse-workspace/Stuck/Debug/../SimpleStuckTest.cpp:48: undefined reference to `hrd24::SimpleStuck<char>::Pop()'
/usr/bin/ld: /home/yaron/eclipse-workspace/Stuck/Debug/../SimpleStuckTest.cpp:49: undefined reference to `hrd24::SimpleStuck<char>::IsEmpty()'
/usr/bin/ld: /home/yaron/eclipse-workspace/Stuck/Debug/../SimpleStuckTest.cpp:16: undefined reference to `hrd24::SimpleStuck<char>::~SimpleStuck()'
/usr/bin/ld: /home/yaron/eclipse-workspace/Stuck/Debug/../SimpleStuckTest.cpp:16: undefined reference to `hrd24::SimpleStuck<char>::~SimpleStuck()'
collect2: error: ld returned 1 exit status
make: *** [makefile:58: Stuck] Error 1
"make all" terminated with exit code 2. Build might be incomplete.
10:47:50 **** Incremental Build of configuration Debug for project Stuck ****
make all 
Building file: ../SimpleStuck.cpp
Invoking: GCC C++ Compiler
g++ -O0 -g3 -Wall -c -fmessage-length=0 -MMD -MP -MF"SimpleStuck.d" -MT"SimpleStuck.o" -o "SimpleStuck.o" "../SimpleStuck.cpp"
Finished building: ../SimpleStuck.cpp
 
Building file: ../SimpleStuckTest.cpp
Invoking: GCC C++ Compiler
g++ -O0 -g3 -Wall -c -fmessage-length=0 -MMD -MP -MF"SimpleStuckTest.d" -MT"SimpleStuckTest.o" -o "SimpleStuckTest.o" "../SimpleStuckTest.cpp"
Finished building: ../SimpleStuckTest.cpp
 
Building target: Stuck
Invoking: GCC C++ Linker
g++  -o "Stuck"  ./SimpleStuck.o ./SimpleStuckTest.o   
Finished building target: Stuck
 
10:48:04 **** Incremental Build of configuration Debug for project Stuck ****
make all 
make: Nothing to be done for 'all'.
10:48:18 **** Incremental Build of configuration Debug for project Stuck ****
make all 
Building file: ../SimpleStuckTest.cpp
Invoking: GCC C++ Compiler
g++ -O0 -g3 -Wall -c -fmessage-length=0 -MMD -MP -MF"SimpleStuckTest.d" -MT"SimpleStuckTest.o" -o "SimpleStuckTest.o" "../SimpleStuckTest.cpp"
Finished building: ../SimpleStuckTest.cpp
 
Building target: Stuck
Invoking: GCC C++ Linker
g++  -o "Stuck"  ./SimpleStuck.o ./SimpleStuckTest.o   
Finished building target: Stuck
 
10:48:20 **** Incremental Build of configuration Debug for project Stuck ****
make all 
make: Nothing to be done for 'all'.
10:51:04 **** Incremental Build of configuration Debug for project Stuck ****
make all 
Building file: ../SimpleStuckTest.cpp
Invoking: GCC C++ Compiler
g++ -O0 -g3 -Wall -c -fmessage-length=0 -MMD -MP -MF"SimpleStuckTest.d" -MT"SimpleStuckTest.o" -o "SimpleStuckTest.o" "../SimpleStuckTest.cpp"
Finished building: ../SimpleStuckTest.cpp
 
Building target: Stuck
Invoking: GCC C++ Linker
g++  -o "Stuck"  ./SimpleStuck.o ./SimpleStuckTest.o   
Finished building target: Stuck
 
10:58:52 **** Incremental Build of configuration Debug for project Stuck ****
make all 
Building file: ../SimpleStuckTest.cpp
Invoking: GCC C++ Compiler
g++ -O0 -g3 -Wall -c -fmessage-length=0 -MMD -MP -MF"SimpleStuckTest.d" -MT"SimpleStuckTest.o" -o "SimpleStuckTest.o" "../SimpleStuckTest.cpp"
../SimpleStuckTest.cpp: In function ‘int main()’:
../SimpleStuckTest.cpp:18:6: error: invalid declaration of member template in local class
   18 |      template<typename T>
      |      ^~~~~~~~
../SimpleStuckTest.cpp:27:23: error: expected primary-expression before ‘.’ token
   27 |   mystuck1.Push(limits.min);
      |                       ^
In file included from ../SimpleStuckTest.cpp:8:
../SimpleStuck.h: In instantiation of ‘int hrd24::SimpleStuck<T>::Peek() [with T = main()::limits]’:
../SimpleStuckTest.cpp:30:43:   required from here
../SimpleStuck.h:62:22: error: cannot convert ‘__gnu_cxx::__alloc_traits<std::allocator<main()::limits>, main()::limits>::value_type’ {aka ‘main()::limits’} to ‘int’ in return
   62 |  return storage.back();
      |                      ^
make: *** [subdir.mk:23: SimpleStuckTest.o] Error 1
"make all" terminated with exit code 2. Build might be incomplete.
10:59:31 **** Incremental Build of configuration Debug for project Stuck ****
make all 
Building file: ../SimpleStuckTest.cpp
Invoking: GCC C++ Compiler
g++ -O0 -g3 -Wall -c -fmessage-length=0 -MMD -MP -MF"SimpleStuckTest.d" -MT"SimpleStuckTest.o" -o "SimpleStuckTest.o" "../SimpleStuckTest.cpp"
../SimpleStuckTest.cpp: In function ‘int main()’:
../SimpleStuckTest.cpp:18:6: error: invalid declaration of member template in local class
   18 |      template<typename T>
      |      ^~~~~~~~
../SimpleStuckTest.cpp:27:17: error: ‘T’ was not declared in this scope
   27 |   mystuck1.Push(T limits::min);
      |                 ^
In file included from ../SimpleStuckTest.cpp:8:
../SimpleStuck.h: In instantiation of ‘int hrd24::SimpleStuck<T>::Peek() [with T = main()::limits]’:
../SimpleStuckTest.cpp:30:43:   required from here
../SimpleStuck.h:62:22: error: cannot convert ‘__gnu_cxx::__alloc_traits<std::allocator<main()::limits>, main()::limits>::value_type’ {aka ‘main()::limits’} to ‘int’ in return
   62 |  return storage.back();
      |                      ^
make: *** [subdir.mk:23: SimpleStuckTest.o] Error 1
"make all" terminated with exit code 2. Build might be incomplete.
10:59:40 **** Incremental Build of configuration Debug for project Stuck ****
make all 
Building file: ../SimpleStuckTest.cpp
Invoking: GCC C++ Compiler
g++ -O0 -g3 -Wall -c -fmessage-length=0 -MMD -MP -MF"SimpleStuckTest.d" -MT"SimpleStuckTest.o" -o "SimpleStuckTest.o" "../SimpleStuckTest.cpp"
../SimpleStuckTest.cpp: In function ‘int main()’:
../SimpleStuckTest.cpp:18:6: error: invalid declaration of member template in local class
   18 |      template<typename T>
      |      ^~~~~~~~
../SimpleStuckTest.cpp:27:25: error: ‘min’ is not a member of ‘main()::limits’
   27 |   mystuck1.Push(limits::min);
      |                         ^~~
In file included from ../SimpleStuckTest.cpp:8:
../SimpleStuck.h: In instantiation of ‘int hrd24::SimpleStuck<T>::Peek() [with T = main()::limits]’:
../SimpleStuckTest.cpp:30:43:   required from here
../SimpleStuck.h:62:22: error: cannot convert ‘__gnu_cxx::__alloc_traits<std::allocator<main()::limits>, main()::limits>::value_type’ {aka ‘main()::limits’} to ‘int’ in return
   62 |  return storage.back();
      |                      ^
make: *** [subdir.mk:23: SimpleStuckTest.o] Error 1
"make all" terminated with exit code 2. Build might be incomplete.
10:59:56 **** Incremental Build of configuration Debug for project Stuck ****
make all 
Building file: ../SimpleStuckTest.cpp
Invoking: GCC C++ Compiler
g++ -O0 -g3 -Wall -c -fmessage-length=0 -MMD -MP -MF"SimpleStuckTest.d" -MT"SimpleStuckTest.o" -o "SimpleStuckTest.o" "../SimpleStuckTest.cpp"
../SimpleStuckTest.cpp: In function ‘int main()’:
../SimpleStuckTest.cpp:29:28: error: missing template arguments before ‘)’ token
   29 |   mystuck1.Push(limits::min);
      |                            ^
In file included from ../SimpleStuckTest.cpp:8:
../SimpleStuck.h: In instantiation of ‘int hrd24::SimpleStuck<T>::Peek() [with T = limits]’:
../SimpleStuckTest.cpp:32:43:   required from here
../SimpleStuck.h:62:22: error: cannot convert ‘__gnu_cxx::__alloc_traits<std::allocator<limits>, limits>::value_type’ {aka ‘limits’} to ‘int’ in return
   62 |  return storage.back();
      |                      ^
make: *** [subdir.mk:23: SimpleStuckTest.o] Error 1
"make all" terminated with exit code 2. Build might be incomplete.
11:00:12 **** Incremental Build of configuration Debug for project Stuck ****
make all 
Building file: ../SimpleStuckTest.cpp
Invoking: GCC C++ Compiler
g++ -O0 -g3 -Wall -c -fmessage-length=0 -MMD -MP -MF"SimpleStuckTest.d" -MT"SimpleStuckTest.o" -o "SimpleStuckTest.o" "../SimpleStuckTest.cpp"
../SimpleStuckTest.cpp: In function ‘int main()’:
../SimpleStuckTest.cpp:29:17: error: ‘limits’ is not a template
   29 |   mystuck1.Push(limits<T>::min);
      |                 ^~~~~~
../SimpleStuckTest.cpp:29:24: error: ‘T’ was not declared in this scope
   29 |   mystuck1.Push(limits<T>::min);
      |                        ^
../SimpleStuckTest.cpp:29:31: error: missing template arguments before ‘)’ token
   29 |   mystuck1.Push(limits<T>::min);
      |                               ^
In file included from ../SimpleStuckTest.cpp:8:
../SimpleStuck.h: In instantiation of ‘int hrd24::SimpleStuck<T>::Peek() [with T = limits]’:
../SimpleStuckTest.cpp:32:43:   required from here
../SimpleStuck.h:62:22: error: cannot convert ‘__gnu_cxx::__alloc_traits<std::allocator<limits>, limits>::value_type’ {aka ‘limits’} to ‘int’ in return
   62 |  return storage.back();
      |                      ^
make: *** [subdir.mk:23: SimpleStuckTest.o] Error 1
"make all" terminated with exit code 2. Build might be incomplete.
11:01:28 **** Incremental Build of configuration Debug for project Stuck ****
make all 
Building file: ../SimpleStuckTest.cpp
Invoking: GCC C++ Compiler
g++ -O0 -g3 -Wall -c -fmessage-length=0 -MMD -MP -MF"SimpleStuckTest.d" -MT"SimpleStuckTest.o" -o "SimpleStuckTest.o" "../SimpleStuckTest.cpp"
../SimpleStuckTest.cpp: In function ‘int main()’:
../SimpleStuckTest.cpp:22:2: error: a template declaration cannot appear at block scope
   22 |  template<typename T>
      |  ^~~~~~~~
../SimpleStuckTest.cpp:31:17: error: ‘T’ was not declared in this scope
   31 |   mystuck1.Push(T);
      |                 ^
In file included from ../SimpleStuckTest.cpp:8:
../SimpleStuck.h: In instantiation of ‘int hrd24::SimpleStuck<T>::Peek() [with T = limits]’:
../SimpleStuckTest.cpp:34:43:   required from here
../SimpleStuck.h:62:22: error: cannot convert ‘__gnu_cxx::__alloc_traits<std::allocator<limits>, limits>::value_type’ {aka ‘limits’} to ‘int’ in return
   62 |  return storage.back();
      |                      ^
make: *** [subdir.mk:23: SimpleStuckTest.o] Error 1
"make all" terminated with exit code 2. Build might be incomplete.
11:02:52 **** Incremental Build of configuration Debug for project Stuck ****
make all 
Building file: ../SimpleStuckTest.cpp
Invoking: GCC C++ Compiler
g++ -O0 -g3 -Wall -c -fmessage-length=0 -MMD -MP -MF"SimpleStuckTest.d" -MT"SimpleStuckTest.o" -o "SimpleStuckTest.o" "../SimpleStuckTest.cpp"
../SimpleStuckTest.cpp: In function ‘int main()’:
../SimpleStuckTest.cpp:30:22: error: cannot convert ‘const int’ to ‘limits’
   30 |   mystuck1.Push(T.min);
      |                      ^
In file included from ../SimpleStuckTest.cpp:8:
../SimpleStuck.h:50:51: note:   initializing argument 1 of ‘void hrd24::SimpleStuck<T>::Push(T) [with T = limits]’
   50 | template <typename T> void SimpleStuck<T>::Push(T num)
      |                                                 ~~^~~
../SimpleStuck.h: In instantiation of ‘int hrd24::SimpleStuck<T>::Peek() [with T = limits]’:
../SimpleStuckTest.cpp:33:43:   required from here
../SimpleStuck.h:62:22: error: cannot convert ‘__gnu_cxx::__alloc_traits<std::allocator<limits>, limits>::value_type’ {aka ‘limits’} to ‘int’ in return
   62 |  return storage.back();
      |                      ^
make: *** [subdir.mk:23: SimpleStuckTest.o] Error 1
"make all" terminated with exit code 2. Build might be incomplete.
11:03:17 **** Incremental Build of configuration Debug for project Stuck ****
make all 
Building file: ../SimpleStuckTest.cpp
Invoking: GCC C++ Compiler
g++ -O0 -g3 -Wall -c -fmessage-length=0 -MMD -MP -MF"SimpleStuckTest.d" -MT"SimpleStuckTest.o" -o "SimpleStuckTest.o" "../SimpleStuckTest.cpp"
../SimpleStuckTest.cpp: In function ‘int main()’:
../SimpleStuckTest.cpp:29:27: error: cannot convert ‘const int’ to ‘limits’
   29 |   mystuck1.Push(mydata.min);
      |                           ^
In file included from ../SimpleStuckTest.cpp:8:
../SimpleStuck.h:50:51: note:   initializing argument 1 of ‘void hrd24::SimpleStuck<T>::Push(T) [with T = limits]’
   50 | template <typename T> void SimpleStuck<T>::Push(T num)
      |                                                 ~~^~~
../SimpleStuck.h: In instantiation of ‘int hrd24::SimpleStuck<T>::Peek() [with T = limits]’:
../SimpleStuckTest.cpp:32:43:   required from here
../SimpleStuck.h:62:22: error: cannot convert ‘__gnu_cxx::__alloc_traits<std::allocator<limits>, limits>::value_type’ {aka ‘limits’} to ‘int’ in return
   62 |  return storage.back();
      |                      ^
make: *** [subdir.mk:23: SimpleStuckTest.o] Error 1
"make all" terminated with exit code 2. Build might be incomplete.
11:03:27 **** Incremental Build of configuration Debug for project Stuck ****
make all 
Building file: ../SimpleStuckTest.cpp
Invoking: GCC C++ Compiler
g++ -O0 -g3 -Wall -c -fmessage-length=0 -MMD -MP -MF"SimpleStuckTest.d" -MT"SimpleStuckTest.o" -o "SimpleStuckTest.o" "../SimpleStuckTest.cpp"
../SimpleStuckTest.cpp: In function ‘int main()’:
../SimpleStuckTest.cpp:29:27: error: cannot convert ‘int’ to ‘limits’
   29 |   mystuck1.Push(mydata.min);
      |                           ^
In file included from ../SimpleStuckTest.cpp:8:
../SimpleStuck.h:50:51: note:   initializing argument 1 of ‘void hrd24::SimpleStuck<T>::Push(T) [with T = limits]’
   50 | template <typename T> void SimpleStuck<T>::Push(T num)
      |                                                 ~~^~~
../SimpleStuck.h: In instantiation of ‘int hrd24::SimpleStuck<T>::Peek() [with T = limits]’:
../SimpleStuckTest.cpp:32:43:   required from here
../SimpleStuck.h:62:22: error: cannot convert ‘__gnu_cxx::__alloc_traits<std::allocator<limits>, limits>::value_type’ {aka ‘limits’} to ‘int’ in return
   62 |  return storage.back();
      |                      ^
make: *** [subdir.mk:23: SimpleStuckTest.o] Error 1
"make all" terminated with exit code 2. Build might be incomplete.
11:03:34 **** Incremental Build of configuration Debug for project Stuck ****
make all 
Building file: ../SimpleStuckTest.cpp
Invoking: GCC C++ Compiler
g++ -O0 -g3 -Wall -c -fmessage-length=0 -MMD -MP -MF"SimpleStuckTest.d" -MT"SimpleStuckTest.o" -o "SimpleStuckTest.o" "../SimpleStuckTest.cpp"
../SimpleStuckTest.cpp: In function ‘int main()’:
../SimpleStuckTest.cpp:29:24: error: cannot convert ‘int’ to ‘limits’
   29 |   mystuck1.Push(mydata.min);
      |                 ~~~~~~~^~~
      |                        |
      |                        int
In file included from ../SimpleStuckTest.cpp:8:
../SimpleStuck.h:50:51: note:   initializing argument 1 of ‘void hrd24::SimpleStuck<T>::Push(T) [with T = limits]’
   50 | template <typename T> void SimpleStuck<T>::Push(T num)
      |                                                 ~~^~~
../SimpleStuck.h: In instantiation of ‘int hrd24::SimpleStuck<T>::Peek() [with T = limits]’:
../SimpleStuckTest.cpp:32:43:   required from here
../SimpleStuck.h:62:22: error: cannot convert ‘__gnu_cxx::__alloc_traits<std::allocator<limits>, limits>::value_type’ {aka ‘limits’} to ‘int’ in return
   62 |  return storage.back();
      |                      ^
make: *** [subdir.mk:23: SimpleStuckTest.o] Error 1
"make all" terminated with exit code 2. Build might be incomplete.
11:04:59 **** Incremental Build of configuration Debug for project Stuck ****
make all 
Building file: ../SimpleStuckTest.cpp
Invoking: GCC C++ Compiler
g++ -O0 -g3 -Wall -c -fmessage-length=0 -MMD -MP -MF"SimpleStuckTest.d" -MT"SimpleStuckTest.o" -o "SimpleStuckTest.o" "../SimpleStuckTest.cpp"
In file included from ../SimpleStuckTest.cpp:8:
../SimpleStuck.h: In instantiation of ‘int hrd24::SimpleStuck<T>::Peek() [with T = limits]’:
../SimpleStuckTest.cpp:32:43:   required from here
../SimpleStuck.h:62:22: error: cannot convert ‘__gnu_cxx::__alloc_traits<std::allocator<limits>, limits>::value_type’ {aka ‘limits’} to ‘int’ in return
   62 |  return storage.back();
      |                      ^
make: *** [subdir.mk:23: SimpleStuckTest.o] Error 1
"make all" terminated with exit code 2. Build might be incomplete.
11:05:34 **** Incremental Build of configuration Debug for project Stuck ****
make all 
Building file: ../SimpleStuck.cpp
Invoking: GCC C++ Compiler
g++ -O0 -g3 -Wall -c -fmessage-length=0 -MMD -MP -MF"SimpleStuck.d" -MT"SimpleStuck.o" -o "SimpleStuck.o" "../SimpleStuck.cpp"
In file included from ../SimpleStuck.cpp:8:
../SimpleStuck.h:60:25: error: no declaration matches ‘T hrd24::SimpleStuck<T>::Peek()’
   60 | template <typename T> T SimpleStuck<T>::Peek()
      |                         ^~~~~~~~~~~~~~
../SimpleStuck.h:26:6: note: candidate is: ‘int hrd24::SimpleStuck<T>::Peek()’
   26 |  int Peek();
      |      ^~~~
../SimpleStuck.h:19:7: note: ‘class hrd24::SimpleStuck<T>’ defined here
   19 | class SimpleStuck {
      |       ^~~~~~~~~~~
make: *** [subdir.mk:23: SimpleStuck.o] Error 1
"make all" terminated with exit code 2. Build might be incomplete.
11:05:57 **** Incremental Build of configuration Debug for project Stuck ****
make all 
Building file: ../SimpleStuck.cpp
Invoking: GCC C++ Compiler
g++ -O0 -g3 -Wall -c -fmessage-length=0 -MMD -MP -MF"SimpleStuck.d" -MT"SimpleStuck.o" -o "SimpleStuck.o" "../SimpleStuck.cpp"
In file included from ../SimpleStuck.cpp:8:
../SimpleStuck.h:60:25: error: no declaration matches ‘T hrd24::SimpleStuck<T>::Peek()’
   60 | template <typename T> T SimpleStuck<T>::Peek()
      |                         ^~~~~~~~~~~~~~
../SimpleStuck.h:26:6: note: candidate is: ‘int hrd24::SimpleStuck<T>::Peek()’
   26 |  int Peek();
      |      ^~~~
../SimpleStuck.h:19:7: note: ‘class hrd24::SimpleStuck<T>’ defined here
   19 | class SimpleStuck {
      |       ^~~~~~~~~~~
make: *** [subdir.mk:23: SimpleStuck.o] Error 1
"make all" terminated with exit code 2. Build might be incomplete.
11:06:19 **** Incremental Build of configuration Debug for project Stuck ****
make all 
Building file: ../SimpleStuck.cpp
Invoking: GCC C++ Compiler
g++ -O0 -g3 -Wall -c -fmessage-length=0 -MMD -MP -MF"SimpleStuck.d" -MT"SimpleStuck.o" -o "SimpleStuck.o" "../SimpleStuck.cpp"
Finished building: ../SimpleStuck.cpp
 
Building file: ../SimpleStuckTest.cpp
Invoking: GCC C++ Compiler
g++ -O0 -g3 -Wall -c -fmessage-length=0 -MMD -MP -MF"SimpleStuckTest.d" -MT"SimpleStuckTest.o" -o "SimpleStuckTest.o" "../SimpleStuckTest.cpp"
../SimpleStuckTest.cpp: In function ‘int main()’:
../SimpleStuckTest.cpp:32:45: error: no match for ‘operator!=’ (operand types are ‘limits’ and ‘int’)
   32 |  if(mystuck1.size() != 5 || mystuck1.Peek() != 4)
      |                             ~~~~~~~~~~~~~~~ ^~ ~
      |                                          |     |
      |                                          |     int
      |                                          limits
In file included from /usr/include/c++/9/iosfwd:40,
                 from /usr/include/c++/9/ios:38,
                 from /usr/include/c++/9/ostream:38,
                 from /usr/include/c++/9/iostream:39,
                 from ../SimpleStuck.h:7,
                 from ../SimpleStuckTest.cpp:8:
/usr/include/c++/9/bits/postypes.h:227:5: note: candidate: ‘template<class _StateT> bool std::operator!=(const std::fpos<_StateT>&, const std::fpos<_StateT>&)’
  227 |     operator!=(const fpos<_StateT>& __lhs, const fpos<_StateT>& __rhs)
      |     ^~~~~~~~
/usr/include/c++/9/bits/postypes.h:227:5: note:   template argument deduction/substitution failed:
../SimpleStuckTest.cpp:32:48: note:   ‘limits’ is not derived from ‘const std::fpos<_StateT>’
   32 |  if(mystuck1.size() != 5 || mystuck1.Peek() != 4)
      |                                                ^
In file included from /usr/include/c++/9/bits/stl_algobase.h:64,
                 from /usr/include/c++/9/bits/char_traits.h:39,
                 from /usr/include/c++/9/ios:40,
                 from /usr/include/c++/9/ostream:38,
                 from /usr/include/c++/9/iostream:39,
                 from ../SimpleStuck.h:7,
                 from ../SimpleStuckTest.cpp:8:
/usr/include/c++/9/bits/stl_pair.h:461:5: note: candidate: ‘template<class _T1, class _T2> constexpr bool std::operator!=(const std::pair<_T1, _T2>&, const std::pair<_T1, _T2>&)’
  461 |     operator!=(const pair<_T1, _T2>& __x, const pair<_T1, _T2>& __y)
      |     ^~~~~~~~
/usr/include/c++/9/bits/stl_pair.h:461:5: note:   template argument deduction/substitution failed:
../SimpleStuckTest.cpp:32:48: note:   ‘limits’ is not derived from ‘const std::pair<_T1, _T2>’
   32 |  if(mystuck1.size() != 5 || mystuck1.Peek() != 4)
      |                                                ^
In file included from /usr/include/c++/9/bits/stl_algobase.h:67,
                 from /usr/include/c++/9/bits/char_traits.h:39,
                 from /usr/include/c++/9/ios:40,
                 from /usr/include/c++/9/ostream:38,
                 from /usr/include/c++/9/iostream:39,
                 from ../SimpleStuck.h:7,
                 from ../SimpleStuckTest.cpp:8:
/usr/include/c++/9/bits/stl_iterator.h:337:5: note: candidate: ‘template<class _Iterator> bool std::operator!=(const std::reverse_iterator<_Iterator>&, const std::reverse_iterator<_Iterator>&)’
  337 |     operator!=(const reverse_iterator<_Iterator>& __x,
      |     ^~~~~~~~
/usr/include/c++/9/bits/stl_iterator.h:337:5: note:   template argument deduction/substitution failed:
../SimpleStuckTest.cpp:32:48: note:   ‘limits’ is not derived from ‘const std::reverse_iterator<_Iterator>’
   32 |  if(mystuck1.size() != 5 || mystuck1.Peek() != 4)
      |                                                ^
In file included from /usr/include/c++/9/bits/stl_algobase.h:67,
                 from /usr/include/c++/9/bits/char_traits.h:39,
                 from /usr/include/c++/9/ios:40,
                 from /usr/include/c++/9/ostream:38,
                 from /usr/include/c++/9/iostream:39,
                 from ../SimpleStuck.h:7,
                 from ../SimpleStuckTest.cpp:8:
/usr/include/c++/9/bits/stl_iterator.h:375:5: note: candidate: ‘template<class _IteratorL, class _IteratorR> bool std::operator!=(const std::reverse_iterator<_Iterator>&, const std::reverse_iterator<_IteratorR>&)’
  375 |     operator!=(const reverse_iterator<_IteratorL>& __x,
      |     ^~~~~~~~
/usr/include/c++/9/bits/stl_iterator.h:375:5: note:   template argument deduction/substitution failed:
../SimpleStuckTest.cpp:32:48: note:   ‘limits’ is not derived from ‘const std::reverse_iterator<_Iterator>’
   32 |  if(mystuck1.size() != 5 || mystuck1.Peek() != 4)
      |                                                ^
In file included from /usr/include/c++/9/bits/stl_algobase.h:67,
                 from /usr/include/c++/9/bits/char_traits.h:39,
                 from /usr/include/c++/9/ios:40,
                 from /usr/include/c++/9/ostream:38,
                 from /usr/include/c++/9/iostream:39,
                 from ../SimpleStuck.h:7,
                 from ../SimpleStuckTest.cpp:8:
/usr/include/c++/9/bits/stl_iterator.h:1148:5: note: candidate: ‘template<class _IteratorL, class _IteratorR> bool std::operator!=(const std::move_iterator<_IteratorL>&, const std::move_iterator<_IteratorR>&)’
 1148 |     operator!=(const move_iterator<_IteratorL>& __x,
      |     ^~~~~~~~
/usr/include/c++/9/bits/stl_iterator.h:1148:5: note:   template argument deduction/substitution failed:
../SimpleStuckTest.cpp:32:48: note:   ‘limits’ is not derived from ‘const std::move_iterator<_IteratorL>’
   32 |  if(mystuck1.size() != 5 || mystuck1.Peek() != 4)
      |                                                ^
In file included from /usr/include/c++/9/bits/stl_algobase.h:67,
                 from /usr/include/c++/9/bits/char_traits.h:39,
                 from /usr/include/c++/9/ios:40,
                 from /usr/include/c++/9/ostream:38,
                 from /usr/include/c++/9/iostream:39,
                 from ../SimpleStuck.h:7,
                 from ../SimpleStuckTest.cpp:8:
/usr/include/c++/9/bits/stl_iterator.h:1154:5: note: candidate: ‘template<class _Iterator> bool std::operator!=(const std::move_iterator<_IteratorL>&, const std::move_iterator<_IteratorL>&)’
 1154 |     operator!=(const move_iterator<_Iterator>& __x,
      |     ^~~~~~~~
/usr/include/c++/9/bits/stl_iterator.h:1154:5: note:   template argument deduction/substitution failed:
../SimpleStuckTest.cpp:32:48: note:   ‘limits’ is not derived from ‘const std::move_iterator<_IteratorL>’
   32 |  if(mystuck1.size() != 5 || mystuck1.Peek() != 4)
      |                                                ^
In file included from /usr/include/c++/9/string:41,
                 from /usr/include/c++/9/bits/locale_classes.h:40,
                 from /usr/include/c++/9/bits/ios_base.h:41,
                 from /usr/include/c++/9/ios:42,
                 from /usr/include/c++/9/ostream:38,
                 from /usr/include/c++/9/iostream:39,
                 from ../SimpleStuck.h:7,
                 from ../SimpleStuckTest.cpp:8:
/usr/include/c++/9/bits/allocator.h:173:5: note: candidate: ‘template<class _T1, class _T2> bool std::operator!=(const std::allocator<_CharT>&, const std::allocator<_T2>&)’
  173 |     operator!=(const allocator<_T1>&, const allocator<_T2>&)
      |     ^~~~~~~~
/usr/include/c++/9/bits/allocator.h:173:5: note:   template argument deduction/substitution failed:
../SimpleStuckTest.cpp:32:48: note:   ‘limits’ is not derived from ‘const std::allocator<_CharT>’
   32 |  if(mystuck1.size() != 5 || mystuck1.Peek() != 4)
      |                                                ^
In file included from /usr/include/c++/9/string:55,
                 from /usr/include/c++/9/bits/locale_classes.h:40,
                 from /usr/include/c++/9/bits/ios_base.h:41,
                 from /usr/include/c++/9/ios:42,
                 from /usr/include/c++/9/ostream:38,
                 from /usr/include/c++/9/iostream:39,
                 from ../SimpleStuck.h:7,
                 from ../SimpleStuckTest.cpp:8:
/usr/include/c++/9/bits/basic_string.h:6191:5: note: candidate: ‘template<class _CharT, class _Traits, class _Alloc> bool std::operator!=(const std::__cxx11::basic_string<_CharT, _Traits, _Alloc>&, const std::__cxx11::basic_string<_CharT, _Traits, _Alloc>&)’
 6191 |     operator!=(const basic_string<_CharT, _Traits, _Alloc>& __lhs,
      |     ^~~~~~~~
/usr/include/c++/9/bits/basic_string.h:6191:5: note:   template argument deduction/substitution failed:
../SimpleStuckTest.cpp:32:48: note:   ‘limits’ is not derived from ‘const std::__cxx11::basic_string<_CharT, _Traits, _Alloc>’
   32 |  if(mystuck1.size() != 5 || mystuck1.Peek() != 4)
      |                                                ^
In file included from /usr/include/c++/9/string:55,
                 from /usr/include/c++/9/bits/locale_classes.h:40,
                 from /usr/include/c++/9/bits/ios_base.h:41,
                 from /usr/include/c++/9/ios:42,
                 from /usr/include/c++/9/ostream:38,
                 from /usr/include/c++/9/iostream:39,
                 from ../SimpleStuck.h:7,
                 from ../SimpleStuckTest.cpp:8:
/usr/include/c++/9/bits/basic_string.h:6204:5: note: candidate: ‘template<class _CharT, class _Traits, class _Alloc> bool std::operator!=(const _CharT*, const std::__cxx11::basic_string<_CharT, _Traits, _Alloc>&)’
 6204 |     operator!=(const _CharT* __lhs,
      |     ^~~~~~~~
/usr/include/c++/9/bits/basic_string.h:6204:5: note:   template argument deduction/substitution failed:
../SimpleStuckTest.cpp:32:48: note:   mismatched types ‘const _CharT*’ and ‘limits’
   32 |  if(mystuck1.size() != 5 || mystuck1.Peek() != 4)
      |                                                ^
In file included from /usr/include/c++/9/string:55,
                 from /usr/include/c++/9/bits/locale_classes.h:40,
                 from /usr/include/c++/9/bits/ios_base.h:41,
                 from /usr/include/c++/9/ios:42,
                 from /usr/include/c++/9/ostream:38,
                 from /usr/include/c++/9/iostream:39,
                 from ../SimpleStuck.h:7,
                 from ../SimpleStuckTest.cpp:8:
/usr/include/c++/9/bits/basic_string.h:6216:5: note: candidate: ‘template<class _CharT, class _Traits, class _Alloc> bool std::operator!=(const std::__cxx11::basic_string<_CharT, _Traits, _Alloc>&, const _CharT*)’
 6216 |     operator!=(const basic_string<_CharT, _Traits, _Alloc>& __lhs,
      |     ^~~~~~~~
/usr/include/c++/9/bits/basic_string.h:6216:5: note:   template argument deduction/substitution failed:
../SimpleStuckTest.cpp:32:48: note:   ‘limits’ is not derived from ‘const std::__cxx11::basic_string<_CharT, _Traits, _Alloc>’
   32 |  if(mystuck1.size() != 5 || mystuck1.Peek() != 4)
      |                                                ^
In file included from /usr/include/c++/9/bits/ios_base.h:46,
                 from /usr/include/c++/9/ios:42,
                 from /usr/include/c++/9/ostream:38,
                 from /usr/include/c++/9/iostream:39,
                 from ../SimpleStuck.h:7,
                 from ../SimpleStuckTest.cpp:8:
/usr/include/c++/9/system_error:319:3: note: candidate: ‘bool std::operator!=(const std::error_code&, const std::error_code&)’
  319 |   operator!=(const error_code& __lhs, const error_code& __rhs) noexcept
      |   ^~~~~~~~
/usr/include/c++/9/system_error:319:32: note:   no known conversion for argument 1 from ‘limits’ to ‘const std::error_code&’
  319 |   operator!=(const error_code& __lhs, const error_code& __rhs) noexcept
      |              ~~~~~~~~~~~~~~~~~~^~~~~
/usr/include/c++/9/system_error:323:3: note: candidate: ‘bool std::operator!=(const std::error_code&, const std::error_condition&)’
  323 |   operator!=(const error_code& __lhs, const error_condition& __rhs) noexcept
      |   ^~~~~~~~
/usr/include/c++/9/system_error:323:32: note:   no known conversion for argument 1 from ‘limits’ to ‘const std::error_code&’
  323 |   operator!=(const error_code& __lhs, const error_condition& __rhs) noexcept
      |              ~~~~~~~~~~~~~~~~~~^~~~~
/usr/include/c++/9/system_error:327:3: note: candidate: ‘bool std::operator!=(const std::error_condition&, const std::error_code&)’
  327 |   operator!=(const error_condition& __lhs, const error_code& __rhs) noexcept
      |   ^~~~~~~~
/usr/include/c++/9/system_error:327:37: note:   no known conversion for argument 1 from ‘limits’ to ‘const std::error_condition&’
  327 |   operator!=(const error_condition& __lhs, const error_code& __rhs) noexcept
      |              ~~~~~~~~~~~~~~~~~~~~~~~^~~~~
/usr/include/c++/9/system_error:331:3: note: candidate: ‘bool std::operator!=(const std::error_condition&, const std::error_condition&)’
  331 |   operator!=(const error_condition& __lhs,
      |   ^~~~~~~~
/usr/include/c++/9/system_error:331:37: note:   no known conversion for argument 1 from ‘limits’ to ‘const std::error_condition&’
  331 |   operator!=(const error_condition& __lhs,
      |              ~~~~~~~~~~~~~~~~~~~~~~~^~~~~
In file included from /usr/include/c++/9/bits/locale_facets.h:48,
                 from /usr/include/c++/9/bits/basic_ios.h:37,
                 from /usr/include/c++/9/ios:44,
                 from /usr/include/c++/9/ostream:38,
                 from /usr/include/c++/9/iostream:39,
                 from ../SimpleStuck.h:7,
                 from ../SimpleStuckTest.cpp:8:
/usr/include/c++/9/bits/streambuf_iterator.h:214:5: note: candidate: ‘template<class _CharT, class _Traits> bool std::operator!=(const std::istreambuf_iterator<_CharT, _Traits>&, const std::istreambuf_iterator<_CharT, _Traits>&)’
  214 |     operator!=(const istreambuf_iterator<_CharT, _Traits>& __a,
      |     ^~~~~~~~
/usr/include/c++/9/bits/streambuf_iterator.h:214:5: note:   template argument deduction/substitution failed:
../SimpleStuckTest.cpp:32:48: note:   ‘limits’ is not derived from ‘const std::istreambuf_iterator<_CharT, _Traits>’
   32 |  if(mystuck1.size() != 5 || mystuck1.Peek() != 4)
      |                                                ^
In file included from /usr/include/c++/9/list:63,
                 from ../SimpleStuck.h:8,
                 from ../SimpleStuckTest.cpp:8:
/usr/include/c++/9/bits/stl_list.h:2032:5: note: candidate: ‘template<class _Tp, class _Alloc> bool std::operator!=(const std::__cxx11::list<_Tp, _Alloc>&, const std::__cxx11::list<_Tp, _Alloc>&)’
 2032 |     operator!=(const list<_Tp, _Alloc>& __x, const list<_Tp, _Alloc>& __y)
      |     ^~~~~~~~
/usr/include/c++/9/bits/stl_list.h:2032:5: note:   template argument deduction/substitution failed:
../SimpleStuckTest.cpp:32:48: note:   ‘limits’ is not derived from ‘const std::__cxx11::list<_Tp, _Alloc>’
   32 |  if(mystuck1.size() != 5 || mystuck1.Peek() != 4)
      |                                                ^
../SimpleStuckTest.cpp:40:45: error: no match for ‘operator!=’ (operand types are ‘limits’ and ‘int’)
   40 |  if(mystuck1.size() != 4 || mystuck1.Peek() != 3)
      |                             ~~~~~~~~~~~~~~~ ^~ ~
      |                                          |     |
      |                                          |     int
      |                                          limits
In file included from /usr/include/c++/9/iosfwd:40,
                 from /usr/include/c++/9/ios:38,
                 from /usr/include/c++/9/ostream:38,
                 from /usr/include/c++/9/iostream:39,
                 from ../SimpleStuck.h:7,
                 from ../SimpleStuckTest.cpp:8:
/usr/include/c++/9/bits/postypes.h:227:5: note: candidate: ‘template<class _StateT> bool std::operator!=(const std::fpos<_StateT>&, const std::fpos<_StateT>&)’
  227 |     operator!=(const fpos<_StateT>& __lhs, const fpos<_StateT>& __rhs)
      |     ^~~~~~~~
/usr/include/c++/9/bits/postypes.h:227:5: note:   template argument deduction/substitution failed:
../SimpleStuckTest.cpp:40:48: note:   ‘limits’ is not derived from ‘const std::fpos<_StateT>’
   40 |  if(mystuck1.size() != 4 || mystuck1.Peek() != 3)
      |                                                ^
In file included from /usr/include/c++/9/bits/stl_algobase.h:64,
                 from /usr/include/c++/9/bits/char_traits.h:39,
                 from /usr/include/c++/9/ios:40,
                 from /usr/include/c++/9/ostream:38,
                 from /usr/include/c++/9/iostream:39,
                 from ../SimpleStuck.h:7,
                 from ../SimpleStuckTest.cpp:8:
/usr/include/c++/9/bits/stl_pair.h:461:5: note: candidate: ‘template<class _T1, class _T2> constexpr bool std::operator!=(const std::pair<_T1, _T2>&, const std::pair<_T1, _T2>&)’
  461 |     operator!=(const pair<_T1, _T2>& __x, const pair<_T1, _T2>& __y)
      |     ^~~~~~~~
/usr/include/c++/9/bits/stl_pair.h:461:5: note:   template argument deduction/substitution failed:
../SimpleStuckTest.cpp:40:48: note:   ‘limits’ is not derived from ‘const std::pair<_T1, _T2>’
   40 |  if(mystuck1.size() != 4 || mystuck1.Peek() != 3)
      |                                                ^
In file included from /usr/include/c++/9/bits/stl_algobase.h:67,
                 from /usr/include/c++/9/bits/char_traits.h:39,
                 from /usr/include/c++/9/ios:40,
                 from /usr/include/c++/9/ostream:38,
                 from /usr/include/c++/9/iostream:39,
                 from ../SimpleStuck.h:7,
                 from ../SimpleStuckTest.cpp:8:
/usr/include/c++/9/bits/stl_iterator.h:337:5: note: candidate: ‘template<class _Iterator> bool std::operator!=(const std::reverse_iterator<_Iterator>&, const std::reverse_iterator<_Iterator>&)’
  337 |     operator!=(const reverse_iterator<_Iterator>& __x,
      |     ^~~~~~~~
/usr/include/c++/9/bits/stl_iterator.h:337:5: note:   template argument deduction/substitution failed:
../SimpleStuckTest.cpp:40:48: note:   ‘limits’ is not derived from ‘const std::reverse_iterator<_Iterator>’
   40 |  if(mystuck1.size() != 4 || mystuck1.Peek() != 3)
      |                                                ^
In file included from /usr/include/c++/9/bits/stl_algobase.h:67,
                 from /usr/include/c++/9/bits/char_traits.h:39,
                 from /usr/include/c++/9/ios:40,
                 from /usr/include/c++/9/ostream:38,
                 from /usr/include/c++/9/iostream:39,
                 from ../SimpleStuck.h:7,
                 from ../SimpleStuckTest.cpp:8:
/usr/include/c++/9/bits/stl_iterator.h:375:5: note: candidate: ‘template<class _IteratorL, class _IteratorR> bool std::operator!=(const std::reverse_iterator<_Iterator>&, const std::reverse_iterator<_IteratorR>&)’
  375 |     operator!=(const reverse_iterator<_IteratorL>& __x,
      |     ^~~~~~~~
/usr/include/c++/9/bits/stl_iterator.h:375:5: note:   template argument deduction/substitution failed:
../SimpleStuckTest.cpp:40:48: note:   ‘limits’ is not derived from ‘const std::reverse_iterator<_Iterator>’
   40 |  if(mystuck1.size() != 4 || mystuck1.Peek() != 3)
      |                                                ^
In file included from /usr/include/c++/9/bits/stl_algobase.h:67,
                 from /usr/include/c++/9/bits/char_traits.h:39,
                 from /usr/include/c++/9/ios:40,
                 from /usr/include/c++/9/ostream:38,
                 from /usr/include/c++/9/iostream:39,
                 from ../SimpleStuck.h:7,
                 from ../SimpleStuckTest.cpp:8:
/usr/include/c++/9/bits/stl_iterator.h:1148:5: note: candidate: ‘template<class _IteratorL, class _IteratorR> bool std::operator!=(const std::move_iterator<_IteratorL>&, const std::move_iterator<_IteratorR>&)’
 1148 |     operator!=(const move_iterator<_IteratorL>& __x,
      |     ^~~~~~~~
/usr/include/c++/9/bits/stl_iterator.h:1148:5: note:   template argument deduction/substitution failed:
../SimpleStuckTest.cpp:40:48: note:   ‘limits’ is not derived from ‘const std::move_iterator<_IteratorL>’
   40 |  if(mystuck1.size() != 4 || mystuck1.Peek() != 3)
      |                                                ^
In file included from /usr/include/c++/9/bits/stl_algobase.h:67,
                 from /usr/include/c++/9/bits/char_traits.h:39,
                 from /usr/include/c++/9/ios:40,
                 from /usr/include/c++/9/ostream:38,
                 from /usr/include/c++/9/iostream:39,
                 from ../SimpleStuck.h:7,
                 from ../SimpleStuckTest.cpp:8:
/usr/include/c++/9/bits/stl_iterator.h:1154:5: note: candidate: ‘template<class _Iterator> bool std::operator!=(const std::move_iterator<_IteratorL>&, const std::move_iterator<_IteratorL>&)’
 1154 |     operator!=(const move_iterator<_Iterator>& __x,
      |     ^~~~~~~~
/usr/include/c++/9/bits/stl_iterator.h:1154:5: note:   template argument deduction/substitution failed:
../SimpleStuckTest.cpp:40:48: note:   ‘limits’ is not derived from ‘const std::move_iterator<_IteratorL>’
   40 |  if(mystuck1.size() != 4 || mystuck1.Peek() != 3)
      |                                                ^
In file included from /usr/include/c++/9/string:41,
                 from /usr/include/c++/9/bits/locale_classes.h:40,
                 from /usr/include/c++/9/bits/ios_base.h:41,
                 from /usr/include/c++/9/ios:42,
                 from /usr/include/c++/9/ostream:38,
                 from /usr/include/c++/9/iostream:39,
                 from ../SimpleStuck.h:7,
                 from ../SimpleStuckTest.cpp:8:
/usr/include/c++/9/bits/allocator.h:173:5: note: candidate: ‘template<class _T1, class _T2> bool std::operator!=(const std::allocator<_CharT>&, const std::allocator<_T2>&)’
  173 |     operator!=(const allocator<_T1>&, const allocator<_T2>&)
      |     ^~~~~~~~
/usr/include/c++/9/bits/allocator.h:173:5: note:   template argument deduction/substitution failed:
../SimpleStuckTest.cpp:40:48: note:   ‘limits’ is not derived from ‘const std::allocator<_CharT>’
   40 |  if(mystuck1.size() != 4 || mystuck1.Peek() != 3)
      |                                                ^
In file included from /usr/include/c++/9/string:55,
                 from /usr/include/c++/9/bits/locale_classes.h:40,
                 from /usr/include/c++/9/bits/ios_base.h:41,
                 from /usr/include/c++/9/ios:42,
                 from /usr/include/c++/9/ostream:38,
                 from /usr/include/c++/9/iostream:39,
                 from ../SimpleStuck.h:7,
                 from ../SimpleStuckTest.cpp:8:
/usr/include/c++/9/bits/basic_string.h:6191:5: note: candidate: ‘template<class _CharT, class _Traits, class _Alloc> bool std::operator!=(const std::__cxx11::basic_string<_CharT, _Traits, _Alloc>&, const std::__cxx11::basic_string<_CharT, _Traits, _Alloc>&)’
 6191 |     operator!=(const basic_string<_CharT, _Traits, _Alloc>& __lhs,
      |     ^~~~~~~~
/usr/include/c++/9/bits/basic_string.h:6191:5: note:   template argument deduction/substitution failed:
../SimpleStuckTest.cpp:40:48: note:   ‘limits’ is not derived from ‘const std::__cxx11::basic_string<_CharT, _Traits, _Alloc>’
   40 |  if(mystuck1.size() != 4 || mystuck1.Peek() != 3)
      |                                                ^
In file included from /usr/include/c++/9/string:55,
                 from /usr/include/c++/9/bits/locale_classes.h:40,
                 from /usr/include/c++/9/bits/ios_base.h:41,
                 from /usr/include/c++/9/ios:42,
                 from /usr/include/c++/9/ostream:38,
                 from /usr/include/c++/9/iostream:39,
                 from ../SimpleStuck.h:7,
                 from ../SimpleStuckTest.cpp:8:
/usr/include/c++/9/bits/basic_string.h:6204:5: note: candidate: ‘template<class _CharT, class _Traits, class _Alloc> bool std::operator!=(const _CharT*, const std::__cxx11::basic_string<_CharT, _Traits, _Alloc>&)’
 6204 |     operator!=(const _CharT* __lhs,
      |     ^~~~~~~~
/usr/include/c++/9/bits/basic_string.h:6204:5: note:   template argument deduction/substitution failed:
../SimpleStuckTest.cpp:40:48: note:   mismatched types ‘const _CharT*’ and ‘limits’
   40 |  if(mystuck1.size() != 4 || mystuck1.Peek() != 3)
      |                                                ^
In file included from /usr/include/c++/9/string:55,
                 from /usr/include/c++/9/bits/locale_classes.h:40,
                 from /usr/include/c++/9/bits/ios_base.h:41,
                 from /usr/include/c++/9/ios:42,
                 from /usr/include/c++/9/ostream:38,
                 from /usr/include/c++/9/iostream:39,
                 from ../SimpleStuck.h:7,
                 from ../SimpleStuckTest.cpp:8:
/usr/include/c++/9/bits/basic_string.h:6216:5: note: candidate: ‘template<class _CharT, class _Traits, class _Alloc> bool std::operator!=(const std::__cxx11::basic_string<_CharT, _Traits, _Alloc>&, const _CharT*)’
 6216 |     operator!=(const basic_string<_CharT, _Traits, _Alloc>& __lhs,
      |     ^~~~~~~~
/usr/include/c++/9/bits/basic_string.h:6216:5: note:   template argument deduction/substitution failed:
../SimpleStuckTest.cpp:40:48: note:   ‘limits’ is not derived from ‘const std::__cxx11::basic_string<_CharT, _Traits, _Alloc>’
   40 |  if(mystuck1.size() != 4 || mystuck1.Peek() != 3)
      |                                                ^
In file included from /usr/include/c++/9/bits/ios_base.h:46,
                 from /usr/include/c++/9/ios:42,
                 from /usr/include/c++/9/ostream:38,
                 from /usr/include/c++/9/iostream:39,
                 from ../SimpleStuck.h:7,
                 from ../SimpleStuckTest.cpp:8:
/usr/include/c++/9/system_error:319:3: note: candidate: ‘bool std::operator!=(const std::error_code&, const std::error_code&)’
  319 |   operator!=(const error_code& __lhs, const error_code& __rhs) noexcept
      |   ^~~~~~~~
/usr/include/c++/9/system_error:319:32: note:   no known conversion for argument 1 from ‘limits’ to ‘const std::error_code&’
  319 |   operator!=(const error_code& __lhs, const error_code& __rhs) noexcept
      |              ~~~~~~~~~~~~~~~~~~^~~~~
/usr/include/c++/9/system_error:323:3: note: candidate: ‘bool std::operator!=(const std::error_code&, const std::error_condition&)’
  323 |   operator!=(const error_code& __lhs, const error_condition& __rhs) noexcept
      |   ^~~~~~~~
/usr/include/c++/9/system_error:323:32: note:   no known conversion for argument 1 from ‘limits’ to ‘const std::error_code&’
  323 |   operator!=(const error_code& __lhs, const error_condition& __rhs) noexcept
      |              ~~~~~~~~~~~~~~~~~~^~~~~
/usr/include/c++/9/system_error:327:3: note: candidate: ‘bool std::operator!=(const std::error_condition&, const std::error_code&)’
  327 |   operator!=(const error_condition& __lhs, const error_code& __rhs) noexcept
      |   ^~~~~~~~
/usr/include/c++/9/system_error:327:37: note:   no known conversion for argument 1 from ‘limits’ to ‘const std::error_condition&’
  327 |   operator!=(const error_condition& __lhs, const error_code& __rhs) noexcept
      |              ~~~~~~~~~~~~~~~~~~~~~~~^~~~~
/usr/include/c++/9/system_error:331:3: note: candidate: ‘bool std::operator!=(const std::error_condition&, const std::error_condition&)’
  331 |   operator!=(const error_condition& __lhs,
      |   ^~~~~~~~
/usr/include/c++/9/system_error:331:37: note:   no known conversion for argument 1 from ‘limits’ to ‘const std::error_condition&’
  331 |   operator!=(const error_condition& __lhs,
      |              ~~~~~~~~~~~~~~~~~~~~~~~^~~~~
In file included from /usr/include/c++/9/bits/locale_facets.h:48,
                 from /usr/include/c++/9/bits/basic_ios.h:37,
                 from /usr/include/c++/9/ios:44,
                 from /usr/include/c++/9/ostream:38,
                 from /usr/include/c++/9/iostream:39,
                 from ../SimpleStuck.h:7,
                 from ../SimpleStuckTest.cpp:8:
/usr/include/c++/9/bits/streambuf_iterator.h:214:5: note: candidate: ‘template<class _CharT, class _Traits> bool std::operator!=(const std::istreambuf_iterator<_CharT, _Traits>&, const std::istreambuf_iterator<_CharT, _Traits>&)’
  214 |     operator!=(const istreambuf_iterator<_CharT, _Traits>& __a,
      |     ^~~~~~~~
/usr/include/c++/9/bits/streambuf_iterator.h:214:5: note:   template argument deduction/substitution failed:
../SimpleStuckTest.cpp:40:48: note:   ‘limits’ is not derived from ‘const std::istreambuf_iterator<_CharT, _Traits>’
   40 |  if(mystuck1.size() != 4 || mystuck1.Peek() != 3)
      |                                                ^
In file included from /usr/include/c++/9/list:63,
                 from ../SimpleStuck.h:8,
                 from ../SimpleStuckTest.cpp:8:
/usr/include/c++/9/bits/stl_list.h:2032:5: note: candidate: ‘template<class _Tp, class _Alloc> bool std::operator!=(const std::__cxx11::list<_Tp, _Alloc>&, const std::__cxx11::list<_Tp, _Alloc>&)’
 2032 |     operator!=(const list<_Tp, _Alloc>& __x, const list<_Tp, _Alloc>& __y)
      |     ^~~~~~~~
/usr/include/c++/9/bits/stl_list.h:2032:5: note:   template argument deduction/substitution failed:
../SimpleStuckTest.cpp:40:48: note:   ‘limits’ is not derived from ‘const std::__cxx11::list<_Tp, _Alloc>’
   40 |  if(mystuck1.size() != 4 || mystuck1.Peek() != 3)
      |                                                ^
make: *** [subdir.mk:23: SimpleStuckTest.o] Error 1
"make all" terminated with exit code 2. Build might be incomplete.
11:07:54 **** Incremental Build of configuration Debug for project Stuck ****
make all 
Building file: ../SimpleStuckTest.cpp
Invoking: GCC C++ Compiler
g++ -O0 -g3 -Wall -c -fmessage-length=0 -MMD -MP -MF"SimpleStuckTest.d" -MT"SimpleStuckTest.o" -o "SimpleStuckTest.o" "../SimpleStuckTest.cpp"
Finished building: ../SimpleStuckTest.cpp
 
Building target: Stuck
Invoking: GCC C++ Linker
g++  -o "Stuck"  ./SimpleStuck.o ./SimpleStuckTest.o   
Finished building target: Stuck
 
11:08:00 **** Incremental Build of configuration Debug for project Stuck ****
make all 
make: Nothing to be done for 'all'.
11:08:25 **** Incremental Build of configuration Debug for project Stuck ****
make all 
Building file: ../SimpleStuckTest.cpp
Invoking: GCC C++ Compiler
g++ -O0 -g3 -Wall -c -fmessage-length=0 -MMD -MP -MF"SimpleStuckTest.d" -MT"SimpleStuckTest.o" -o "SimpleStuckTest.o" "../SimpleStuckTest.cpp"
Finished building: ../SimpleStuckTest.cpp
 
Building target: Stuck
Invoking: GCC C++ Linker
g++  -o "Stuck"  ./SimpleStuck.o ./SimpleStuckTest.o   
Finished building target: Stuck
 
11:08:28 **** Incremental Build of configuration Debug for project Stuck ****
make all 
make: Nothing to be done for 'all'.
11:08:46 **** Incremental Build of configuration Debug for project Stuck ****
make all 
Building file: ../SimpleStuckTest.cpp
Invoking: GCC C++ Compiler
g++ -O0 -g3 -Wall -c -fmessage-length=0 -MMD -MP -MF"SimpleStuckTest.d" -MT"SimpleStuckTest.o" -o "SimpleStuckTest.o" "../SimpleStuckTest.cpp"
Finished building: ../SimpleStuckTest.cpp
 
Building target: Stuck
Invoking: GCC C++ Linker
g++  -o "Stuck"  ./SimpleStuck.o ./SimpleStuckTest.o   
Finished building target: Stuck
 
11:10:53 **** Incremental Build of configuration Debug for project Stuck ****
make all 
Building file: ../SimpleStuckTest.cpp
Invoking: GCC C++ Compiler
g++ -O0 -g3 -Wall -c -fmessage-length=0 -MMD -MP -MF"SimpleStuckTest.d" -MT"SimpleStuckTest.o" -o "SimpleStuckTest.o" "../SimpleStuckTest.cpp"
Finished building: ../SimpleStuckTest.cpp
 
Building target: Stuck
Invoking: GCC C++ Linker
g++  -o "Stuck"  ./SimpleStuck.o ./SimpleStuckTest.o   
Finished building target: Stuck
 
11:10:55 **** Incremental Build of configuration Debug for project Stuck ****
make all 
make: Nothing to be done for 'all'.
11:13:20 **** Incremental Build of configuration Debug for project Stuck ****
make all 
Building file: ../SimpleStuckTest.cpp
Invoking: GCC C++ Compiler
g++ -O0 -g3 -Wall -c -fmessage-length=0 -MMD -MP -MF"SimpleStuckTest.d" -MT"SimpleStuckTest.o" -o "SimpleStuckTest.o" "../SimpleStuckTest.cpp"
../SimpleStuckTest.cpp: In function ‘int main()’:
../SimpleStuckTest.cpp:30:24: error: cannot convert ‘int’ to ‘limits’
   30 |   mystuck1.Push(mydata.min);
      |                 ~~~~~~~^~~
      |                        |
      |                        int
In file included from ../SimpleStuckTest.cpp:8:
../SimpleStuck.h:50:51: note:   initializing argument 1 of ‘void hrd24::SimpleStuck<T>::Push(T) [with T = limits]’
   50 | template <typename T> void SimpleStuck<T>::Push(T num)
      |                                                 ~~^~~
make: *** [subdir.mk:23: SimpleStuckTest.o] Error 1
"make all" terminated with exit code 2. Build might be incomplete.
11:13:34 **** Incremental Build of configuration Debug for project Stuck ****
make all 
Building file: ../SimpleStuckTest.cpp
Invoking: GCC C++ Compiler
g++ -O0 -g3 -Wall -c -fmessage-length=0 -MMD -MP -MF"SimpleStuckTest.d" -MT"SimpleStuckTest.o" -o "SimpleStuckTest.o" "../SimpleStuckTest.cpp"
Finished building: ../SimpleStuckTest.cpp
 
Building target: Stuck
Invoking: GCC C++ Linker
g++  -o "Stuck"  ./SimpleStuck.o ./SimpleStuckTest.o   
Finished building target: Stuck
 
11:13:37 **** Incremental Build of configuration Debug for project Stuck ****
make all 
make: Nothing to be done for 'all'.
11:14:06 **** Incremental Build of configuration Debug for project Stuck ****
make all 
Building file: ../SimpleStuckTest.cpp
Invoking: GCC C++ Compiler
g++ -O0 -g3 -Wall -c -fmessage-length=0 -MMD -MP -MF"SimpleStuckTest.d" -MT"SimpleStuckTest.o" -o "SimpleStuckTest.o" "../SimpleStuckTest.cpp"
Finished building: ../SimpleStuckTest.cpp
 
Building target: Stuck
Invoking: GCC C++ Linker
g++  -o "Stuck"  ./SimpleStuck.o ./SimpleStuckTest.o   
Finished building target: Stuck
 
11:14:08 **** Incremental Build of configuration Debug for project Stuck ****
make all 
make: Nothing to be done for 'all'.
11:14:13 **** Incremental Build of configuration Debug for project Stuck ****
make all 
Building file: ../SimpleStuckTest.cpp
Invoking: GCC C++ Compiler
g++ -O0 -g3 -Wall -c -fmessage-length=0 -MMD -MP -MF"SimpleStuckTest.d" -MT"SimpleStuckTest.o" -o "SimpleStuckTest.o" "../SimpleStuckTest.cpp"
Finished building: ../SimpleStuckTest.cpp
 
Building target: Stuck
Invoking: GCC C++ Linker
g++  -o "Stuck"  ./SimpleStuck.o ./SimpleStuckTest.o   
Finished building target: Stuck
 
11:14:16 **** Incremental Build of configuration Debug for project Stuck ****
make all 
make: Nothing to be done for 'all'.
11:14:35 **** Incremental Build of configuration Debug for project Stuck ****
make all 
Building file: ../SimpleStuckTest.cpp
Invoking: GCC C++ Compiler
g++ -O0 -g3 -Wall -c -fmessage-length=0 -MMD -MP -MF"SimpleStuckTest.d" -MT"SimpleStuckTest.o" -o "SimpleStuckTest.o" "../SimpleStuckTest.cpp"
Finished building: ../SimpleStuckTest.cpp
 
Building target: Stuck
Invoking: GCC C++ Linker
g++  -o "Stuck"  ./SimpleStuck.o ./SimpleStuckTest.o   
Finished building target: Stuck
 
11:14:42 **** Incremental Build of configuration Debug for project Stuck ****
make all 
make: Nothing to be done for 'all'.
11:14:58 **** Incremental Build of configuration Debug for project Stuck ****
make all 
make: Nothing to be done for 'all'.
11:15:00 **** Incremental Build of configuration Debug for project Stuck ****
make all 
make: Nothing to be done for 'all'.
11:17:12 **** Incremental Build of configuration Debug for project Stuck ****
make all 
Building file: ../SimpleStuckTest.cpp
Invoking: GCC C++ Compiler
g++ -O0 -g3 -Wall -c -fmessage-length=0 -MMD -MP -MF"SimpleStuckTest.d" -MT"SimpleStuckTest.o" -o "SimpleStuckTest.o" "../SimpleStuckTest.cpp"
Finished building: ../SimpleStuckTest.cpp
 
Building target: Stuck
Invoking: GCC C++ Linker
g++  -o "Stuck"  ./SimpleStuck.o ./SimpleStuckTest.o   
Finished building target: Stuck
 
11:17:14 **** Incremental Build of configuration Debug for project Stuck ****
make all 
make: Nothing to be done for 'all'.
